2016-03-22 00:08:06 [DEBUG] [eatsslim-01201603220008068d2a9267e05a5e7718d82c8bdd29518595f99b1b] LGD_TXID = eatsslim-01201603220008068d2a9267e05a5e7718d82c8bdd29518595f99b1b
2016-03-22 00:08:06 [DEBUG] [eatsslim-01201603220008068d2a9267e05a5e7718d82c8bdd29518595f99b1b] LGD_AUTHCODE = 528f25c14076419791ca2efd1ac7bfdf5c1cb5fd
2016-03-22 00:08:06 [DEBUG] [eatsslim-01201603220008068d2a9267e05a5e7718d82c8bdd29518595f99b1b] LGD_MID = eatsslim
2016-03-22 00:08:06 [DEBUG] [eatsslim-01201603220008068d2a9267e05a5e7718d82c8bdd29518595f99b1b] LGD_TXNAME = PaymentByKey
2016-03-22 00:08:06 [DEBUG] [eatsslim-01201603220008068d2a9267e05a5e7718d82c8bdd29518595f99b1b] LGD_PAYKEY = 201603220008064A19DD0E7F5143D71E8AD6F1BFC6F4213B67876D
2016-03-22 00:08:07 [DEBUG] [eatsslim-01201603220008068d2a9267e05a5e7718d82c8bdd29518595f99b1b] HTTP Status Code = 200
2016-03-22 00:08:07 [DEBUG] [eatsslim-01201603220008068d2a9267e05a5e7718d82c8bdd29518595f99b1b] HTTP Content-Type = application/json
2016-03-22 00:08:07 [DEBUG] [eatsslim-01201603220008068d2a9267e05a5e7718d82c8bdd29518595f99b1b] HTTP Response = 









{"LGD_RESPCODE":"0000","LGD_RESPMSG":"결제성공","LGD_RESPONSE":[{"LGD_CARDACQUIRER":"41","LGD_CARDNOINTEREST_YN":"1","LGD_IFOS":"3ETC0S","LGD_MID":"eatsslim","LGD_FINANCENAME":"신한VISA","LGD_PCANCELFLAG":"1","LGD_FINANCEAUTHNUM":"32114466","LGD_DELIVERYINFO":"","LGD_BUYER":"한항은","LGD_AFFILIATECODE":"ALG04O","LGD_TRANSAMOUNT":"69000","LGD_BUYERID":"","LGD_OID":"ESS160322000459001","LGD_CARDNUM":"465887******1355","LGD_RECEIVERPHONE":"","LGD_2TR_FLAG":"Y","LGD_DEVICE":"SM-G930K","LGD_TID":"eatss2016032200080693699","LGD_TIMESTAMP":"20160322000807","LGD_FINANCECODE":"41100","LGD_CARDNOINTYN":"0","LGD_PCANCELSTR":"0","LGD_DISCOUNTUSEYN":"0","LGD_BUYERPHONE":"","LGD_ESCROWYN":"N","LGD_PAYTYPE":"SC0010","LGD_AMOUNT":"69000","LGD_VANCODE":"van0003","LGD_EXCHANGERATE":"1.0","LGD_BUYERSSN":"","LGD_CARDINSTALLMONTH":"03","LGD_RESPMSG":"결제성공","LGD_PAYDATE":"20160322000807","LGD_PRODUCTINFO":"알라까르떼 슬림","LGD_PRODUCTCODE":"","LGD_HASHDATA":"c1b243fbe4a7cae80e3b161db389aca4","LGD_CARDGUBUN1":"0","LGD_CARDGUBUN2":"0","LGD_BUYERADDRESS":"","LGD_RECEIVER":"","LGD_RESPCODE":"0000","LGD_BUYEREMAIL":"nereid0302@hotmail.com","LGD_DISCOUNTUSEAMOUNT":"0"}]}

2016-03-22 00:08:07 [DEBUG] [eatsslim-01201603220008068d2a9267e05a5e7718d82c8bdd29518595f99b1b] LGD_CARDACQUIRER = 
2016-03-22 00:08:07 [DEBUG] [eatsslim-01201603220008068d2a9267e05a5e7718d82c8bdd29518595f99b1b] 	41
2016-03-22 00:08:07 [DEBUG] [eatsslim-01201603220008068d2a9267e05a5e7718d82c8bdd29518595f99b1b] LGD_MID = 
2016-03-22 00:08:07 [DEBUG] [eatsslim-01201603220008068d2a9267e05a5e7718d82c8bdd29518595f99b1b] 	eatsslim
2016-03-22 00:08:07 [DEBUG] [eatsslim-01201603220008068d2a9267e05a5e7718d82c8bdd29518595f99b1b] LGD_IFOS = 
2016-03-22 00:08:07 [DEBUG] [eatsslim-01201603220008068d2a9267e05a5e7718d82c8bdd29518595f99b1b] 	3ETC0S
2016-03-22 00:08:07 [DEBUG] [eatsslim-01201603220008068d2a9267e05a5e7718d82c8bdd29518595f99b1b] LGD_CARDNOINTEREST_YN = 
2016-03-22 00:08:07 [DEBUG] [eatsslim-01201603220008068d2a9267e05a5e7718d82c8bdd29518595f99b1b] 	1
2016-03-22 00:08:07 [DEBUG] [eatsslim-01201603220008068d2a9267e05a5e7718d82c8bdd29518595f99b1b] LGD_FINANCENAME = 
2016-03-22 00:08:07 [DEBUG] [eatsslim-01201603220008068d2a9267e05a5e7718d82c8bdd29518595f99b1b] 	신한VISA
2016-03-22 00:08:07 [DEBUG] [eatsslim-01201603220008068d2a9267e05a5e7718d82c8bdd29518595f99b1b] LGD_FINANCEAUTHNUM = 
2016-03-22 00:08:07 [DEBUG] [eatsslim-01201603220008068d2a9267e05a5e7718d82c8bdd29518595f99b1b] 	32114466
2016-03-22 00:08:07 [DEBUG] [eatsslim-01201603220008068d2a9267e05a5e7718d82c8bdd29518595f99b1b] LGD_PCANCELFLAG = 
2016-03-22 00:08:07 [DEBUG] [eatsslim-01201603220008068d2a9267e05a5e7718d82c8bdd29518595f99b1b] 	1
2016-03-22 00:08:07 [DEBUG] [eatsslim-01201603220008068d2a9267e05a5e7718d82c8bdd29518595f99b1b] LGD_DELIVERYINFO = 
2016-03-22 00:08:07 [DEBUG] [eatsslim-01201603220008068d2a9267e05a5e7718d82c8bdd29518595f99b1b] 	
2016-03-22 00:08:07 [DEBUG] [eatsslim-01201603220008068d2a9267e05a5e7718d82c8bdd29518595f99b1b] LGD_BUYER = 
2016-03-22 00:08:07 [DEBUG] [eatsslim-01201603220008068d2a9267e05a5e7718d82c8bdd29518595f99b1b] 	한항은
2016-03-22 00:08:07 [DEBUG] [eatsslim-01201603220008068d2a9267e05a5e7718d82c8bdd29518595f99b1b] LGD_AFFILIATECODE = 
2016-03-22 00:08:07 [DEBUG] [eatsslim-01201603220008068d2a9267e05a5e7718d82c8bdd29518595f99b1b] 	ALG04O
2016-03-22 00:08:07 [DEBUG] [eatsslim-01201603220008068d2a9267e05a5e7718d82c8bdd29518595f99b1b] LGD_TRANSAMOUNT = 
2016-03-22 00:08:07 [DEBUG] [eatsslim-01201603220008068d2a9267e05a5e7718d82c8bdd29518595f99b1b] 	69000
2016-03-22 00:08:07 [DEBUG] [eatsslim-01201603220008068d2a9267e05a5e7718d82c8bdd29518595f99b1b] LGD_BUYERID = 
2016-03-22 00:08:07 [DEBUG] [eatsslim-01201603220008068d2a9267e05a5e7718d82c8bdd29518595f99b1b] 	
2016-03-22 00:08:07 [DEBUG] [eatsslim-01201603220008068d2a9267e05a5e7718d82c8bdd29518595f99b1b] LGD_OID = 
2016-03-22 00:08:07 [DEBUG] [eatsslim-01201603220008068d2a9267e05a5e7718d82c8bdd29518595f99b1b] 	ESS160322000459001
2016-03-22 00:08:07 [DEBUG] [eatsslim-01201603220008068d2a9267e05a5e7718d82c8bdd29518595f99b1b] LGD_CARDNUM = 
2016-03-22 00:08:07 [DEBUG] [eatsslim-01201603220008068d2a9267e05a5e7718d82c8bdd29518595f99b1b] 	465887******1355
2016-03-22 00:08:07 [DEBUG] [eatsslim-01201603220008068d2a9267e05a5e7718d82c8bdd29518595f99b1b] LGD_RECEIVERPHONE = 
2016-03-22 00:08:07 [DEBUG] [eatsslim-01201603220008068d2a9267e05a5e7718d82c8bdd29518595f99b1b] 	
2016-03-22 00:08:07 [DEBUG] [eatsslim-01201603220008068d2a9267e05a5e7718d82c8bdd29518595f99b1b] LGD_2TR_FLAG = 
2016-03-22 00:08:07 [DEBUG] [eatsslim-01201603220008068d2a9267e05a5e7718d82c8bdd29518595f99b1b] 	Y
2016-03-22 00:08:07 [DEBUG] [eatsslim-01201603220008068d2a9267e05a5e7718d82c8bdd29518595f99b1b] LGD_DEVICE = 
2016-03-22 00:08:07 [DEBUG] [eatsslim-01201603220008068d2a9267e05a5e7718d82c8bdd29518595f99b1b] 	SM-G930K
2016-03-22 00:08:07 [DEBUG] [eatsslim-01201603220008068d2a9267e05a5e7718d82c8bdd29518595f99b1b] LGD_TID = 
2016-03-22 00:08:07 [DEBUG] [eatsslim-01201603220008068d2a9267e05a5e7718d82c8bdd29518595f99b1b] 	eatss2016032200080693699
2016-03-22 00:08:07 [DEBUG] [eatsslim-01201603220008068d2a9267e05a5e7718d82c8bdd29518595f99b1b] LGD_TIMESTAMP = 
2016-03-22 00:08:07 [DEBUG] [eatsslim-01201603220008068d2a9267e05a5e7718d82c8bdd29518595f99b1b] 	20160322000807
2016-03-22 00:08:07 [DEBUG] [eatsslim-01201603220008068d2a9267e05a5e7718d82c8bdd29518595f99b1b] LGD_FINANCECODE = 
2016-03-22 00:08:07 [DEBUG] [eatsslim-01201603220008068d2a9267e05a5e7718d82c8bdd29518595f99b1b] 	41100
2016-03-22 00:08:07 [DEBUG] [eatsslim-01201603220008068d2a9267e05a5e7718d82c8bdd29518595f99b1b] LGD_CARDNOINTYN = 
2016-03-22 00:08:07 [DEBUG] [eatsslim-01201603220008068d2a9267e05a5e7718d82c8bdd29518595f99b1b] 	0
2016-03-22 00:08:07 [DEBUG] [eatsslim-01201603220008068d2a9267e05a5e7718d82c8bdd29518595f99b1b] LGD_PCANCELSTR = 
2016-03-22 00:08:07 [DEBUG] [eatsslim-01201603220008068d2a9267e05a5e7718d82c8bdd29518595f99b1b] 	0
2016-03-22 00:08:07 [DEBUG] [eatsslim-01201603220008068d2a9267e05a5e7718d82c8bdd29518595f99b1b] LGD_DISCOUNTUSEYN = 
2016-03-22 00:08:07 [DEBUG] [eatsslim-01201603220008068d2a9267e05a5e7718d82c8bdd29518595f99b1b] 	0
2016-03-22 00:08:07 [DEBUG] [eatsslim-01201603220008068d2a9267e05a5e7718d82c8bdd29518595f99b1b] LGD_BUYERPHONE = 
2016-03-22 00:08:07 [DEBUG] [eatsslim-01201603220008068d2a9267e05a5e7718d82c8bdd29518595f99b1b] 	
2016-03-22 00:08:07 [DEBUG] [eatsslim-01201603220008068d2a9267e05a5e7718d82c8bdd29518595f99b1b] LGD_ESCROWYN = 
2016-03-22 00:08:07 [DEBUG] [eatsslim-01201603220008068d2a9267e05a5e7718d82c8bdd29518595f99b1b] 	N
2016-03-22 00:08:07 [DEBUG] [eatsslim-01201603220008068d2a9267e05a5e7718d82c8bdd29518595f99b1b] LGD_PAYTYPE = 
2016-03-22 00:08:07 [DEBUG] [eatsslim-01201603220008068d2a9267e05a5e7718d82c8bdd29518595f99b1b] 	SC0010
2016-03-22 00:08:07 [DEBUG] [eatsslim-01201603220008068d2a9267e05a5e7718d82c8bdd29518595f99b1b] LGD_AMOUNT = 
2016-03-22 00:08:07 [DEBUG] [eatsslim-01201603220008068d2a9267e05a5e7718d82c8bdd29518595f99b1b] 	69000
2016-03-22 00:08:07 [DEBUG] [eatsslim-01201603220008068d2a9267e05a5e7718d82c8bdd29518595f99b1b] LGD_VANCODE = 
2016-03-22 00:08:07 [DEBUG] [eatsslim-01201603220008068d2a9267e05a5e7718d82c8bdd29518595f99b1b] 	van0003
2016-03-22 00:08:07 [DEBUG] [eatsslim-01201603220008068d2a9267e05a5e7718d82c8bdd29518595f99b1b] LGD_EXCHANGERATE = 
2016-03-22 00:08:07 [DEBUG] [eatsslim-01201603220008068d2a9267e05a5e7718d82c8bdd29518595f99b1b] 	1.0
2016-03-22 00:08:07 [DEBUG] [eatsslim-01201603220008068d2a9267e05a5e7718d82c8bdd29518595f99b1b] LGD_BUYERSSN = 
2016-03-22 00:08:07 [DEBUG] [eatsslim-01201603220008068d2a9267e05a5e7718d82c8bdd29518595f99b1b] 	
2016-03-22 00:08:07 [DEBUG] [eatsslim-01201603220008068d2a9267e05a5e7718d82c8bdd29518595f99b1b] LGD_CARDINSTALLMONTH = 
2016-03-22 00:08:07 [DEBUG] [eatsslim-01201603220008068d2a9267e05a5e7718d82c8bdd29518595f99b1b] 	03
2016-03-22 00:08:07 [DEBUG] [eatsslim-01201603220008068d2a9267e05a5e7718d82c8bdd29518595f99b1b] LGD_RESPMSG = 
2016-03-22 00:08:07 [DEBUG] [eatsslim-01201603220008068d2a9267e05a5e7718d82c8bdd29518595f99b1b] 	결제성공
2016-03-22 00:08:07 [DEBUG] [eatsslim-01201603220008068d2a9267e05a5e7718d82c8bdd29518595f99b1b] LGD_PAYDATE = 
2016-03-22 00:08:07 [DEBUG] [eatsslim-01201603220008068d2a9267e05a5e7718d82c8bdd29518595f99b1b] 	20160322000807
2016-03-22 00:08:07 [DEBUG] [eatsslim-01201603220008068d2a9267e05a5e7718d82c8bdd29518595f99b1b] LGD_PRODUCTINFO = 
2016-03-22 00:08:07 [DEBUG] [eatsslim-01201603220008068d2a9267e05a5e7718d82c8bdd29518595f99b1b] 	알라까르떼 슬림
2016-03-22 00:08:07 [DEBUG] [eatsslim-01201603220008068d2a9267e05a5e7718d82c8bdd29518595f99b1b] LGD_PRODUCTCODE = 
2016-03-22 00:08:07 [DEBUG] [eatsslim-01201603220008068d2a9267e05a5e7718d82c8bdd29518595f99b1b] 	
2016-03-22 00:08:07 [DEBUG] [eatsslim-01201603220008068d2a9267e05a5e7718d82c8bdd29518595f99b1b] LGD_HASHDATA = 
2016-03-22 00:08:07 [DEBUG] [eatsslim-01201603220008068d2a9267e05a5e7718d82c8bdd29518595f99b1b] 	c1b243fbe4a7cae80e3b161db389aca4
2016-03-22 00:08:07 [DEBUG] [eatsslim-01201603220008068d2a9267e05a5e7718d82c8bdd29518595f99b1b] LGD_CARDGUBUN1 = 
2016-03-22 00:08:07 [DEBUG] [eatsslim-01201603220008068d2a9267e05a5e7718d82c8bdd29518595f99b1b] 	0
2016-03-22 00:08:07 [DEBUG] [eatsslim-01201603220008068d2a9267e05a5e7718d82c8bdd29518595f99b1b] LGD_BUYERADDRESS = 
2016-03-22 00:08:07 [DEBUG] [eatsslim-01201603220008068d2a9267e05a5e7718d82c8bdd29518595f99b1b] 	
2016-03-22 00:08:07 [DEBUG] [eatsslim-01201603220008068d2a9267e05a5e7718d82c8bdd29518595f99b1b] LGD_CARDGUBUN2 = 
2016-03-22 00:08:07 [DEBUG] [eatsslim-01201603220008068d2a9267e05a5e7718d82c8bdd29518595f99b1b] 	0
2016-03-22 00:08:07 [DEBUG] [eatsslim-01201603220008068d2a9267e05a5e7718d82c8bdd29518595f99b1b] LGD_RESPCODE = 
2016-03-22 00:08:07 [DEBUG] [eatsslim-01201603220008068d2a9267e05a5e7718d82c8bdd29518595f99b1b] 	0000
2016-03-22 00:08:07 [DEBUG] [eatsslim-01201603220008068d2a9267e05a5e7718d82c8bdd29518595f99b1b] LGD_RECEIVER = 
2016-03-22 00:08:07 [DEBUG] [eatsslim-01201603220008068d2a9267e05a5e7718d82c8bdd29518595f99b1b] 	
2016-03-22 00:08:07 [DEBUG] [eatsslim-01201603220008068d2a9267e05a5e7718d82c8bdd29518595f99b1b] LGD_BUYEREMAIL = 
2016-03-22 00:08:07 [DEBUG] [eatsslim-01201603220008068d2a9267e05a5e7718d82c8bdd29518595f99b1b] 	nereid0302@hotmail.com
2016-03-22 00:08:07 [DEBUG] [eatsslim-01201603220008068d2a9267e05a5e7718d82c8bdd29518595f99b1b] LGD_DISCOUNTUSEAMOUNT = 
2016-03-22 00:08:07 [DEBUG] [eatsslim-01201603220008068d2a9267e05a5e7718d82c8bdd29518595f99b1b] 	0
2016-03-22 00:08:07 [INFO ] [eatsslim-01201603220008068d2a9267e05a5e7718d82c8bdd29518595f99b1b] m_szResCode = 0000
2016-03-22 00:08:07 [INFO ] [eatsslim-01201603220008068d2a9267e05a5e7718d82c8bdd29518595f99b1b] m_szResMsg = 결제성공
2016-03-22 07:35:53 [DEBUG] [eatsslim-0120160322073553fb35b5744d5264567176521c9e9088dc5566f7e1] LGD_TXID = eatsslim-0120160322073553fb35b5744d5264567176521c9e9088dc5566f7e1
2016-03-22 07:35:53 [DEBUG] [eatsslim-0120160322073553fb35b5744d5264567176521c9e9088dc5566f7e1] LGD_AUTHCODE = 0415da6a6cebb82299449fa79051f68a350bc8db
2016-03-22 07:35:53 [DEBUG] [eatsslim-0120160322073553fb35b5744d5264567176521c9e9088dc5566f7e1] LGD_MID = eatsslim
2016-03-22 07:35:53 [DEBUG] [eatsslim-0120160322073553fb35b5744d5264567176521c9e9088dc5566f7e1] LGD_TXNAME = PaymentByKey
2016-03-22 07:35:53 [DEBUG] [eatsslim-0120160322073553fb35b5744d5264567176521c9e9088dc5566f7e1] LGD_PAYKEY = 20160322073554F4241573515FF5D1E524AB26F9817E077C699A4E
2016-03-22 07:35:54 [DEBUG] [eatsslim-0120160322073553fb35b5744d5264567176521c9e9088dc5566f7e1] HTTP Status Code = 200
2016-03-22 07:35:54 [DEBUG] [eatsslim-0120160322073553fb35b5744d5264567176521c9e9088dc5566f7e1] HTTP Content-Type = application/json
2016-03-22 07:35:54 [DEBUG] [eatsslim-0120160322073553fb35b5744d5264567176521c9e9088dc5566f7e1] HTTP Response = 









{"LGD_RESPCODE":"0000","LGD_RESPMSG":"결제성공","LGD_RESPONSE":[{"LGD_CARDACQUIRER":"51","LGD_CARDNOINTEREST_YN":"1","LGD_IFOS":"3M9S0M","LGD_MID":"eatsslim","LGD_FINANCENAME":"삼성AMEX","LGD_PCANCELFLAG":"1","LGD_FINANCEAUTHNUM":"96233651","LGD_DELIVERYINFO":"","LGD_BUYER":"염아희","LGD_AFFILIATECODE":"******","LGD_TRANSAMOUNT":"166000","LGD_BUYERID":"","LGD_OID":"ESS160322073240001","LGD_CARDNUM":"377989******697","LGD_RECEIVERPHONE":"","LGD_2TR_FLAG":"Y","LGD_DEVICE":"iPhone","LGD_TID":"eatss2016032207355497768","LGD_TIMESTAMP":"20160322073555","LGD_FINANCECODE":"51400","LGD_CARDNOINTYN":"0","LGD_PCANCELSTR":"0","LGD_DISCOUNTUSEYN":"0","LGD_BUYERPHONE":"01090603492","LGD_ESCROWYN":"N","LGD_PAYTYPE":"SC0010","LGD_AMOUNT":"166000","LGD_VANCODE":"van0003","LGD_EXCHANGERATE":"1.0","LGD_BUYERSSN":"","LGD_CARDINSTALLMONTH":"05","LGD_RESPMSG":"결제성공","LGD_PAYDATE":"20160322073555","LGD_PRODUCTINFO":"집중감량 2주","LGD_PRODUCTCODE":"","LGD_HASHDATA":"9543487ceeebddb35adae89378b126e0","LGD_CARDGUBUN1":"0","LGD_CARDGUBUN2":"0","LGD_BUYERADDRESS":"","LGD_RECEIVER":"","LGD_RESPCODE":"0000","LGD_BUYEREMAIL":"yah2231@naver.com","LGD_DISCOUNTUSEAMOUNT":"0"}]}

2016-03-22 07:35:54 [DEBUG] [eatsslim-0120160322073553fb35b5744d5264567176521c9e9088dc5566f7e1] LGD_CARDACQUIRER = 
2016-03-22 07:35:54 [DEBUG] [eatsslim-0120160322073553fb35b5744d5264567176521c9e9088dc5566f7e1] 	51
2016-03-22 07:35:54 [DEBUG] [eatsslim-0120160322073553fb35b5744d5264567176521c9e9088dc5566f7e1] LGD_MID = 
2016-03-22 07:35:54 [DEBUG] [eatsslim-0120160322073553fb35b5744d5264567176521c9e9088dc5566f7e1] 	eatsslim
2016-03-22 07:35:54 [DEBUG] [eatsslim-0120160322073553fb35b5744d5264567176521c9e9088dc5566f7e1] LGD_IFOS = 
2016-03-22 07:35:54 [DEBUG] [eatsslim-0120160322073553fb35b5744d5264567176521c9e9088dc5566f7e1] 	3M9S0M
2016-03-22 07:35:54 [DEBUG] [eatsslim-0120160322073553fb35b5744d5264567176521c9e9088dc5566f7e1] LGD_CARDNOINTEREST_YN = 
2016-03-22 07:35:54 [DEBUG] [eatsslim-0120160322073553fb35b5744d5264567176521c9e9088dc5566f7e1] 	1
2016-03-22 07:35:54 [DEBUG] [eatsslim-0120160322073553fb35b5744d5264567176521c9e9088dc5566f7e1] LGD_FINANCENAME = 
2016-03-22 07:35:54 [DEBUG] [eatsslim-0120160322073553fb35b5744d5264567176521c9e9088dc5566f7e1] 	삼성AMEX
2016-03-22 07:35:54 [DEBUG] [eatsslim-0120160322073553fb35b5744d5264567176521c9e9088dc5566f7e1] LGD_FINANCEAUTHNUM = 
2016-03-22 07:35:54 [DEBUG] [eatsslim-0120160322073553fb35b5744d5264567176521c9e9088dc5566f7e1] 	96233651
2016-03-22 07:35:54 [DEBUG] [eatsslim-0120160322073553fb35b5744d5264567176521c9e9088dc5566f7e1] LGD_PCANCELFLAG = 
2016-03-22 07:35:54 [DEBUG] [eatsslim-0120160322073553fb35b5744d5264567176521c9e9088dc5566f7e1] 	1
2016-03-22 07:35:54 [DEBUG] [eatsslim-0120160322073553fb35b5744d5264567176521c9e9088dc5566f7e1] LGD_DELIVERYINFO = 
2016-03-22 07:35:54 [DEBUG] [eatsslim-0120160322073553fb35b5744d5264567176521c9e9088dc5566f7e1] 	
2016-03-22 07:35:54 [DEBUG] [eatsslim-0120160322073553fb35b5744d5264567176521c9e9088dc5566f7e1] LGD_BUYER = 
2016-03-22 07:35:54 [DEBUG] [eatsslim-0120160322073553fb35b5744d5264567176521c9e9088dc5566f7e1] 	염아희
2016-03-22 07:35:54 [DEBUG] [eatsslim-0120160322073553fb35b5744d5264567176521c9e9088dc5566f7e1] LGD_AFFILIATECODE = 
2016-03-22 07:35:54 [DEBUG] [eatsslim-0120160322073553fb35b5744d5264567176521c9e9088dc5566f7e1] 	******
2016-03-22 07:35:54 [DEBUG] [eatsslim-0120160322073553fb35b5744d5264567176521c9e9088dc5566f7e1] LGD_TRANSAMOUNT = 
2016-03-22 07:35:54 [DEBUG] [eatsslim-0120160322073553fb35b5744d5264567176521c9e9088dc5566f7e1] 	166000
2016-03-22 07:35:54 [DEBUG] [eatsslim-0120160322073553fb35b5744d5264567176521c9e9088dc5566f7e1] LGD_BUYERID = 
2016-03-22 07:35:54 [DEBUG] [eatsslim-0120160322073553fb35b5744d5264567176521c9e9088dc5566f7e1] 	
2016-03-22 07:35:54 [DEBUG] [eatsslim-0120160322073553fb35b5744d5264567176521c9e9088dc5566f7e1] LGD_OID = 
2016-03-22 07:35:54 [DEBUG] [eatsslim-0120160322073553fb35b5744d5264567176521c9e9088dc5566f7e1] 	ESS160322073240001
2016-03-22 07:35:54 [DEBUG] [eatsslim-0120160322073553fb35b5744d5264567176521c9e9088dc5566f7e1] LGD_CARDNUM = 
2016-03-22 07:35:54 [DEBUG] [eatsslim-0120160322073553fb35b5744d5264567176521c9e9088dc5566f7e1] 	377989******697
2016-03-22 07:35:54 [DEBUG] [eatsslim-0120160322073553fb35b5744d5264567176521c9e9088dc5566f7e1] LGD_RECEIVERPHONE = 
2016-03-22 07:35:54 [DEBUG] [eatsslim-0120160322073553fb35b5744d5264567176521c9e9088dc5566f7e1] 	
2016-03-22 07:35:54 [DEBUG] [eatsslim-0120160322073553fb35b5744d5264567176521c9e9088dc5566f7e1] LGD_2TR_FLAG = 
2016-03-22 07:35:54 [DEBUG] [eatsslim-0120160322073553fb35b5744d5264567176521c9e9088dc5566f7e1] 	Y
2016-03-22 07:35:54 [DEBUG] [eatsslim-0120160322073553fb35b5744d5264567176521c9e9088dc5566f7e1] LGD_DEVICE = 
2016-03-22 07:35:54 [DEBUG] [eatsslim-0120160322073553fb35b5744d5264567176521c9e9088dc5566f7e1] 	iPhone
2016-03-22 07:35:54 [DEBUG] [eatsslim-0120160322073553fb35b5744d5264567176521c9e9088dc5566f7e1] LGD_TID = 
2016-03-22 07:35:54 [DEBUG] [eatsslim-0120160322073553fb35b5744d5264567176521c9e9088dc5566f7e1] 	eatss2016032207355497768
2016-03-22 07:35:54 [DEBUG] [eatsslim-0120160322073553fb35b5744d5264567176521c9e9088dc5566f7e1] LGD_TIMESTAMP = 
2016-03-22 07:35:54 [DEBUG] [eatsslim-0120160322073553fb35b5744d5264567176521c9e9088dc5566f7e1] 	20160322073555
2016-03-22 07:35:54 [DEBUG] [eatsslim-0120160322073553fb35b5744d5264567176521c9e9088dc5566f7e1] LGD_FINANCECODE = 
2016-03-22 07:35:54 [DEBUG] [eatsslim-0120160322073553fb35b5744d5264567176521c9e9088dc5566f7e1] 	51400
2016-03-22 07:35:54 [DEBUG] [eatsslim-0120160322073553fb35b5744d5264567176521c9e9088dc5566f7e1] LGD_CARDNOINTYN = 
2016-03-22 07:35:54 [DEBUG] [eatsslim-0120160322073553fb35b5744d5264567176521c9e9088dc5566f7e1] 	0
2016-03-22 07:35:54 [DEBUG] [eatsslim-0120160322073553fb35b5744d5264567176521c9e9088dc5566f7e1] LGD_PCANCELSTR = 
2016-03-22 07:35:54 [DEBUG] [eatsslim-0120160322073553fb35b5744d5264567176521c9e9088dc5566f7e1] 	0
2016-03-22 07:35:54 [DEBUG] [eatsslim-0120160322073553fb35b5744d5264567176521c9e9088dc5566f7e1] LGD_DISCOUNTUSEYN = 
2016-03-22 07:35:54 [DEBUG] [eatsslim-0120160322073553fb35b5744d5264567176521c9e9088dc5566f7e1] 	0
2016-03-22 07:35:54 [DEBUG] [eatsslim-0120160322073553fb35b5744d5264567176521c9e9088dc5566f7e1] LGD_BUYERPHONE = 
2016-03-22 07:35:54 [DEBUG] [eatsslim-0120160322073553fb35b5744d5264567176521c9e9088dc5566f7e1] 	01090603492
2016-03-22 07:35:54 [DEBUG] [eatsslim-0120160322073553fb35b5744d5264567176521c9e9088dc5566f7e1] LGD_ESCROWYN = 
2016-03-22 07:35:54 [DEBUG] [eatsslim-0120160322073553fb35b5744d5264567176521c9e9088dc5566f7e1] 	N
2016-03-22 07:35:54 [DEBUG] [eatsslim-0120160322073553fb35b5744d5264567176521c9e9088dc5566f7e1] LGD_PAYTYPE = 
2016-03-22 07:35:54 [DEBUG] [eatsslim-0120160322073553fb35b5744d5264567176521c9e9088dc5566f7e1] 	SC0010
2016-03-22 07:35:54 [DEBUG] [eatsslim-0120160322073553fb35b5744d5264567176521c9e9088dc5566f7e1] LGD_AMOUNT = 
2016-03-22 07:35:54 [DEBUG] [eatsslim-0120160322073553fb35b5744d5264567176521c9e9088dc5566f7e1] 	166000
2016-03-22 07:35:54 [DEBUG] [eatsslim-0120160322073553fb35b5744d5264567176521c9e9088dc5566f7e1] LGD_VANCODE = 
2016-03-22 07:35:54 [DEBUG] [eatsslim-0120160322073553fb35b5744d5264567176521c9e9088dc5566f7e1] 	van0003
2016-03-22 07:35:54 [DEBUG] [eatsslim-0120160322073553fb35b5744d5264567176521c9e9088dc5566f7e1] LGD_EXCHANGERATE = 
2016-03-22 07:35:54 [DEBUG] [eatsslim-0120160322073553fb35b5744d5264567176521c9e9088dc5566f7e1] 	1.0
2016-03-22 07:35:54 [DEBUG] [eatsslim-0120160322073553fb35b5744d5264567176521c9e9088dc5566f7e1] LGD_BUYERSSN = 
2016-03-22 07:35:54 [DEBUG] [eatsslim-0120160322073553fb35b5744d5264567176521c9e9088dc5566f7e1] 	
2016-03-22 07:35:54 [DEBUG] [eatsslim-0120160322073553fb35b5744d5264567176521c9e9088dc5566f7e1] LGD_CARDINSTALLMONTH = 
2016-03-22 07:35:54 [DEBUG] [eatsslim-0120160322073553fb35b5744d5264567176521c9e9088dc5566f7e1] 	05
2016-03-22 07:35:54 [DEBUG] [eatsslim-0120160322073553fb35b5744d5264567176521c9e9088dc5566f7e1] LGD_RESPMSG = 
2016-03-22 07:35:54 [DEBUG] [eatsslim-0120160322073553fb35b5744d5264567176521c9e9088dc5566f7e1] 	결제성공
2016-03-22 07:35:54 [DEBUG] [eatsslim-0120160322073553fb35b5744d5264567176521c9e9088dc5566f7e1] LGD_PAYDATE = 
2016-03-22 07:35:54 [DEBUG] [eatsslim-0120160322073553fb35b5744d5264567176521c9e9088dc5566f7e1] 	20160322073555
2016-03-22 07:35:54 [DEBUG] [eatsslim-0120160322073553fb35b5744d5264567176521c9e9088dc5566f7e1] LGD_PRODUCTINFO = 
2016-03-22 07:35:54 [DEBUG] [eatsslim-0120160322073553fb35b5744d5264567176521c9e9088dc5566f7e1] 	집중감량 2주
2016-03-22 07:35:54 [DEBUG] [eatsslim-0120160322073553fb35b5744d5264567176521c9e9088dc5566f7e1] LGD_PRODUCTCODE = 
2016-03-22 07:35:54 [DEBUG] [eatsslim-0120160322073553fb35b5744d5264567176521c9e9088dc5566f7e1] 	
2016-03-22 07:35:54 [DEBUG] [eatsslim-0120160322073553fb35b5744d5264567176521c9e9088dc5566f7e1] LGD_HASHDATA = 
2016-03-22 07:35:54 [DEBUG] [eatsslim-0120160322073553fb35b5744d5264567176521c9e9088dc5566f7e1] 	9543487ceeebddb35adae89378b126e0
2016-03-22 07:35:54 [DEBUG] [eatsslim-0120160322073553fb35b5744d5264567176521c9e9088dc5566f7e1] LGD_CARDGUBUN1 = 
2016-03-22 07:35:54 [DEBUG] [eatsslim-0120160322073553fb35b5744d5264567176521c9e9088dc5566f7e1] 	0
2016-03-22 07:35:54 [DEBUG] [eatsslim-0120160322073553fb35b5744d5264567176521c9e9088dc5566f7e1] LGD_BUYERADDRESS = 
2016-03-22 07:35:54 [DEBUG] [eatsslim-0120160322073553fb35b5744d5264567176521c9e9088dc5566f7e1] 	
2016-03-22 07:35:54 [DEBUG] [eatsslim-0120160322073553fb35b5744d5264567176521c9e9088dc5566f7e1] LGD_CARDGUBUN2 = 
2016-03-22 07:35:54 [DEBUG] [eatsslim-0120160322073553fb35b5744d5264567176521c9e9088dc5566f7e1] 	0
2016-03-22 07:35:54 [DEBUG] [eatsslim-0120160322073553fb35b5744d5264567176521c9e9088dc5566f7e1] LGD_RESPCODE = 
2016-03-22 07:35:54 [DEBUG] [eatsslim-0120160322073553fb35b5744d5264567176521c9e9088dc5566f7e1] 	0000
2016-03-22 07:35:54 [DEBUG] [eatsslim-0120160322073553fb35b5744d5264567176521c9e9088dc5566f7e1] LGD_RECEIVER = 
2016-03-22 07:35:54 [DEBUG] [eatsslim-0120160322073553fb35b5744d5264567176521c9e9088dc5566f7e1] 	
2016-03-22 07:35:54 [DEBUG] [eatsslim-0120160322073553fb35b5744d5264567176521c9e9088dc5566f7e1] LGD_BUYEREMAIL = 
2016-03-22 07:35:54 [DEBUG] [eatsslim-0120160322073553fb35b5744d5264567176521c9e9088dc5566f7e1] 	yah2231@naver.com
2016-03-22 07:35:54 [DEBUG] [eatsslim-0120160322073553fb35b5744d5264567176521c9e9088dc5566f7e1] LGD_DISCOUNTUSEAMOUNT = 
2016-03-22 07:35:54 [DEBUG] [eatsslim-0120160322073553fb35b5744d5264567176521c9e9088dc5566f7e1] 	0
2016-03-22 07:35:54 [INFO ] [eatsslim-0120160322073553fb35b5744d5264567176521c9e9088dc5566f7e1] m_szResCode = 0000
2016-03-22 07:35:54 [INFO ] [eatsslim-0120160322073553fb35b5744d5264567176521c9e9088dc5566f7e1] m_szResMsg = 결제성공
