2016-02-27 00:01:50 [DEBUG] [eatsslim-01201602270001504f5e0cd53fad63b02c8aec6f4a21373d1e461248] LGD_TXID = eatsslim-01201602270001504f5e0cd53fad63b02c8aec6f4a21373d1e461248
2016-02-27 00:01:50 [DEBUG] [eatsslim-01201602270001504f5e0cd53fad63b02c8aec6f4a21373d1e461248] LGD_AUTHCODE = a4e0edf7cfcfa8bbb4ce29bdc4a588dbd44926cb
2016-02-27 00:01:50 [DEBUG] [eatsslim-01201602270001504f5e0cd53fad63b02c8aec6f4a21373d1e461248] LGD_MID = eatsslim
2016-02-27 00:01:50 [DEBUG] [eatsslim-01201602270001504f5e0cd53fad63b02c8aec6f4a21373d1e461248] LGD_TXNAME = PaymentByKey
2016-02-27 00:01:50 [DEBUG] [eatsslim-01201602270001504f5e0cd53fad63b02c8aec6f4a21373d1e461248] LGD_PAYKEY = 201602270001505FB8BC0BC6AC61D67D1AA4314C1674944CB71327
2016-02-27 00:01:52 [DEBUG] [eatsslim-01201602270001504f5e0cd53fad63b02c8aec6f4a21373d1e461248] HTTP Status Code = 200
2016-02-27 00:01:52 [DEBUG] [eatsslim-01201602270001504f5e0cd53fad63b02c8aec6f4a21373d1e461248] HTTP Content-Type = application/json
2016-02-27 00:01:52 [DEBUG] [eatsslim-01201602270001504f5e0cd53fad63b02c8aec6f4a21373d1e461248] HTTP Response = 









{"LGD_RESPCODE":"0000","LGD_RESPMSG":"결제성공","LGD_RESPONSE":[{"LGD_CARDACQUIRER":"31","LGD_CARDNOINTEREST_YN":"0","LGD_IFOS":"3A5C0S","LGD_MID":"eatsslim","LGD_FINANCENAME":"비씨MASTER","LGD_PCANCELFLAG":"1","LGD_FINANCEAUTHNUM":"41758208","LGD_DELIVERYINFO":"","LGD_BUYER":"박서영","LGD_AFFILIATECODE":"243883","LGD_TRANSAMOUNT":"200800","LGD_BUYERID":"","LGD_OID":"ESS160227000055001","LGD_CARDNUM":"636094******1469","LGD_RECEIVERPHONE":"","LGD_2TR_FLAG":"Y","LGD_DEVICE":"SM-N920S","LGD_TID":"eatss2016022700015091611","LGD_TIMESTAMP":"20160227000152","LGD_FINANCECODE":"31200","LGD_CARDNOINTYN":"0","LGD_PCANCELSTR":"0","LGD_DISCOUNTUSEYN":"0","LGD_ISPKEY":"270001252182","LGD_BUYERPHONE":"","LGD_ESCROWYN":"N","LGD_PAYTYPE":"SC0010","LGD_AMOUNT":"200800","LGD_VANCODE":"van0003","LGD_EXCHANGERATE":"1.0","LGD_BUYERSSN":"","LGD_CARDINSTALLMONTH":"00","LGD_RESPMSG":"결제성공","LGD_PAYDATE":"20160227000152","LGD_PRODUCTINFO":"퀴진+알라까르떼 슬림","LGD_PRODUCTCODE":"","LGD_HASHDATA":"3b5e7b24e5892e2d8e5c4e9bd891bd2d","LGD_CARDGUBUN1":"0","LGD_CARDGUBUN2":"1","LGD_BUYERADDRESS":"","LGD_RECEIVER":"","LGD_RESPCODE":"0000","LGD_BUYEREMAIL":"interwinter@naver.com","LGD_DISCOUNTUSEAMOUNT":"0"}]}

2016-02-27 00:01:52 [DEBUG] [eatsslim-01201602270001504f5e0cd53fad63b02c8aec6f4a21373d1e461248] LGD_CARDACQUIRER = 
2016-02-27 00:01:52 [DEBUG] [eatsslim-01201602270001504f5e0cd53fad63b02c8aec6f4a21373d1e461248] 	31
2016-02-27 00:01:52 [DEBUG] [eatsslim-01201602270001504f5e0cd53fad63b02c8aec6f4a21373d1e461248] LGD_MID = 
2016-02-27 00:01:52 [DEBUG] [eatsslim-01201602270001504f5e0cd53fad63b02c8aec6f4a21373d1e461248] 	eatsslim
2016-02-27 00:01:52 [DEBUG] [eatsslim-01201602270001504f5e0cd53fad63b02c8aec6f4a21373d1e461248] LGD_IFOS = 
2016-02-27 00:01:52 [DEBUG] [eatsslim-01201602270001504f5e0cd53fad63b02c8aec6f4a21373d1e461248] 	3A5C0S
2016-02-27 00:01:52 [DEBUG] [eatsslim-01201602270001504f5e0cd53fad63b02c8aec6f4a21373d1e461248] LGD_CARDNOINTEREST_YN = 
2016-02-27 00:01:52 [DEBUG] [eatsslim-01201602270001504f5e0cd53fad63b02c8aec6f4a21373d1e461248] 	0
2016-02-27 00:01:52 [DEBUG] [eatsslim-01201602270001504f5e0cd53fad63b02c8aec6f4a21373d1e461248] LGD_FINANCENAME = 
2016-02-27 00:01:52 [DEBUG] [eatsslim-01201602270001504f5e0cd53fad63b02c8aec6f4a21373d1e461248] 	비씨MASTER
2016-02-27 00:01:52 [DEBUG] [eatsslim-01201602270001504f5e0cd53fad63b02c8aec6f4a21373d1e461248] LGD_FINANCEAUTHNUM = 
2016-02-27 00:01:52 [DEBUG] [eatsslim-01201602270001504f5e0cd53fad63b02c8aec6f4a21373d1e461248] 	41758208
2016-02-27 00:01:52 [DEBUG] [eatsslim-01201602270001504f5e0cd53fad63b02c8aec6f4a21373d1e461248] LGD_PCANCELFLAG = 
2016-02-27 00:01:52 [DEBUG] [eatsslim-01201602270001504f5e0cd53fad63b02c8aec6f4a21373d1e461248] 	1
2016-02-27 00:01:52 [DEBUG] [eatsslim-01201602270001504f5e0cd53fad63b02c8aec6f4a21373d1e461248] LGD_DELIVERYINFO = 
2016-02-27 00:01:52 [DEBUG] [eatsslim-01201602270001504f5e0cd53fad63b02c8aec6f4a21373d1e461248] 	
2016-02-27 00:01:52 [DEBUG] [eatsslim-01201602270001504f5e0cd53fad63b02c8aec6f4a21373d1e461248] LGD_BUYER = 
2016-02-27 00:01:52 [DEBUG] [eatsslim-01201602270001504f5e0cd53fad63b02c8aec6f4a21373d1e461248] 	박서영
2016-02-27 00:01:52 [DEBUG] [eatsslim-01201602270001504f5e0cd53fad63b02c8aec6f4a21373d1e461248] LGD_AFFILIATECODE = 
2016-02-27 00:01:52 [DEBUG] [eatsslim-01201602270001504f5e0cd53fad63b02c8aec6f4a21373d1e461248] 	243883
2016-02-27 00:01:52 [DEBUG] [eatsslim-01201602270001504f5e0cd53fad63b02c8aec6f4a21373d1e461248] LGD_TRANSAMOUNT = 
2016-02-27 00:01:52 [DEBUG] [eatsslim-01201602270001504f5e0cd53fad63b02c8aec6f4a21373d1e461248] 	200800
2016-02-27 00:01:52 [DEBUG] [eatsslim-01201602270001504f5e0cd53fad63b02c8aec6f4a21373d1e461248] LGD_BUYERID = 
2016-02-27 00:01:52 [DEBUG] [eatsslim-01201602270001504f5e0cd53fad63b02c8aec6f4a21373d1e461248] 	
2016-02-27 00:01:52 [DEBUG] [eatsslim-01201602270001504f5e0cd53fad63b02c8aec6f4a21373d1e461248] LGD_OID = 
2016-02-27 00:01:52 [DEBUG] [eatsslim-01201602270001504f5e0cd53fad63b02c8aec6f4a21373d1e461248] 	ESS160227000055001
2016-02-27 00:01:52 [DEBUG] [eatsslim-01201602270001504f5e0cd53fad63b02c8aec6f4a21373d1e461248] LGD_CARDNUM = 
2016-02-27 00:01:52 [DEBUG] [eatsslim-01201602270001504f5e0cd53fad63b02c8aec6f4a21373d1e461248] 	636094******1469
2016-02-27 00:01:52 [DEBUG] [eatsslim-01201602270001504f5e0cd53fad63b02c8aec6f4a21373d1e461248] LGD_RECEIVERPHONE = 
2016-02-27 00:01:52 [DEBUG] [eatsslim-01201602270001504f5e0cd53fad63b02c8aec6f4a21373d1e461248] 	
2016-02-27 00:01:52 [DEBUG] [eatsslim-01201602270001504f5e0cd53fad63b02c8aec6f4a21373d1e461248] LGD_2TR_FLAG = 
2016-02-27 00:01:52 [DEBUG] [eatsslim-01201602270001504f5e0cd53fad63b02c8aec6f4a21373d1e461248] 	Y
2016-02-27 00:01:52 [DEBUG] [eatsslim-01201602270001504f5e0cd53fad63b02c8aec6f4a21373d1e461248] LGD_DEVICE = 
2016-02-27 00:01:52 [DEBUG] [eatsslim-01201602270001504f5e0cd53fad63b02c8aec6f4a21373d1e461248] 	SM-N920S
2016-02-27 00:01:52 [DEBUG] [eatsslim-01201602270001504f5e0cd53fad63b02c8aec6f4a21373d1e461248] LGD_TID = 
2016-02-27 00:01:52 [DEBUG] [eatsslim-01201602270001504f5e0cd53fad63b02c8aec6f4a21373d1e461248] 	eatss2016022700015091611
2016-02-27 00:01:52 [DEBUG] [eatsslim-01201602270001504f5e0cd53fad63b02c8aec6f4a21373d1e461248] LGD_TIMESTAMP = 
2016-02-27 00:01:52 [DEBUG] [eatsslim-01201602270001504f5e0cd53fad63b02c8aec6f4a21373d1e461248] 	20160227000152
2016-02-27 00:01:52 [DEBUG] [eatsslim-01201602270001504f5e0cd53fad63b02c8aec6f4a21373d1e461248] LGD_FINANCECODE = 
2016-02-27 00:01:52 [DEBUG] [eatsslim-01201602270001504f5e0cd53fad63b02c8aec6f4a21373d1e461248] 	31200
2016-02-27 00:01:52 [DEBUG] [eatsslim-01201602270001504f5e0cd53fad63b02c8aec6f4a21373d1e461248] LGD_CARDNOINTYN = 
2016-02-27 00:01:52 [DEBUG] [eatsslim-01201602270001504f5e0cd53fad63b02c8aec6f4a21373d1e461248] 	0
2016-02-27 00:01:52 [DEBUG] [eatsslim-01201602270001504f5e0cd53fad63b02c8aec6f4a21373d1e461248] LGD_PCANCELSTR = 
2016-02-27 00:01:52 [DEBUG] [eatsslim-01201602270001504f5e0cd53fad63b02c8aec6f4a21373d1e461248] 	0
2016-02-27 00:01:52 [DEBUG] [eatsslim-01201602270001504f5e0cd53fad63b02c8aec6f4a21373d1e461248] LGD_BUYERPHONE = 
2016-02-27 00:01:52 [DEBUG] [eatsslim-01201602270001504f5e0cd53fad63b02c8aec6f4a21373d1e461248] 	
2016-02-27 00:01:52 [DEBUG] [eatsslim-01201602270001504f5e0cd53fad63b02c8aec6f4a21373d1e461248] LGD_DISCOUNTUSEYN = 
2016-02-27 00:01:52 [DEBUG] [eatsslim-01201602270001504f5e0cd53fad63b02c8aec6f4a21373d1e461248] 	0
2016-02-27 00:01:52 [DEBUG] [eatsslim-01201602270001504f5e0cd53fad63b02c8aec6f4a21373d1e461248] LGD_ISPKEY = 
2016-02-27 00:01:52 [DEBUG] [eatsslim-01201602270001504f5e0cd53fad63b02c8aec6f4a21373d1e461248] 	270001252182
2016-02-27 00:01:52 [DEBUG] [eatsslim-01201602270001504f5e0cd53fad63b02c8aec6f4a21373d1e461248] LGD_ESCROWYN = 
2016-02-27 00:01:52 [DEBUG] [eatsslim-01201602270001504f5e0cd53fad63b02c8aec6f4a21373d1e461248] 	N
2016-02-27 00:01:52 [DEBUG] [eatsslim-01201602270001504f5e0cd53fad63b02c8aec6f4a21373d1e461248] LGD_PAYTYPE = 
2016-02-27 00:01:52 [DEBUG] [eatsslim-01201602270001504f5e0cd53fad63b02c8aec6f4a21373d1e461248] 	SC0010
2016-02-27 00:01:52 [DEBUG] [eatsslim-01201602270001504f5e0cd53fad63b02c8aec6f4a21373d1e461248] LGD_AMOUNT = 
2016-02-27 00:01:52 [DEBUG] [eatsslim-01201602270001504f5e0cd53fad63b02c8aec6f4a21373d1e461248] 	200800
2016-02-27 00:01:52 [DEBUG] [eatsslim-01201602270001504f5e0cd53fad63b02c8aec6f4a21373d1e461248] LGD_VANCODE = 
2016-02-27 00:01:52 [DEBUG] [eatsslim-01201602270001504f5e0cd53fad63b02c8aec6f4a21373d1e461248] 	van0003
2016-02-27 00:01:52 [DEBUG] [eatsslim-01201602270001504f5e0cd53fad63b02c8aec6f4a21373d1e461248] LGD_EXCHANGERATE = 
2016-02-27 00:01:52 [DEBUG] [eatsslim-01201602270001504f5e0cd53fad63b02c8aec6f4a21373d1e461248] 	1.0
2016-02-27 00:01:52 [DEBUG] [eatsslim-01201602270001504f5e0cd53fad63b02c8aec6f4a21373d1e461248] LGD_BUYERSSN = 
2016-02-27 00:01:52 [DEBUG] [eatsslim-01201602270001504f5e0cd53fad63b02c8aec6f4a21373d1e461248] 	
2016-02-27 00:01:52 [DEBUG] [eatsslim-01201602270001504f5e0cd53fad63b02c8aec6f4a21373d1e461248] LGD_CARDINSTALLMONTH = 
2016-02-27 00:01:52 [DEBUG] [eatsslim-01201602270001504f5e0cd53fad63b02c8aec6f4a21373d1e461248] 	00
2016-02-27 00:01:52 [DEBUG] [eatsslim-01201602270001504f5e0cd53fad63b02c8aec6f4a21373d1e461248] LGD_RESPMSG = 
2016-02-27 00:01:52 [DEBUG] [eatsslim-01201602270001504f5e0cd53fad63b02c8aec6f4a21373d1e461248] 	결제성공
2016-02-27 00:01:52 [DEBUG] [eatsslim-01201602270001504f5e0cd53fad63b02c8aec6f4a21373d1e461248] LGD_PAYDATE = 
2016-02-27 00:01:52 [DEBUG] [eatsslim-01201602270001504f5e0cd53fad63b02c8aec6f4a21373d1e461248] 	20160227000152
2016-02-27 00:01:52 [DEBUG] [eatsslim-01201602270001504f5e0cd53fad63b02c8aec6f4a21373d1e461248] LGD_PRODUCTINFO = 
2016-02-27 00:01:52 [DEBUG] [eatsslim-01201602270001504f5e0cd53fad63b02c8aec6f4a21373d1e461248] 	퀴진+알라까르떼 슬림
2016-02-27 00:01:52 [DEBUG] [eatsslim-01201602270001504f5e0cd53fad63b02c8aec6f4a21373d1e461248] LGD_PRODUCTCODE = 
2016-02-27 00:01:52 [DEBUG] [eatsslim-01201602270001504f5e0cd53fad63b02c8aec6f4a21373d1e461248] 	
2016-02-27 00:01:52 [DEBUG] [eatsslim-01201602270001504f5e0cd53fad63b02c8aec6f4a21373d1e461248] LGD_HASHDATA = 
2016-02-27 00:01:52 [DEBUG] [eatsslim-01201602270001504f5e0cd53fad63b02c8aec6f4a21373d1e461248] 	3b5e7b24e5892e2d8e5c4e9bd891bd2d
2016-02-27 00:01:52 [DEBUG] [eatsslim-01201602270001504f5e0cd53fad63b02c8aec6f4a21373d1e461248] LGD_CARDGUBUN1 = 
2016-02-27 00:01:52 [DEBUG] [eatsslim-01201602270001504f5e0cd53fad63b02c8aec6f4a21373d1e461248] 	0
2016-02-27 00:01:52 [DEBUG] [eatsslim-01201602270001504f5e0cd53fad63b02c8aec6f4a21373d1e461248] LGD_BUYERADDRESS = 
2016-02-27 00:01:52 [DEBUG] [eatsslim-01201602270001504f5e0cd53fad63b02c8aec6f4a21373d1e461248] 	
2016-02-27 00:01:52 [DEBUG] [eatsslim-01201602270001504f5e0cd53fad63b02c8aec6f4a21373d1e461248] LGD_CARDGUBUN2 = 
2016-02-27 00:01:52 [DEBUG] [eatsslim-01201602270001504f5e0cd53fad63b02c8aec6f4a21373d1e461248] 	1
2016-02-27 00:01:52 [DEBUG] [eatsslim-01201602270001504f5e0cd53fad63b02c8aec6f4a21373d1e461248] LGD_RESPCODE = 
2016-02-27 00:01:52 [DEBUG] [eatsslim-01201602270001504f5e0cd53fad63b02c8aec6f4a21373d1e461248] 	0000
2016-02-27 00:01:52 [DEBUG] [eatsslim-01201602270001504f5e0cd53fad63b02c8aec6f4a21373d1e461248] LGD_RECEIVER = 
2016-02-27 00:01:52 [DEBUG] [eatsslim-01201602270001504f5e0cd53fad63b02c8aec6f4a21373d1e461248] 	
2016-02-27 00:01:52 [DEBUG] [eatsslim-01201602270001504f5e0cd53fad63b02c8aec6f4a21373d1e461248] LGD_BUYEREMAIL = 
2016-02-27 00:01:52 [DEBUG] [eatsslim-01201602270001504f5e0cd53fad63b02c8aec6f4a21373d1e461248] 	interwinter@naver.com
2016-02-27 00:01:52 [DEBUG] [eatsslim-01201602270001504f5e0cd53fad63b02c8aec6f4a21373d1e461248] LGD_DISCOUNTUSEAMOUNT = 
2016-02-27 00:01:52 [DEBUG] [eatsslim-01201602270001504f5e0cd53fad63b02c8aec6f4a21373d1e461248] 	0
2016-02-27 00:01:52 [INFO ] [eatsslim-01201602270001504f5e0cd53fad63b02c8aec6f4a21373d1e461248] m_szResCode = 0000
2016-02-27 00:01:52 [INFO ] [eatsslim-01201602270001504f5e0cd53fad63b02c8aec6f4a21373d1e461248] m_szResMsg = 결제성공
2016-02-27 01:14:06 [DEBUG] [eatsslim-0120160227011406351c7c12c5543aaf54470fe9fd9c5f0ceda13317] LGD_TXID = eatsslim-0120160227011406351c7c12c5543aaf54470fe9fd9c5f0ceda13317
2016-02-27 01:14:06 [DEBUG] [eatsslim-0120160227011406351c7c12c5543aaf54470fe9fd9c5f0ceda13317] LGD_AUTHCODE = a689bfe94c4d904575950abf50cbef1771b846f4
2016-02-27 01:14:06 [DEBUG] [eatsslim-0120160227011406351c7c12c5543aaf54470fe9fd9c5f0ceda13317] LGD_MID = eatsslim
2016-02-27 01:14:06 [DEBUG] [eatsslim-0120160227011406351c7c12c5543aaf54470fe9fd9c5f0ceda13317] LGD_TXNAME = PaymentByKey
2016-02-27 01:14:06 [DEBUG] [eatsslim-0120160227011406351c7c12c5543aaf54470fe9fd9c5f0ceda13317] LGD_PAYKEY = 20160227011406DEE88D379B6DF7EE6C83BD5AF2E8CF964C9D4EA7
2016-02-27 01:14:08 [DEBUG] [eatsslim-0120160227011406351c7c12c5543aaf54470fe9fd9c5f0ceda13317] HTTP Status Code = 200
2016-02-27 01:14:08 [DEBUG] [eatsslim-0120160227011406351c7c12c5543aaf54470fe9fd9c5f0ceda13317] HTTP Content-Type = application/json
2016-02-27 01:14:08 [DEBUG] [eatsslim-0120160227011406351c7c12c5543aaf54470fe9fd9c5f0ceda13317] HTTP Response = 









{"LGD_RESPCODE":"0000","LGD_RESPMSG":"11: ","LGD_RESPONSE":[{"LGD_IFOS":"3A4S0S","LGD_MID":"eatsslim","LGD_FINANCENAME":"농협","LGD_CASHRECEIPTKIND":"0","LGD_DELIVERYINFO":"","LGD_BUYER":"염은영","LGD_BUYERID":"","LGD_OID":"ESS160227011125001","LGD_RECEIVERPHONE":"","LGD_2TR_FLAG":"Y","LGD_DEVICE":"","LGD_TID":"eatss2016022701140670804","LGD_TIMESTAMP":"20160227011408","LGD_SAOWNER":"풀무원건강생활(주) 서울지점","LGD_FINANCECODE":"011","LGD_BUYERPHONE":"01064200169","LGD_ESCROWYN":"Y","LGD_PAYTYPE":"SC0040","LGD_CASFLAG":"R","LGD_CASCAMOUNT":"0","LGD_CASTAMOUNT":"0","LGD_AMOUNT":"86000","LGD_BUYERSSN":".","LGD_CASHRECEIPTCODE":"0000","LGD_RESPMSG":"11: ","LGD_PAYDATE":"20160227011407","LGD_PRODUCTINFO":"퀴진+알라까르떼 슬림","LGD_CASSEQNO":"000","LGD_PRODUCTCODE":"","LGD_HASHDATA":"471d1bd8504bafc66fd23cb38ef7211b","LGD_BUYERADDRESS":"","LGD_RECEIVER":"","LGD_RESPCODE":"0000","LGD_ACCOUNTNUM":"79012755399602","LGD_PAYER":"염은영","LGD_BUYEREMAIL":"yummy0412@hanmail.net"}]}

2016-02-27 01:14:08 [DEBUG] [eatsslim-0120160227011406351c7c12c5543aaf54470fe9fd9c5f0ceda13317] LGD_MID = 
2016-02-27 01:14:08 [DEBUG] [eatsslim-0120160227011406351c7c12c5543aaf54470fe9fd9c5f0ceda13317] 	eatsslim
2016-02-27 01:14:08 [DEBUG] [eatsslim-0120160227011406351c7c12c5543aaf54470fe9fd9c5f0ceda13317] LGD_IFOS = 
2016-02-27 01:14:08 [DEBUG] [eatsslim-0120160227011406351c7c12c5543aaf54470fe9fd9c5f0ceda13317] 	3A4S0S
2016-02-27 01:14:08 [DEBUG] [eatsslim-0120160227011406351c7c12c5543aaf54470fe9fd9c5f0ceda13317] LGD_FINANCENAME = 
2016-02-27 01:14:08 [DEBUG] [eatsslim-0120160227011406351c7c12c5543aaf54470fe9fd9c5f0ceda13317] 	농협
2016-02-27 01:14:08 [DEBUG] [eatsslim-0120160227011406351c7c12c5543aaf54470fe9fd9c5f0ceda13317] LGD_CASHRECEIPTKIND = 
2016-02-27 01:14:08 [DEBUG] [eatsslim-0120160227011406351c7c12c5543aaf54470fe9fd9c5f0ceda13317] 	0
2016-02-27 01:14:08 [DEBUG] [eatsslim-0120160227011406351c7c12c5543aaf54470fe9fd9c5f0ceda13317] LGD_DELIVERYINFO = 
2016-02-27 01:14:08 [DEBUG] [eatsslim-0120160227011406351c7c12c5543aaf54470fe9fd9c5f0ceda13317] 	
2016-02-27 01:14:08 [DEBUG] [eatsslim-0120160227011406351c7c12c5543aaf54470fe9fd9c5f0ceda13317] LGD_BUYER = 
2016-02-27 01:14:08 [DEBUG] [eatsslim-0120160227011406351c7c12c5543aaf54470fe9fd9c5f0ceda13317] 	염은영
2016-02-27 01:14:08 [DEBUG] [eatsslim-0120160227011406351c7c12c5543aaf54470fe9fd9c5f0ceda13317] LGD_OID = 
2016-02-27 01:14:08 [DEBUG] [eatsslim-0120160227011406351c7c12c5543aaf54470fe9fd9c5f0ceda13317] 	ESS160227011125001
2016-02-27 01:14:08 [DEBUG] [eatsslim-0120160227011406351c7c12c5543aaf54470fe9fd9c5f0ceda13317] LGD_BUYERID = 
2016-02-27 01:14:08 [DEBUG] [eatsslim-0120160227011406351c7c12c5543aaf54470fe9fd9c5f0ceda13317] 	
2016-02-27 01:14:08 [DEBUG] [eatsslim-0120160227011406351c7c12c5543aaf54470fe9fd9c5f0ceda13317] LGD_RECEIVERPHONE = 
2016-02-27 01:14:08 [DEBUG] [eatsslim-0120160227011406351c7c12c5543aaf54470fe9fd9c5f0ceda13317] 	
2016-02-27 01:14:08 [DEBUG] [eatsslim-0120160227011406351c7c12c5543aaf54470fe9fd9c5f0ceda13317] LGD_2TR_FLAG = 
2016-02-27 01:14:08 [DEBUG] [eatsslim-0120160227011406351c7c12c5543aaf54470fe9fd9c5f0ceda13317] 	Y
2016-02-27 01:14:08 [DEBUG] [eatsslim-0120160227011406351c7c12c5543aaf54470fe9fd9c5f0ceda13317] LGD_TID = 
2016-02-27 01:14:08 [DEBUG] [eatsslim-0120160227011406351c7c12c5543aaf54470fe9fd9c5f0ceda13317] 	eatss2016022701140670804
2016-02-27 01:14:08 [DEBUG] [eatsslim-0120160227011406351c7c12c5543aaf54470fe9fd9c5f0ceda13317] LGD_DEVICE = 
2016-02-27 01:14:08 [DEBUG] [eatsslim-0120160227011406351c7c12c5543aaf54470fe9fd9c5f0ceda13317] 	
2016-02-27 01:14:08 [DEBUG] [eatsslim-0120160227011406351c7c12c5543aaf54470fe9fd9c5f0ceda13317] LGD_TIMESTAMP = 
2016-02-27 01:14:08 [DEBUG] [eatsslim-0120160227011406351c7c12c5543aaf54470fe9fd9c5f0ceda13317] 	20160227011408
2016-02-27 01:14:08 [DEBUG] [eatsslim-0120160227011406351c7c12c5543aaf54470fe9fd9c5f0ceda13317] LGD_SAOWNER = 
2016-02-27 01:14:08 [DEBUG] [eatsslim-0120160227011406351c7c12c5543aaf54470fe9fd9c5f0ceda13317] 	풀무원건강생활(주) 서울지점
2016-02-27 01:14:08 [DEBUG] [eatsslim-0120160227011406351c7c12c5543aaf54470fe9fd9c5f0ceda13317] LGD_FINANCECODE = 
2016-02-27 01:14:08 [DEBUG] [eatsslim-0120160227011406351c7c12c5543aaf54470fe9fd9c5f0ceda13317] 	011
2016-02-27 01:14:08 [DEBUG] [eatsslim-0120160227011406351c7c12c5543aaf54470fe9fd9c5f0ceda13317] LGD_BUYERPHONE = 
2016-02-27 01:14:08 [DEBUG] [eatsslim-0120160227011406351c7c12c5543aaf54470fe9fd9c5f0ceda13317] 	01064200169
2016-02-27 01:14:08 [DEBUG] [eatsslim-0120160227011406351c7c12c5543aaf54470fe9fd9c5f0ceda13317] LGD_ESCROWYN = 
2016-02-27 01:14:08 [DEBUG] [eatsslim-0120160227011406351c7c12c5543aaf54470fe9fd9c5f0ceda13317] 	Y
2016-02-27 01:14:08 [DEBUG] [eatsslim-0120160227011406351c7c12c5543aaf54470fe9fd9c5f0ceda13317] LGD_PAYTYPE = 
2016-02-27 01:14:08 [DEBUG] [eatsslim-0120160227011406351c7c12c5543aaf54470fe9fd9c5f0ceda13317] 	SC0040
2016-02-27 01:14:08 [DEBUG] [eatsslim-0120160227011406351c7c12c5543aaf54470fe9fd9c5f0ceda13317] LGD_CASFLAG = 
2016-02-27 01:14:08 [DEBUG] [eatsslim-0120160227011406351c7c12c5543aaf54470fe9fd9c5f0ceda13317] 	R
2016-02-27 01:14:08 [DEBUG] [eatsslim-0120160227011406351c7c12c5543aaf54470fe9fd9c5f0ceda13317] LGD_CASCAMOUNT = 
2016-02-27 01:14:08 [DEBUG] [eatsslim-0120160227011406351c7c12c5543aaf54470fe9fd9c5f0ceda13317] 	0
2016-02-27 01:14:08 [DEBUG] [eatsslim-0120160227011406351c7c12c5543aaf54470fe9fd9c5f0ceda13317] LGD_CASTAMOUNT = 
2016-02-27 01:14:08 [DEBUG] [eatsslim-0120160227011406351c7c12c5543aaf54470fe9fd9c5f0ceda13317] 	0
2016-02-27 01:14:08 [DEBUG] [eatsslim-0120160227011406351c7c12c5543aaf54470fe9fd9c5f0ceda13317] LGD_AMOUNT = 
2016-02-27 01:14:08 [DEBUG] [eatsslim-0120160227011406351c7c12c5543aaf54470fe9fd9c5f0ceda13317] 	86000
2016-02-27 01:14:08 [DEBUG] [eatsslim-0120160227011406351c7c12c5543aaf54470fe9fd9c5f0ceda13317] LGD_BUYERSSN = 
2016-02-27 01:14:08 [DEBUG] [eatsslim-0120160227011406351c7c12c5543aaf54470fe9fd9c5f0ceda13317] 	.
2016-02-27 01:14:08 [DEBUG] [eatsslim-0120160227011406351c7c12c5543aaf54470fe9fd9c5f0ceda13317] LGD_RESPMSG = 
2016-02-27 01:14:08 [DEBUG] [eatsslim-0120160227011406351c7c12c5543aaf54470fe9fd9c5f0ceda13317] 	11: 
2016-02-27 01:14:08 [DEBUG] [eatsslim-0120160227011406351c7c12c5543aaf54470fe9fd9c5f0ceda13317] LGD_CASHRECEIPTCODE = 
2016-02-27 01:14:08 [DEBUG] [eatsslim-0120160227011406351c7c12c5543aaf54470fe9fd9c5f0ceda13317] 	0000
2016-02-27 01:14:08 [DEBUG] [eatsslim-0120160227011406351c7c12c5543aaf54470fe9fd9c5f0ceda13317] LGD_PAYDATE = 
2016-02-27 01:14:08 [DEBUG] [eatsslim-0120160227011406351c7c12c5543aaf54470fe9fd9c5f0ceda13317] 	20160227011407
2016-02-27 01:14:08 [DEBUG] [eatsslim-0120160227011406351c7c12c5543aaf54470fe9fd9c5f0ceda13317] LGD_PRODUCTINFO = 
2016-02-27 01:14:08 [DEBUG] [eatsslim-0120160227011406351c7c12c5543aaf54470fe9fd9c5f0ceda13317] 	퀴진+알라까르떼 슬림
2016-02-27 01:14:08 [DEBUG] [eatsslim-0120160227011406351c7c12c5543aaf54470fe9fd9c5f0ceda13317] LGD_PRODUCTCODE = 
2016-02-27 01:14:08 [DEBUG] [eatsslim-0120160227011406351c7c12c5543aaf54470fe9fd9c5f0ceda13317] 	
2016-02-27 01:14:08 [DEBUG] [eatsslim-0120160227011406351c7c12c5543aaf54470fe9fd9c5f0ceda13317] LGD_CASSEQNO = 
2016-02-27 01:14:08 [DEBUG] [eatsslim-0120160227011406351c7c12c5543aaf54470fe9fd9c5f0ceda13317] 	000
2016-02-27 01:14:08 [DEBUG] [eatsslim-0120160227011406351c7c12c5543aaf54470fe9fd9c5f0ceda13317] LGD_HASHDATA = 
2016-02-27 01:14:08 [DEBUG] [eatsslim-0120160227011406351c7c12c5543aaf54470fe9fd9c5f0ceda13317] 	471d1bd8504bafc66fd23cb38ef7211b
2016-02-27 01:14:08 [DEBUG] [eatsslim-0120160227011406351c7c12c5543aaf54470fe9fd9c5f0ceda13317] LGD_BUYERADDRESS = 
2016-02-27 01:14:08 [DEBUG] [eatsslim-0120160227011406351c7c12c5543aaf54470fe9fd9c5f0ceda13317] 	
2016-02-27 01:14:08 [DEBUG] [eatsslim-0120160227011406351c7c12c5543aaf54470fe9fd9c5f0ceda13317] LGD_RESPCODE = 
2016-02-27 01:14:08 [DEBUG] [eatsslim-0120160227011406351c7c12c5543aaf54470fe9fd9c5f0ceda13317] 	0000
2016-02-27 01:14:08 [DEBUG] [eatsslim-0120160227011406351c7c12c5543aaf54470fe9fd9c5f0ceda13317] LGD_RECEIVER = 
2016-02-27 01:14:08 [DEBUG] [eatsslim-0120160227011406351c7c12c5543aaf54470fe9fd9c5f0ceda13317] 	
2016-02-27 01:14:08 [DEBUG] [eatsslim-0120160227011406351c7c12c5543aaf54470fe9fd9c5f0ceda13317] LGD_ACCOUNTNUM = 
2016-02-27 01:14:08 [DEBUG] [eatsslim-0120160227011406351c7c12c5543aaf54470fe9fd9c5f0ceda13317] 	79012755399602
2016-02-27 01:14:08 [DEBUG] [eatsslim-0120160227011406351c7c12c5543aaf54470fe9fd9c5f0ceda13317] LGD_PAYER = 
2016-02-27 01:14:08 [DEBUG] [eatsslim-0120160227011406351c7c12c5543aaf54470fe9fd9c5f0ceda13317] 	염은영
2016-02-27 01:14:08 [DEBUG] [eatsslim-0120160227011406351c7c12c5543aaf54470fe9fd9c5f0ceda13317] LGD_BUYEREMAIL = 
2016-02-27 01:14:08 [DEBUG] [eatsslim-0120160227011406351c7c12c5543aaf54470fe9fd9c5f0ceda13317] 	yummy0412@hanmail.net
2016-02-27 01:14:08 [INFO ] [eatsslim-0120160227011406351c7c12c5543aaf54470fe9fd9c5f0ceda13317] m_szResCode = 0000
2016-02-27 01:14:08 [INFO ] [eatsslim-0120160227011406351c7c12c5543aaf54470fe9fd9c5f0ceda13317] m_szResMsg = 11: 
2016-02-27 04:30:57 [DEBUG] [eatsslim-01201602270430576bf5e6c0659b6cc4c288801c5c3777fd783aa607] LGD_TXID = eatsslim-01201602270430576bf5e6c0659b6cc4c288801c5c3777fd783aa607
2016-02-27 04:30:57 [DEBUG] [eatsslim-01201602270430576bf5e6c0659b6cc4c288801c5c3777fd783aa607] LGD_AUTHCODE = 8c388bf78ab89ff2818ed614b3bd46077dde527c
2016-02-27 04:30:57 [DEBUG] [eatsslim-01201602270430576bf5e6c0659b6cc4c288801c5c3777fd783aa607] LGD_MID = eatsslim
2016-02-27 04:30:57 [DEBUG] [eatsslim-01201602270430576bf5e6c0659b6cc4c288801c5c3777fd783aa607] LGD_TXNAME = Cancel
2016-02-27 04:30:57 [DEBUG] [eatsslim-01201602270430576bf5e6c0659b6cc4c288801c5c3777fd783aa607] LGD_TID = eatss2016022313342868521
2016-02-27 04:30:57 [DEBUG] [eatsslim-01201602270430576bf5e6c0659b6cc4c288801c5c3777fd783aa607] LGD_CANCELAMOUNT = 
2016-02-27 04:30:57 [DEBUG] [eatsslim-01201602270430576bf5e6c0659b6cc4c288801c5c3777fd783aa607] LGD_REMAINAMOUNT = 
2016-02-27 04:30:57 [DEBUG] [eatsslim-01201602270430576bf5e6c0659b6cc4c288801c5c3777fd783aa607] LGD_RFBANKCODE = 11
2016-02-27 04:30:57 [DEBUG] [eatsslim-01201602270430576bf5e6c0659b6cc4c288801c5c3777fd783aa607] LGD_RFACCOUNTNUM = 0108999715709
2016-02-27 04:30:57 [DEBUG] [eatsslim-01201602270430576bf5e6c0659b6cc4c288801c5c3777fd783aa607] LGD_RFCUSTOMERNAME = ì¤íì
2016-02-27 04:30:57 [DEBUG] [eatsslim-01201602270430576bf5e6c0659b6cc4c288801c5c3777fd783aa607] LGD_RFPHONE = 010-8999-7157
2016-02-27 04:30:57 [DEBUG] [eatsslim-01201602270430576bf5e6c0659b6cc4c288801c5c3777fd783aa607] HTTP Status Code = 200
2016-02-27 04:30:57 [DEBUG] [eatsslim-01201602270430576bf5e6c0659b6cc4c288801c5c3777fd783aa607] HTTP Content-Type = application/json
2016-02-27 04:30:57 [DEBUG] [eatsslim-01201602270430576bf5e6c0659b6cc4c288801c5c3777fd783aa607] HTTP Response = 









{"LGD_RESPCODE":"RF24","LGD_RESPMSG":"요청하신 건에 대해 입금된 내역이 없습니다","LGD_RESPONSE":[{"LGD_HASHDATA":"1543c9edf39234ad4aba2e42e9afc3a2","LGD_RESPCODE":"RF24","LGD_TIMESTAMP":"20160227043058","LGD_CANREQDATE":"","LGD_RESPMSG":"요청하신 건에 대해 입금된 내역이 없습니다","LGD_CASSEQNO":null}]}

2016-02-27 04:30:57 [DEBUG] [eatsslim-01201602270430576bf5e6c0659b6cc4c288801c5c3777fd783aa607] LGD_HASHDATA = 
2016-02-27 04:30:57 [DEBUG] [eatsslim-01201602270430576bf5e6c0659b6cc4c288801c5c3777fd783aa607] 	1543c9edf39234ad4aba2e42e9afc3a2
2016-02-27 04:30:57 [DEBUG] [eatsslim-01201602270430576bf5e6c0659b6cc4c288801c5c3777fd783aa607] LGD_RESPCODE = 
2016-02-27 04:30:57 [DEBUG] [eatsslim-01201602270430576bf5e6c0659b6cc4c288801c5c3777fd783aa607] 	RF24
2016-02-27 04:30:57 [DEBUG] [eatsslim-01201602270430576bf5e6c0659b6cc4c288801c5c3777fd783aa607] LGD_CANREQDATE = 
2016-02-27 04:30:57 [DEBUG] [eatsslim-01201602270430576bf5e6c0659b6cc4c288801c5c3777fd783aa607] 	
2016-02-27 04:30:57 [DEBUG] [eatsslim-01201602270430576bf5e6c0659b6cc4c288801c5c3777fd783aa607] LGD_TIMESTAMP = 
2016-02-27 04:30:57 [DEBUG] [eatsslim-01201602270430576bf5e6c0659b6cc4c288801c5c3777fd783aa607] 	20160227043058
2016-02-27 04:30:57 [DEBUG] [eatsslim-01201602270430576bf5e6c0659b6cc4c288801c5c3777fd783aa607] LGD_RESPMSG = 
2016-02-27 04:30:57 [DEBUG] [eatsslim-01201602270430576bf5e6c0659b6cc4c288801c5c3777fd783aa607] 	요청하신 건에 대해 입금된 내역이 없습니다
2016-02-27 04:30:57 [DEBUG] [eatsslim-01201602270430576bf5e6c0659b6cc4c288801c5c3777fd783aa607] LGD_CASSEQNO = 
2016-02-27 04:30:57 [DEBUG] [eatsslim-01201602270430576bf5e6c0659b6cc4c288801c5c3777fd783aa607] 	null
2016-02-27 04:30:57 [INFO ] [eatsslim-01201602270430576bf5e6c0659b6cc4c288801c5c3777fd783aa607] m_szResCode = RF24
2016-02-27 04:30:57 [INFO ] [eatsslim-01201602270430576bf5e6c0659b6cc4c288801c5c3777fd783aa607] m_szResMsg = 요청하신 건에 대해 입금된 내역이 없습니다
2016-02-27 07:06:38 [DEBUG] [eatsslim-0120160227070638d48a4c11dd87316b39420809e47049a16dba54cb] LGD_TXID = eatsslim-0120160227070638d48a4c11dd87316b39420809e47049a16dba54cb
2016-02-27 07:06:38 [DEBUG] [eatsslim-0120160227070638d48a4c11dd87316b39420809e47049a16dba54cb] LGD_AUTHCODE = 2c4e1c018ed2f2cc31e7256ef4fe400808df3366
2016-02-27 07:06:38 [DEBUG] [eatsslim-0120160227070638d48a4c11dd87316b39420809e47049a16dba54cb] LGD_MID = eatsslim
2016-02-27 07:06:38 [DEBUG] [eatsslim-0120160227070638d48a4c11dd87316b39420809e47049a16dba54cb] LGD_TXNAME = PaymentByKey
2016-02-27 07:06:38 [DEBUG] [eatsslim-0120160227070638d48a4c11dd87316b39420809e47049a16dba54cb] LGD_PAYKEY = 2016022707063955017D0EF2002FAB6DD310F592D65A0C9F93270D
2016-02-27 07:06:39 [DEBUG] [eatsslim-0120160227070638d48a4c11dd87316b39420809e47049a16dba54cb] HTTP Status Code = 200
2016-02-27 07:06:39 [DEBUG] [eatsslim-0120160227070638d48a4c11dd87316b39420809e47049a16dba54cb] HTTP Content-Type = application/json
2016-02-27 07:06:39 [DEBUG] [eatsslim-0120160227070638d48a4c11dd87316b39420809e47049a16dba54cb] HTTP Response = 









{"LGD_RESPCODE":"0000","LGD_RESPMSG":"결제성공","LGD_RESPONSE":[{"LGD_CARDACQUIRER":"41","LGD_CARDNOINTEREST_YN":"0","LGD_IFOS":"3M9S0M","LGD_MID":"eatsslim","LGD_FINANCENAME":"신한VISA","LGD_PCANCELFLAG":"1","LGD_FINANCEAUTHNUM":"30893688","LGD_DELIVERYINFO":"","LGD_BUYER":"남창희","LGD_AFFILIATECODE":"AFG03J","LGD_TRANSAMOUNT":"165600","LGD_BUYERID":"","LGD_OID":"ESS160227070458001","LGD_CARDNUM":"461724******4179","LGD_RECEIVERPHONE":"","LGD_2TR_FLAG":"Y","LGD_DEVICE":"iPhone","LGD_TID":"eatss2016022707063910537","LGD_TIMESTAMP":"20160227070640","LGD_FINANCECODE":"41100","LGD_CARDNOINTYN":"0","LGD_PCANCELSTR":"0","LGD_DISCOUNTUSEYN":"0","LGD_BUYERPHONE":"01036770329","LGD_ESCROWYN":"N","LGD_PAYTYPE":"SC0010","LGD_AMOUNT":"165600","LGD_VANCODE":"van0003","LGD_EXCHANGERATE":"1.0","LGD_BUYERSSN":"","LGD_CARDINSTALLMONTH":"00","LGD_RESPMSG":"결제성공","LGD_PAYDATE":"20160227070640","LGD_PRODUCTINFO":"알라까르떼 슬림+알라까르떼 헬씨","LGD_PRODUCTCODE":"","LGD_HASHDATA":"40fe9e9f50071ca6e334b70826abf5d7","LGD_CARDGUBUN1":"0","LGD_CARDGUBUN2":"0","LGD_BUYERADDRESS":"","LGD_RECEIVER":"","LGD_RESPCODE":"0000","LGD_BUYEREMAIL":"drlittle@naver.com","LGD_DISCOUNTUSEAMOUNT":"0"}]}

2016-02-27 07:06:39 [DEBUG] [eatsslim-0120160227070638d48a4c11dd87316b39420809e47049a16dba54cb] LGD_CARDACQUIRER = 
2016-02-27 07:06:39 [DEBUG] [eatsslim-0120160227070638d48a4c11dd87316b39420809e47049a16dba54cb] 	41
2016-02-27 07:06:39 [DEBUG] [eatsslim-0120160227070638d48a4c11dd87316b39420809e47049a16dba54cb] LGD_MID = 
2016-02-27 07:06:39 [DEBUG] [eatsslim-0120160227070638d48a4c11dd87316b39420809e47049a16dba54cb] 	eatsslim
2016-02-27 07:06:39 [DEBUG] [eatsslim-0120160227070638d48a4c11dd87316b39420809e47049a16dba54cb] LGD_IFOS = 
2016-02-27 07:06:39 [DEBUG] [eatsslim-0120160227070638d48a4c11dd87316b39420809e47049a16dba54cb] 	3M9S0M
2016-02-27 07:06:39 [DEBUG] [eatsslim-0120160227070638d48a4c11dd87316b39420809e47049a16dba54cb] LGD_CARDNOINTEREST_YN = 
2016-02-27 07:06:39 [DEBUG] [eatsslim-0120160227070638d48a4c11dd87316b39420809e47049a16dba54cb] 	0
2016-02-27 07:06:39 [DEBUG] [eatsslim-0120160227070638d48a4c11dd87316b39420809e47049a16dba54cb] LGD_FINANCENAME = 
2016-02-27 07:06:39 [DEBUG] [eatsslim-0120160227070638d48a4c11dd87316b39420809e47049a16dba54cb] 	신한VISA
2016-02-27 07:06:39 [DEBUG] [eatsslim-0120160227070638d48a4c11dd87316b39420809e47049a16dba54cb] LGD_FINANCEAUTHNUM = 
2016-02-27 07:06:39 [DEBUG] [eatsslim-0120160227070638d48a4c11dd87316b39420809e47049a16dba54cb] 	30893688
2016-02-27 07:06:39 [DEBUG] [eatsslim-0120160227070638d48a4c11dd87316b39420809e47049a16dba54cb] LGD_PCANCELFLAG = 
2016-02-27 07:06:39 [DEBUG] [eatsslim-0120160227070638d48a4c11dd87316b39420809e47049a16dba54cb] 	1
2016-02-27 07:06:39 [DEBUG] [eatsslim-0120160227070638d48a4c11dd87316b39420809e47049a16dba54cb] LGD_DELIVERYINFO = 
2016-02-27 07:06:39 [DEBUG] [eatsslim-0120160227070638d48a4c11dd87316b39420809e47049a16dba54cb] 	
2016-02-27 07:06:39 [DEBUG] [eatsslim-0120160227070638d48a4c11dd87316b39420809e47049a16dba54cb] LGD_BUYER = 
2016-02-27 07:06:39 [DEBUG] [eatsslim-0120160227070638d48a4c11dd87316b39420809e47049a16dba54cb] 	남창희
2016-02-27 07:06:39 [DEBUG] [eatsslim-0120160227070638d48a4c11dd87316b39420809e47049a16dba54cb] LGD_AFFILIATECODE = 
2016-02-27 07:06:39 [DEBUG] [eatsslim-0120160227070638d48a4c11dd87316b39420809e47049a16dba54cb] 	AFG03J
2016-02-27 07:06:39 [DEBUG] [eatsslim-0120160227070638d48a4c11dd87316b39420809e47049a16dba54cb] LGD_TRANSAMOUNT = 
2016-02-27 07:06:39 [DEBUG] [eatsslim-0120160227070638d48a4c11dd87316b39420809e47049a16dba54cb] 	165600
2016-02-27 07:06:39 [DEBUG] [eatsslim-0120160227070638d48a4c11dd87316b39420809e47049a16dba54cb] LGD_BUYERID = 
2016-02-27 07:06:39 [DEBUG] [eatsslim-0120160227070638d48a4c11dd87316b39420809e47049a16dba54cb] 	
2016-02-27 07:06:39 [DEBUG] [eatsslim-0120160227070638d48a4c11dd87316b39420809e47049a16dba54cb] LGD_OID = 
2016-02-27 07:06:39 [DEBUG] [eatsslim-0120160227070638d48a4c11dd87316b39420809e47049a16dba54cb] 	ESS160227070458001
2016-02-27 07:06:39 [DEBUG] [eatsslim-0120160227070638d48a4c11dd87316b39420809e47049a16dba54cb] LGD_CARDNUM = 
2016-02-27 07:06:39 [DEBUG] [eatsslim-0120160227070638d48a4c11dd87316b39420809e47049a16dba54cb] 	461724******4179
2016-02-27 07:06:39 [DEBUG] [eatsslim-0120160227070638d48a4c11dd87316b39420809e47049a16dba54cb] LGD_RECEIVERPHONE = 
2016-02-27 07:06:39 [DEBUG] [eatsslim-0120160227070638d48a4c11dd87316b39420809e47049a16dba54cb] 	
2016-02-27 07:06:39 [DEBUG] [eatsslim-0120160227070638d48a4c11dd87316b39420809e47049a16dba54cb] LGD_2TR_FLAG = 
2016-02-27 07:06:39 [DEBUG] [eatsslim-0120160227070638d48a4c11dd87316b39420809e47049a16dba54cb] 	Y
2016-02-27 07:06:39 [DEBUG] [eatsslim-0120160227070638d48a4c11dd87316b39420809e47049a16dba54cb] LGD_DEVICE = 
2016-02-27 07:06:39 [DEBUG] [eatsslim-0120160227070638d48a4c11dd87316b39420809e47049a16dba54cb] 	iPhone
2016-02-27 07:06:39 [DEBUG] [eatsslim-0120160227070638d48a4c11dd87316b39420809e47049a16dba54cb] LGD_TID = 
2016-02-27 07:06:39 [DEBUG] [eatsslim-0120160227070638d48a4c11dd87316b39420809e47049a16dba54cb] 	eatss2016022707063910537
2016-02-27 07:06:39 [DEBUG] [eatsslim-0120160227070638d48a4c11dd87316b39420809e47049a16dba54cb] LGD_TIMESTAMP = 
2016-02-27 07:06:39 [DEBUG] [eatsslim-0120160227070638d48a4c11dd87316b39420809e47049a16dba54cb] 	20160227070640
2016-02-27 07:06:39 [DEBUG] [eatsslim-0120160227070638d48a4c11dd87316b39420809e47049a16dba54cb] LGD_FINANCECODE = 
2016-02-27 07:06:39 [DEBUG] [eatsslim-0120160227070638d48a4c11dd87316b39420809e47049a16dba54cb] 	41100
2016-02-27 07:06:39 [DEBUG] [eatsslim-0120160227070638d48a4c11dd87316b39420809e47049a16dba54cb] LGD_CARDNOINTYN = 
2016-02-27 07:06:39 [DEBUG] [eatsslim-0120160227070638d48a4c11dd87316b39420809e47049a16dba54cb] 	0
2016-02-27 07:06:39 [DEBUG] [eatsslim-0120160227070638d48a4c11dd87316b39420809e47049a16dba54cb] LGD_PCANCELSTR = 
2016-02-27 07:06:39 [DEBUG] [eatsslim-0120160227070638d48a4c11dd87316b39420809e47049a16dba54cb] 	0
2016-02-27 07:06:39 [DEBUG] [eatsslim-0120160227070638d48a4c11dd87316b39420809e47049a16dba54cb] LGD_DISCOUNTUSEYN = 
2016-02-27 07:06:39 [DEBUG] [eatsslim-0120160227070638d48a4c11dd87316b39420809e47049a16dba54cb] 	0
2016-02-27 07:06:39 [DEBUG] [eatsslim-0120160227070638d48a4c11dd87316b39420809e47049a16dba54cb] LGD_BUYERPHONE = 
2016-02-27 07:06:39 [DEBUG] [eatsslim-0120160227070638d48a4c11dd87316b39420809e47049a16dba54cb] 	01036770329
2016-02-27 07:06:39 [DEBUG] [eatsslim-0120160227070638d48a4c11dd87316b39420809e47049a16dba54cb] LGD_ESCROWYN = 
2016-02-27 07:06:39 [DEBUG] [eatsslim-0120160227070638d48a4c11dd87316b39420809e47049a16dba54cb] 	N
2016-02-27 07:06:39 [DEBUG] [eatsslim-0120160227070638d48a4c11dd87316b39420809e47049a16dba54cb] LGD_PAYTYPE = 
2016-02-27 07:06:39 [DEBUG] [eatsslim-0120160227070638d48a4c11dd87316b39420809e47049a16dba54cb] 	SC0010
2016-02-27 07:06:39 [DEBUG] [eatsslim-0120160227070638d48a4c11dd87316b39420809e47049a16dba54cb] LGD_AMOUNT = 
2016-02-27 07:06:39 [DEBUG] [eatsslim-0120160227070638d48a4c11dd87316b39420809e47049a16dba54cb] 	165600
2016-02-27 07:06:39 [DEBUG] [eatsslim-0120160227070638d48a4c11dd87316b39420809e47049a16dba54cb] LGD_VANCODE = 
2016-02-27 07:06:39 [DEBUG] [eatsslim-0120160227070638d48a4c11dd87316b39420809e47049a16dba54cb] 	van0003
2016-02-27 07:06:39 [DEBUG] [eatsslim-0120160227070638d48a4c11dd87316b39420809e47049a16dba54cb] LGD_EXCHANGERATE = 
2016-02-27 07:06:39 [DEBUG] [eatsslim-0120160227070638d48a4c11dd87316b39420809e47049a16dba54cb] 	1.0
2016-02-27 07:06:39 [DEBUG] [eatsslim-0120160227070638d48a4c11dd87316b39420809e47049a16dba54cb] LGD_BUYERSSN = 
2016-02-27 07:06:39 [DEBUG] [eatsslim-0120160227070638d48a4c11dd87316b39420809e47049a16dba54cb] 	
2016-02-27 07:06:39 [DEBUG] [eatsslim-0120160227070638d48a4c11dd87316b39420809e47049a16dba54cb] LGD_CARDINSTALLMONTH = 
2016-02-27 07:06:39 [DEBUG] [eatsslim-0120160227070638d48a4c11dd87316b39420809e47049a16dba54cb] 	00
2016-02-27 07:06:39 [DEBUG] [eatsslim-0120160227070638d48a4c11dd87316b39420809e47049a16dba54cb] LGD_RESPMSG = 
2016-02-27 07:06:39 [DEBUG] [eatsslim-0120160227070638d48a4c11dd87316b39420809e47049a16dba54cb] 	결제성공
2016-02-27 07:06:39 [DEBUG] [eatsslim-0120160227070638d48a4c11dd87316b39420809e47049a16dba54cb] LGD_PAYDATE = 
2016-02-27 07:06:39 [DEBUG] [eatsslim-0120160227070638d48a4c11dd87316b39420809e47049a16dba54cb] 	20160227070640
2016-02-27 07:06:39 [DEBUG] [eatsslim-0120160227070638d48a4c11dd87316b39420809e47049a16dba54cb] LGD_PRODUCTINFO = 
2016-02-27 07:06:39 [DEBUG] [eatsslim-0120160227070638d48a4c11dd87316b39420809e47049a16dba54cb] 	알라까르떼 슬림+알라까르떼 헬씨
2016-02-27 07:06:39 [DEBUG] [eatsslim-0120160227070638d48a4c11dd87316b39420809e47049a16dba54cb] LGD_PRODUCTCODE = 
2016-02-27 07:06:39 [DEBUG] [eatsslim-0120160227070638d48a4c11dd87316b39420809e47049a16dba54cb] 	
2016-02-27 07:06:39 [DEBUG] [eatsslim-0120160227070638d48a4c11dd87316b39420809e47049a16dba54cb] LGD_HASHDATA = 
2016-02-27 07:06:39 [DEBUG] [eatsslim-0120160227070638d48a4c11dd87316b39420809e47049a16dba54cb] 	40fe9e9f50071ca6e334b70826abf5d7
2016-02-27 07:06:39 [DEBUG] [eatsslim-0120160227070638d48a4c11dd87316b39420809e47049a16dba54cb] LGD_CARDGUBUN1 = 
2016-02-27 07:06:39 [DEBUG] [eatsslim-0120160227070638d48a4c11dd87316b39420809e47049a16dba54cb] 	0
2016-02-27 07:06:39 [DEBUG] [eatsslim-0120160227070638d48a4c11dd87316b39420809e47049a16dba54cb] LGD_BUYERADDRESS = 
2016-02-27 07:06:39 [DEBUG] [eatsslim-0120160227070638d48a4c11dd87316b39420809e47049a16dba54cb] 	
2016-02-27 07:06:39 [DEBUG] [eatsslim-0120160227070638d48a4c11dd87316b39420809e47049a16dba54cb] LGD_CARDGUBUN2 = 
2016-02-27 07:06:39 [DEBUG] [eatsslim-0120160227070638d48a4c11dd87316b39420809e47049a16dba54cb] 	0
2016-02-27 07:06:39 [DEBUG] [eatsslim-0120160227070638d48a4c11dd87316b39420809e47049a16dba54cb] LGD_RESPCODE = 
2016-02-27 07:06:39 [DEBUG] [eatsslim-0120160227070638d48a4c11dd87316b39420809e47049a16dba54cb] 	0000
2016-02-27 07:06:39 [DEBUG] [eatsslim-0120160227070638d48a4c11dd87316b39420809e47049a16dba54cb] LGD_RECEIVER = 
2016-02-27 07:06:39 [DEBUG] [eatsslim-0120160227070638d48a4c11dd87316b39420809e47049a16dba54cb] 	
2016-02-27 07:06:39 [DEBUG] [eatsslim-0120160227070638d48a4c11dd87316b39420809e47049a16dba54cb] LGD_BUYEREMAIL = 
2016-02-27 07:06:39 [DEBUG] [eatsslim-0120160227070638d48a4c11dd87316b39420809e47049a16dba54cb] 	drlittle@naver.com
2016-02-27 07:06:39 [DEBUG] [eatsslim-0120160227070638d48a4c11dd87316b39420809e47049a16dba54cb] LGD_DISCOUNTUSEAMOUNT = 
2016-02-27 07:06:39 [DEBUG] [eatsslim-0120160227070638d48a4c11dd87316b39420809e47049a16dba54cb] 	0
2016-02-27 07:06:39 [INFO ] [eatsslim-0120160227070638d48a4c11dd87316b39420809e47049a16dba54cb] m_szResCode = 0000
2016-02-27 07:06:39 [INFO ] [eatsslim-0120160227070638d48a4c11dd87316b39420809e47049a16dba54cb] m_szResMsg = 결제성공
2016-02-27 09:23:16 [DEBUG] [eatsslim-0120160227092316278858628802ff14875c404fed514491ddd9dfb8] LGD_TXID = eatsslim-0120160227092316278858628802ff14875c404fed514491ddd9dfb8
2016-02-27 09:23:16 [DEBUG] [eatsslim-0120160227092316278858628802ff14875c404fed514491ddd9dfb8] LGD_AUTHCODE = 71bdaeeb74c637bc9e90e52943c01ae2006e680c
2016-02-27 09:23:16 [DEBUG] [eatsslim-0120160227092316278858628802ff14875c404fed514491ddd9dfb8] LGD_MID = eatsslim
2016-02-27 09:23:16 [DEBUG] [eatsslim-0120160227092316278858628802ff14875c404fed514491ddd9dfb8] LGD_TXNAME = PartialCancel
2016-02-27 09:23:16 [DEBUG] [eatsslim-0120160227092316278858628802ff14875c404fed514491ddd9dfb8] LGD_TID = eatss2016021215111535161
2016-02-27 09:23:16 [DEBUG] [eatsslim-0120160227092316278858628802ff14875c404fed514491ddd9dfb8] LGD_CANCELAMOUNT = 302900
2016-02-27 09:23:16 [DEBUG] [eatsslim-0120160227092316278858628802ff14875c404fed514491ddd9dfb8] LGD_REMAINAMOUNT = 
2016-02-27 09:23:16 [DEBUG] [eatsslim-0120160227092316278858628802ff14875c404fed514491ddd9dfb8] LGD_RFBANKCODE = 
2016-02-27 09:23:16 [DEBUG] [eatsslim-0120160227092316278858628802ff14875c404fed514491ddd9dfb8] LGD_RFACCOUNTNUM = 
2016-02-27 09:23:16 [DEBUG] [eatsslim-0120160227092316278858628802ff14875c404fed514491ddd9dfb8] LGD_RFCUSTOMERNAME = 
2016-02-27 09:23:16 [DEBUG] [eatsslim-0120160227092316278858628802ff14875c404fed514491ddd9dfb8] LGD_RFPHONE = 
2016-02-27 09:23:16 [DEBUG] [eatsslim-0120160227092316278858628802ff14875c404fed514491ddd9dfb8] HTTP Status Code = 200
2016-02-27 09:23:16 [DEBUG] [eatsslim-0120160227092316278858628802ff14875c404fed514491ddd9dfb8] HTTP Content-Type = application/json
2016-02-27 09:23:16 [DEBUG] [eatsslim-0120160227092316278858628802ff14875c404fed514491ddd9dfb8] HTTP Response = 









{"LGD_RESPCODE":"0000","LGD_RESPMSG":"부분취소 성공","LGD_RESPONSE":[{"LGD_HASHDATA":"c480075b705a9b78c10471d1d3430794","LGD_PAYTYPE":"SC0010","LGD_MID":"eatsslim","LGD_TID":"eatss2016021215111535161","LGD_RESPCODE":"0000","LGD_TIMESTAMP":"20160227092317","LGD_CANREQDATE":"20160227092317","LGD_RESPMSG":"부분취소 성공","LGD_PARTIALCANCEL_SEQNO_SUB":"eatss2016021215111535161_11839722","LGD_RESPDATE":"20160227092317","LGD_OID":"ESS160212150358001"}]}

2016-02-27 09:23:16 [DEBUG] [eatsslim-0120160227092316278858628802ff14875c404fed514491ddd9dfb8] LGD_PAYTYPE = 
2016-02-27 09:23:16 [DEBUG] [eatsslim-0120160227092316278858628802ff14875c404fed514491ddd9dfb8] 	SC0010
2016-02-27 09:23:16 [DEBUG] [eatsslim-0120160227092316278858628802ff14875c404fed514491ddd9dfb8] LGD_HASHDATA = 
2016-02-27 09:23:16 [DEBUG] [eatsslim-0120160227092316278858628802ff14875c404fed514491ddd9dfb8] 	c480075b705a9b78c10471d1d3430794
2016-02-27 09:23:16 [DEBUG] [eatsslim-0120160227092316278858628802ff14875c404fed514491ddd9dfb8] LGD_MID = 
2016-02-27 09:23:16 [DEBUG] [eatsslim-0120160227092316278858628802ff14875c404fed514491ddd9dfb8] 	eatsslim
2016-02-27 09:23:16 [DEBUG] [eatsslim-0120160227092316278858628802ff14875c404fed514491ddd9dfb8] LGD_TID = 
2016-02-27 09:23:16 [DEBUG] [eatsslim-0120160227092316278858628802ff14875c404fed514491ddd9dfb8] 	eatss2016021215111535161
2016-02-27 09:23:16 [DEBUG] [eatsslim-0120160227092316278858628802ff14875c404fed514491ddd9dfb8] LGD_RESPCODE = 
2016-02-27 09:23:16 [DEBUG] [eatsslim-0120160227092316278858628802ff14875c404fed514491ddd9dfb8] 	0000
2016-02-27 09:23:16 [DEBUG] [eatsslim-0120160227092316278858628802ff14875c404fed514491ddd9dfb8] LGD_CANREQDATE = 
2016-02-27 09:23:16 [DEBUG] [eatsslim-0120160227092316278858628802ff14875c404fed514491ddd9dfb8] 	20160227092317
2016-02-27 09:23:16 [DEBUG] [eatsslim-0120160227092316278858628802ff14875c404fed514491ddd9dfb8] LGD_TIMESTAMP = 
2016-02-27 09:23:16 [DEBUG] [eatsslim-0120160227092316278858628802ff14875c404fed514491ddd9dfb8] 	20160227092317
2016-02-27 09:23:16 [DEBUG] [eatsslim-0120160227092316278858628802ff14875c404fed514491ddd9dfb8] LGD_RESPMSG = 
2016-02-27 09:23:16 [DEBUG] [eatsslim-0120160227092316278858628802ff14875c404fed514491ddd9dfb8] 	부분취소 성공
2016-02-27 09:23:16 [DEBUG] [eatsslim-0120160227092316278858628802ff14875c404fed514491ddd9dfb8] LGD_PARTIALCANCEL_SEQNO_SUB = 
2016-02-27 09:23:16 [DEBUG] [eatsslim-0120160227092316278858628802ff14875c404fed514491ddd9dfb8] 	eatss2016021215111535161_11839722
2016-02-27 09:23:16 [DEBUG] [eatsslim-0120160227092316278858628802ff14875c404fed514491ddd9dfb8] LGD_OID = 
2016-02-27 09:23:16 [DEBUG] [eatsslim-0120160227092316278858628802ff14875c404fed514491ddd9dfb8] 	ESS160212150358001
2016-02-27 09:23:16 [DEBUG] [eatsslim-0120160227092316278858628802ff14875c404fed514491ddd9dfb8] LGD_RESPDATE = 
2016-02-27 09:23:16 [DEBUG] [eatsslim-0120160227092316278858628802ff14875c404fed514491ddd9dfb8] 	20160227092317
2016-02-27 09:23:16 [INFO ] [eatsslim-0120160227092316278858628802ff14875c404fed514491ddd9dfb8] m_szResCode = 0000
2016-02-27 09:23:16 [INFO ] [eatsslim-0120160227092316278858628802ff14875c404fed514491ddd9dfb8] m_szResMsg = 부분취소 성공
2016-02-27 10:13:23 [DEBUG] [eatsslim-0120160227101323d19a2911ae01540e01b761a6013c10a5eca6d2d4] LGD_TXID = eatsslim-0120160227101323d19a2911ae01540e01b761a6013c10a5eca6d2d4
2016-02-27 10:13:23 [DEBUG] [eatsslim-0120160227101323d19a2911ae01540e01b761a6013c10a5eca6d2d4] LGD_AUTHCODE = bc15b662662a026ed88964e8867485ac21456453
2016-02-27 10:13:23 [DEBUG] [eatsslim-0120160227101323d19a2911ae01540e01b761a6013c10a5eca6d2d4] LGD_MID = eatsslim
2016-02-27 10:13:23 [DEBUG] [eatsslim-0120160227101323d19a2911ae01540e01b761a6013c10a5eca6d2d4] LGD_TXNAME = PaymentByKey
2016-02-27 10:13:23 [DEBUG] [eatsslim-0120160227101323d19a2911ae01540e01b761a6013c10a5eca6d2d4] LGD_PAYKEY = 2016022710132467CB33ED4F587BC9D40297318B6583A3221936D8
2016-02-27 10:13:25 [DEBUG] [eatsslim-0120160227101323d19a2911ae01540e01b761a6013c10a5eca6d2d4] HTTP Status Code = 200
2016-02-27 10:13:25 [DEBUG] [eatsslim-0120160227101323d19a2911ae01540e01b761a6013c10a5eca6d2d4] HTTP Content-Type = application/json
2016-02-27 10:13:25 [DEBUG] [eatsslim-0120160227101323d19a2911ae01540e01b761a6013c10a5eca6d2d4] HTTP Response = 









{"LGD_RESPCODE":"0000","LGD_RESPMSG":"결제성공","LGD_RESPONSE":[{"LGD_CARDACQUIRER":"71","LGD_CARDNOINTEREST_YN":"0","LGD_IFOS":"3M9S0M","LGD_MID":"eatsslim","LGD_FINANCENAME":"롯데","LGD_PCANCELFLAG":"1","LGD_FINANCEAUTHNUM":"43988253","LGD_DELIVERYINFO":"","LGD_BUYER":"이민희","LGD_AFFILIATECODE":"******","LGD_TRANSAMOUNT":"168000","LGD_BUYERID":"","LGD_OID":"ESS160227101207001","LGD_CARDNUM":"940951******2215","LGD_RECEIVERPHONE":"","LGD_2TR_FLAG":"Y","LGD_DEVICE":"iPhone","LGD_TID":"eatss2016022710132403362","LGD_TIMESTAMP":"20160227101326","LGD_FINANCECODE":"71000","LGD_CARDNOINTYN":"0","LGD_PCANCELSTR":"0","LGD_DISCOUNTUSEYN":"0","LGD_BUYERPHONE":"","LGD_ESCROWYN":"N","LGD_PAYTYPE":"SC0010","LGD_AMOUNT":"168000","LGD_VANCODE":"van0003","LGD_EXCHANGERATE":"1.0","LGD_BUYERSSN":"","LGD_CARDINSTALLMONTH":"00","LGD_RESPMSG":"결제성공","LGD_PAYDATE":"20160227101325","LGD_PRODUCTINFO":"퀴진+알라까르떼 헬씨","LGD_PRODUCTCODE":"","LGD_HASHDATA":"6744ad469c869c01cb6fbf0baba5e272","LGD_CARDGUBUN1":"9","LGD_CARDGUBUN2":"1","LGD_BUYERADDRESS":"","LGD_RECEIVER":"","LGD_RESPCODE":"0000","LGD_BUYEREMAIL":"lovemini94@gmail.com","LGD_DISCOUNTUSEAMOUNT":"0"}]}

2016-02-27 10:13:25 [DEBUG] [eatsslim-0120160227101323d19a2911ae01540e01b761a6013c10a5eca6d2d4] LGD_CARDACQUIRER = 
2016-02-27 10:13:25 [DEBUG] [eatsslim-0120160227101323d19a2911ae01540e01b761a6013c10a5eca6d2d4] 	71
2016-02-27 10:13:25 [DEBUG] [eatsslim-0120160227101323d19a2911ae01540e01b761a6013c10a5eca6d2d4] LGD_MID = 
2016-02-27 10:13:25 [DEBUG] [eatsslim-0120160227101323d19a2911ae01540e01b761a6013c10a5eca6d2d4] 	eatsslim
2016-02-27 10:13:25 [DEBUG] [eatsslim-0120160227101323d19a2911ae01540e01b761a6013c10a5eca6d2d4] LGD_IFOS = 
2016-02-27 10:13:25 [DEBUG] [eatsslim-0120160227101323d19a2911ae01540e01b761a6013c10a5eca6d2d4] 	3M9S0M
2016-02-27 10:13:25 [DEBUG] [eatsslim-0120160227101323d19a2911ae01540e01b761a6013c10a5eca6d2d4] LGD_CARDNOINTEREST_YN = 
2016-02-27 10:13:25 [DEBUG] [eatsslim-0120160227101323d19a2911ae01540e01b761a6013c10a5eca6d2d4] 	0
2016-02-27 10:13:25 [DEBUG] [eatsslim-0120160227101323d19a2911ae01540e01b761a6013c10a5eca6d2d4] LGD_FINANCENAME = 
2016-02-27 10:13:25 [DEBUG] [eatsslim-0120160227101323d19a2911ae01540e01b761a6013c10a5eca6d2d4] 	롯데
2016-02-27 10:13:25 [DEBUG] [eatsslim-0120160227101323d19a2911ae01540e01b761a6013c10a5eca6d2d4] LGD_FINANCEAUTHNUM = 
2016-02-27 10:13:25 [DEBUG] [eatsslim-0120160227101323d19a2911ae01540e01b761a6013c10a5eca6d2d4] 	43988253
2016-02-27 10:13:25 [DEBUG] [eatsslim-0120160227101323d19a2911ae01540e01b761a6013c10a5eca6d2d4] LGD_PCANCELFLAG = 
2016-02-27 10:13:25 [DEBUG] [eatsslim-0120160227101323d19a2911ae01540e01b761a6013c10a5eca6d2d4] 	1
2016-02-27 10:13:25 [DEBUG] [eatsslim-0120160227101323d19a2911ae01540e01b761a6013c10a5eca6d2d4] LGD_DELIVERYINFO = 
2016-02-27 10:13:25 [DEBUG] [eatsslim-0120160227101323d19a2911ae01540e01b761a6013c10a5eca6d2d4] 	
2016-02-27 10:13:25 [DEBUG] [eatsslim-0120160227101323d19a2911ae01540e01b761a6013c10a5eca6d2d4] LGD_BUYER = 
2016-02-27 10:13:25 [DEBUG] [eatsslim-0120160227101323d19a2911ae01540e01b761a6013c10a5eca6d2d4] 	이민희
2016-02-27 10:13:25 [DEBUG] [eatsslim-0120160227101323d19a2911ae01540e01b761a6013c10a5eca6d2d4] LGD_AFFILIATECODE = 
2016-02-27 10:13:25 [DEBUG] [eatsslim-0120160227101323d19a2911ae01540e01b761a6013c10a5eca6d2d4] 	******
2016-02-27 10:13:25 [DEBUG] [eatsslim-0120160227101323d19a2911ae01540e01b761a6013c10a5eca6d2d4] LGD_TRANSAMOUNT = 
2016-02-27 10:13:25 [DEBUG] [eatsslim-0120160227101323d19a2911ae01540e01b761a6013c10a5eca6d2d4] 	168000
2016-02-27 10:13:25 [DEBUG] [eatsslim-0120160227101323d19a2911ae01540e01b761a6013c10a5eca6d2d4] LGD_BUYERID = 
2016-02-27 10:13:25 [DEBUG] [eatsslim-0120160227101323d19a2911ae01540e01b761a6013c10a5eca6d2d4] 	
2016-02-27 10:13:25 [DEBUG] [eatsslim-0120160227101323d19a2911ae01540e01b761a6013c10a5eca6d2d4] LGD_OID = 
2016-02-27 10:13:25 [DEBUG] [eatsslim-0120160227101323d19a2911ae01540e01b761a6013c10a5eca6d2d4] 	ESS160227101207001
2016-02-27 10:13:25 [DEBUG] [eatsslim-0120160227101323d19a2911ae01540e01b761a6013c10a5eca6d2d4] LGD_CARDNUM = 
2016-02-27 10:13:25 [DEBUG] [eatsslim-0120160227101323d19a2911ae01540e01b761a6013c10a5eca6d2d4] 	940951******2215
2016-02-27 10:13:25 [DEBUG] [eatsslim-0120160227101323d19a2911ae01540e01b761a6013c10a5eca6d2d4] LGD_RECEIVERPHONE = 
2016-02-27 10:13:25 [DEBUG] [eatsslim-0120160227101323d19a2911ae01540e01b761a6013c10a5eca6d2d4] 	
2016-02-27 10:13:25 [DEBUG] [eatsslim-0120160227101323d19a2911ae01540e01b761a6013c10a5eca6d2d4] LGD_2TR_FLAG = 
2016-02-27 10:13:25 [DEBUG] [eatsslim-0120160227101323d19a2911ae01540e01b761a6013c10a5eca6d2d4] 	Y
2016-02-27 10:13:25 [DEBUG] [eatsslim-0120160227101323d19a2911ae01540e01b761a6013c10a5eca6d2d4] LGD_DEVICE = 
2016-02-27 10:13:25 [DEBUG] [eatsslim-0120160227101323d19a2911ae01540e01b761a6013c10a5eca6d2d4] 	iPhone
2016-02-27 10:13:25 [DEBUG] [eatsslim-0120160227101323d19a2911ae01540e01b761a6013c10a5eca6d2d4] LGD_TID = 
2016-02-27 10:13:25 [DEBUG] [eatsslim-0120160227101323d19a2911ae01540e01b761a6013c10a5eca6d2d4] 	eatss2016022710132403362
2016-02-27 10:13:25 [DEBUG] [eatsslim-0120160227101323d19a2911ae01540e01b761a6013c10a5eca6d2d4] LGD_TIMESTAMP = 
2016-02-27 10:13:25 [DEBUG] [eatsslim-0120160227101323d19a2911ae01540e01b761a6013c10a5eca6d2d4] 	20160227101326
2016-02-27 10:13:25 [DEBUG] [eatsslim-0120160227101323d19a2911ae01540e01b761a6013c10a5eca6d2d4] LGD_FINANCECODE = 
2016-02-27 10:13:25 [DEBUG] [eatsslim-0120160227101323d19a2911ae01540e01b761a6013c10a5eca6d2d4] 	71000
2016-02-27 10:13:25 [DEBUG] [eatsslim-0120160227101323d19a2911ae01540e01b761a6013c10a5eca6d2d4] LGD_CARDNOINTYN = 
2016-02-27 10:13:25 [DEBUG] [eatsslim-0120160227101323d19a2911ae01540e01b761a6013c10a5eca6d2d4] 	0
2016-02-27 10:13:25 [DEBUG] [eatsslim-0120160227101323d19a2911ae01540e01b761a6013c10a5eca6d2d4] LGD_PCANCELSTR = 
2016-02-27 10:13:25 [DEBUG] [eatsslim-0120160227101323d19a2911ae01540e01b761a6013c10a5eca6d2d4] 	0
2016-02-27 10:13:25 [DEBUG] [eatsslim-0120160227101323d19a2911ae01540e01b761a6013c10a5eca6d2d4] LGD_DISCOUNTUSEYN = 
2016-02-27 10:13:25 [DEBUG] [eatsslim-0120160227101323d19a2911ae01540e01b761a6013c10a5eca6d2d4] 	0
2016-02-27 10:13:25 [DEBUG] [eatsslim-0120160227101323d19a2911ae01540e01b761a6013c10a5eca6d2d4] LGD_BUYERPHONE = 
2016-02-27 10:13:25 [DEBUG] [eatsslim-0120160227101323d19a2911ae01540e01b761a6013c10a5eca6d2d4] 	
2016-02-27 10:13:25 [DEBUG] [eatsslim-0120160227101323d19a2911ae01540e01b761a6013c10a5eca6d2d4] LGD_ESCROWYN = 
2016-02-27 10:13:25 [DEBUG] [eatsslim-0120160227101323d19a2911ae01540e01b761a6013c10a5eca6d2d4] 	N
2016-02-27 10:13:25 [DEBUG] [eatsslim-0120160227101323d19a2911ae01540e01b761a6013c10a5eca6d2d4] LGD_PAYTYPE = 
2016-02-27 10:13:25 [DEBUG] [eatsslim-0120160227101323d19a2911ae01540e01b761a6013c10a5eca6d2d4] 	SC0010
2016-02-27 10:13:25 [DEBUG] [eatsslim-0120160227101323d19a2911ae01540e01b761a6013c10a5eca6d2d4] LGD_AMOUNT = 
2016-02-27 10:13:25 [DEBUG] [eatsslim-0120160227101323d19a2911ae01540e01b761a6013c10a5eca6d2d4] 	168000
2016-02-27 10:13:25 [DEBUG] [eatsslim-0120160227101323d19a2911ae01540e01b761a6013c10a5eca6d2d4] LGD_VANCODE = 
2016-02-27 10:13:25 [DEBUG] [eatsslim-0120160227101323d19a2911ae01540e01b761a6013c10a5eca6d2d4] 	van0003
2016-02-27 10:13:25 [DEBUG] [eatsslim-0120160227101323d19a2911ae01540e01b761a6013c10a5eca6d2d4] LGD_EXCHANGERATE = 
2016-02-27 10:13:25 [DEBUG] [eatsslim-0120160227101323d19a2911ae01540e01b761a6013c10a5eca6d2d4] 	1.0
2016-02-27 10:13:25 [DEBUG] [eatsslim-0120160227101323d19a2911ae01540e01b761a6013c10a5eca6d2d4] LGD_BUYERSSN = 
2016-02-27 10:13:25 [DEBUG] [eatsslim-0120160227101323d19a2911ae01540e01b761a6013c10a5eca6d2d4] 	
2016-02-27 10:13:25 [DEBUG] [eatsslim-0120160227101323d19a2911ae01540e01b761a6013c10a5eca6d2d4] LGD_CARDINSTALLMONTH = 
2016-02-27 10:13:25 [DEBUG] [eatsslim-0120160227101323d19a2911ae01540e01b761a6013c10a5eca6d2d4] 	00
2016-02-27 10:13:25 [DEBUG] [eatsslim-0120160227101323d19a2911ae01540e01b761a6013c10a5eca6d2d4] LGD_RESPMSG = 
2016-02-27 10:13:25 [DEBUG] [eatsslim-0120160227101323d19a2911ae01540e01b761a6013c10a5eca6d2d4] 	결제성공
2016-02-27 10:13:25 [DEBUG] [eatsslim-0120160227101323d19a2911ae01540e01b761a6013c10a5eca6d2d4] LGD_PAYDATE = 
2016-02-27 10:13:25 [DEBUG] [eatsslim-0120160227101323d19a2911ae01540e01b761a6013c10a5eca6d2d4] 	20160227101325
2016-02-27 10:13:25 [DEBUG] [eatsslim-0120160227101323d19a2911ae01540e01b761a6013c10a5eca6d2d4] LGD_PRODUCTINFO = 
2016-02-27 10:13:25 [DEBUG] [eatsslim-0120160227101323d19a2911ae01540e01b761a6013c10a5eca6d2d4] 	퀴진+알라까르떼 헬씨
2016-02-27 10:13:25 [DEBUG] [eatsslim-0120160227101323d19a2911ae01540e01b761a6013c10a5eca6d2d4] LGD_PRODUCTCODE = 
2016-02-27 10:13:25 [DEBUG] [eatsslim-0120160227101323d19a2911ae01540e01b761a6013c10a5eca6d2d4] 	
2016-02-27 10:13:25 [DEBUG] [eatsslim-0120160227101323d19a2911ae01540e01b761a6013c10a5eca6d2d4] LGD_HASHDATA = 
2016-02-27 10:13:25 [DEBUG] [eatsslim-0120160227101323d19a2911ae01540e01b761a6013c10a5eca6d2d4] 	6744ad469c869c01cb6fbf0baba5e272
2016-02-27 10:13:25 [DEBUG] [eatsslim-0120160227101323d19a2911ae01540e01b761a6013c10a5eca6d2d4] LGD_CARDGUBUN1 = 
2016-02-27 10:13:25 [DEBUG] [eatsslim-0120160227101323d19a2911ae01540e01b761a6013c10a5eca6d2d4] 	9
2016-02-27 10:13:25 [DEBUG] [eatsslim-0120160227101323d19a2911ae01540e01b761a6013c10a5eca6d2d4] LGD_BUYERADDRESS = 
2016-02-27 10:13:25 [DEBUG] [eatsslim-0120160227101323d19a2911ae01540e01b761a6013c10a5eca6d2d4] 	
2016-02-27 10:13:25 [DEBUG] [eatsslim-0120160227101323d19a2911ae01540e01b761a6013c10a5eca6d2d4] LGD_CARDGUBUN2 = 
2016-02-27 10:13:25 [DEBUG] [eatsslim-0120160227101323d19a2911ae01540e01b761a6013c10a5eca6d2d4] 	1
2016-02-27 10:13:25 [DEBUG] [eatsslim-0120160227101323d19a2911ae01540e01b761a6013c10a5eca6d2d4] LGD_RESPCODE = 
2016-02-27 10:13:25 [DEBUG] [eatsslim-0120160227101323d19a2911ae01540e01b761a6013c10a5eca6d2d4] 	0000
2016-02-27 10:13:25 [DEBUG] [eatsslim-0120160227101323d19a2911ae01540e01b761a6013c10a5eca6d2d4] LGD_RECEIVER = 
2016-02-27 10:13:25 [DEBUG] [eatsslim-0120160227101323d19a2911ae01540e01b761a6013c10a5eca6d2d4] 	
2016-02-27 10:13:25 [DEBUG] [eatsslim-0120160227101323d19a2911ae01540e01b761a6013c10a5eca6d2d4] LGD_BUYEREMAIL = 
2016-02-27 10:13:25 [DEBUG] [eatsslim-0120160227101323d19a2911ae01540e01b761a6013c10a5eca6d2d4] 	lovemini94@gmail.com
2016-02-27 10:13:25 [DEBUG] [eatsslim-0120160227101323d19a2911ae01540e01b761a6013c10a5eca6d2d4] LGD_DISCOUNTUSEAMOUNT = 
2016-02-27 10:13:25 [DEBUG] [eatsslim-0120160227101323d19a2911ae01540e01b761a6013c10a5eca6d2d4] 	0
2016-02-27 10:13:25 [INFO ] [eatsslim-0120160227101323d19a2911ae01540e01b761a6013c10a5eca6d2d4] m_szResCode = 0000
2016-02-27 10:13:25 [INFO ] [eatsslim-0120160227101323d19a2911ae01540e01b761a6013c10a5eca6d2d4] m_szResMsg = 결제성공
2016-02-27 11:10:38 [DEBUG] [eatsslim-0120160227111038bc691f2bf571028ce8e2858021018295facfa0e6] LGD_TXID = eatsslim-0120160227111038bc691f2bf571028ce8e2858021018295facfa0e6
2016-02-27 11:10:38 [DEBUG] [eatsslim-0120160227111038bc691f2bf571028ce8e2858021018295facfa0e6] LGD_AUTHCODE = dd527613d660f317971ab9a64cbd2fa8cc5e3e8a
2016-02-27 11:10:38 [DEBUG] [eatsslim-0120160227111038bc691f2bf571028ce8e2858021018295facfa0e6] LGD_MID = eatsslim
2016-02-27 11:10:38 [DEBUG] [eatsslim-0120160227111038bc691f2bf571028ce8e2858021018295facfa0e6] LGD_TXNAME = Cancel
2016-02-27 11:10:38 [DEBUG] [eatsslim-0120160227111038bc691f2bf571028ce8e2858021018295facfa0e6] LGD_TID = eatss2016022313280765865
2016-02-27 11:10:38 [DEBUG] [eatsslim-0120160227111038bc691f2bf571028ce8e2858021018295facfa0e6] LGD_CANCELAMOUNT = 
2016-02-27 11:10:38 [DEBUG] [eatsslim-0120160227111038bc691f2bf571028ce8e2858021018295facfa0e6] LGD_REMAINAMOUNT = 
2016-02-27 11:10:38 [DEBUG] [eatsslim-0120160227111038bc691f2bf571028ce8e2858021018295facfa0e6] LGD_RFBANKCODE = 11
2016-02-27 11:10:38 [DEBUG] [eatsslim-0120160227111038bc691f2bf571028ce8e2858021018295facfa0e6] LGD_RFACCOUNTNUM = 0108999715709
2016-02-27 11:10:38 [DEBUG] [eatsslim-0120160227111038bc691f2bf571028ce8e2858021018295facfa0e6] LGD_RFCUSTOMERNAME = ì¤íì
2016-02-27 11:10:38 [DEBUG] [eatsslim-0120160227111038bc691f2bf571028ce8e2858021018295facfa0e6] LGD_RFPHONE = 010-8999-7157
2016-02-27 11:10:38 [DEBUG] [eatsslim-0120160227111038bc691f2bf571028ce8e2858021018295facfa0e6] HTTP Status Code = 200
2016-02-27 11:10:38 [DEBUG] [eatsslim-0120160227111038bc691f2bf571028ce8e2858021018295facfa0e6] HTTP Content-Type = application/json
2016-02-27 11:10:38 [DEBUG] [eatsslim-0120160227111038bc691f2bf571028ce8e2858021018295facfa0e6] HTTP Response = 









{"LGD_RESPCODE":"RF24","LGD_RESPMSG":"요청하신 건에 대해 입금된 내역이 없습니다","LGD_RESPONSE":[{"LGD_HASHDATA":"e2a2ba27916f508cc48c8368d355e2d9","LGD_RESPCODE":"RF24","LGD_TIMESTAMP":"20160227111038","LGD_CANREQDATE":"","LGD_RESPMSG":"요청하신 건에 대해 입금된 내역이 없습니다","LGD_CASSEQNO":null}]}

2016-02-27 11:10:38 [DEBUG] [eatsslim-0120160227111038bc691f2bf571028ce8e2858021018295facfa0e6] LGD_HASHDATA = 
2016-02-27 11:10:38 [DEBUG] [eatsslim-0120160227111038bc691f2bf571028ce8e2858021018295facfa0e6] 	e2a2ba27916f508cc48c8368d355e2d9
2016-02-27 11:10:38 [DEBUG] [eatsslim-0120160227111038bc691f2bf571028ce8e2858021018295facfa0e6] LGD_RESPCODE = 
2016-02-27 11:10:38 [DEBUG] [eatsslim-0120160227111038bc691f2bf571028ce8e2858021018295facfa0e6] 	RF24
2016-02-27 11:10:38 [DEBUG] [eatsslim-0120160227111038bc691f2bf571028ce8e2858021018295facfa0e6] LGD_CANREQDATE = 
2016-02-27 11:10:38 [DEBUG] [eatsslim-0120160227111038bc691f2bf571028ce8e2858021018295facfa0e6] 	
2016-02-27 11:10:38 [DEBUG] [eatsslim-0120160227111038bc691f2bf571028ce8e2858021018295facfa0e6] LGD_TIMESTAMP = 
2016-02-27 11:10:38 [DEBUG] [eatsslim-0120160227111038bc691f2bf571028ce8e2858021018295facfa0e6] 	20160227111038
2016-02-27 11:10:38 [DEBUG] [eatsslim-0120160227111038bc691f2bf571028ce8e2858021018295facfa0e6] LGD_RESPMSG = 
2016-02-27 11:10:38 [DEBUG] [eatsslim-0120160227111038bc691f2bf571028ce8e2858021018295facfa0e6] 	요청하신 건에 대해 입금된 내역이 없습니다
2016-02-27 11:10:38 [DEBUG] [eatsslim-0120160227111038bc691f2bf571028ce8e2858021018295facfa0e6] LGD_CASSEQNO = 
2016-02-27 11:10:38 [DEBUG] [eatsslim-0120160227111038bc691f2bf571028ce8e2858021018295facfa0e6] 	null
2016-02-27 11:10:38 [INFO ] [eatsslim-0120160227111038bc691f2bf571028ce8e2858021018295facfa0e6] m_szResCode = RF24
2016-02-27 11:10:38 [INFO ] [eatsslim-0120160227111038bc691f2bf571028ce8e2858021018295facfa0e6] m_szResMsg = 요청하신 건에 대해 입금된 내역이 없습니다
2016-02-27 11:15:30 [DEBUG] [eatsslim-01201602271115307be31fdbb074587db539ef20a576a338db2e8e5c] LGD_TXID = eatsslim-01201602271115307be31fdbb074587db539ef20a576a338db2e8e5c
2016-02-27 11:15:30 [DEBUG] [eatsslim-01201602271115307be31fdbb074587db539ef20a576a338db2e8e5c] LGD_AUTHCODE = c23915b7746e8ff50596739a2cea81437d6a0148
2016-02-27 11:15:30 [DEBUG] [eatsslim-01201602271115307be31fdbb074587db539ef20a576a338db2e8e5c] LGD_MID = eatsslim
2016-02-27 11:15:30 [DEBUG] [eatsslim-01201602271115307be31fdbb074587db539ef20a576a338db2e8e5c] LGD_TXNAME = PaymentByKey
2016-02-27 11:15:30 [DEBUG] [eatsslim-01201602271115307be31fdbb074587db539ef20a576a338db2e8e5c] LGD_PAYKEY = 201602271115302AC84DF4261CC1812D17E5E10352131334AF4C8F
2016-02-27 11:15:31 [DEBUG] [eatsslim-01201602271115307be31fdbb074587db539ef20a576a338db2e8e5c] HTTP Status Code = 200
2016-02-27 11:15:31 [DEBUG] [eatsslim-01201602271115307be31fdbb074587db539ef20a576a338db2e8e5c] HTTP Content-Type = application/json
2016-02-27 11:15:31 [DEBUG] [eatsslim-01201602271115307be31fdbb074587db539ef20a576a338db2e8e5c] HTTP Response = 









{"LGD_RESPCODE":"0000","LGD_RESPMSG":"결제성공","LGD_RESPONSE":[{"LGD_CARDACQUIRER":"51","LGD_CARDNOINTEREST_YN":"0","LGD_IFOS":"3A5C0S","LGD_MID":"eatsslim","LGD_FINANCENAME":"삼성AMEX","LGD_PCANCELFLAG":"1","LGD_FINANCEAUTHNUM":"42104594","LGD_DELIVERYINFO":"","LGD_BUYER":"김홍주","LGD_AFFILIATECODE":"******","LGD_TRANSAMOUNT":"73000","LGD_BUYERID":"","LGD_OID":"ESS160227111109001","LGD_CARDNUM":"376293******046","LGD_RECEIVERPHONE":"","LGD_2TR_FLAG":"Y","LGD_DEVICE":"SM-G920K","LGD_TID":"eatss2016022711153147858","LGD_TIMESTAMP":"20160227111531","LGD_FINANCECODE":"51400","LGD_CARDNOINTYN":"0","LGD_PCANCELSTR":"0","LGD_DISCOUNTUSEYN":"0","LGD_BUYERPHONE":"01066641120","LGD_ESCROWYN":"N","LGD_PAYTYPE":"SC0010","LGD_AMOUNT":"73000","LGD_VANCODE":"van0003","LGD_EXCHANGERATE":"1.0","LGD_BUYERSSN":"","LGD_CARDINSTALLMONTH":"00","LGD_RESPMSG":"결제성공","LGD_PAYDATE":"20160227111531","LGD_PRODUCTINFO":"알라까르떼 헬씨","LGD_PRODUCTCODE":"","LGD_HASHDATA":"5f22c9669b45285c7468eb3f86420b48","LGD_CARDGUBUN1":"0","LGD_CARDGUBUN2":"0","LGD_BUYERADDRESS":"","LGD_RECEIVER":"","LGD_RESPCODE":"0000","LGD_BUYEREMAIL":"tsyui225@naver.com","LGD_DISCOUNTUSEAMOUNT":"0"}]}

2016-02-27 11:15:31 [DEBUG] [eatsslim-01201602271115307be31fdbb074587db539ef20a576a338db2e8e5c] LGD_CARDACQUIRER = 
2016-02-27 11:15:31 [DEBUG] [eatsslim-01201602271115307be31fdbb074587db539ef20a576a338db2e8e5c] 	51
2016-02-27 11:15:31 [DEBUG] [eatsslim-01201602271115307be31fdbb074587db539ef20a576a338db2e8e5c] LGD_MID = 
2016-02-27 11:15:31 [DEBUG] [eatsslim-01201602271115307be31fdbb074587db539ef20a576a338db2e8e5c] 	eatsslim
2016-02-27 11:15:31 [DEBUG] [eatsslim-01201602271115307be31fdbb074587db539ef20a576a338db2e8e5c] LGD_IFOS = 
2016-02-27 11:15:31 [DEBUG] [eatsslim-01201602271115307be31fdbb074587db539ef20a576a338db2e8e5c] 	3A5C0S
2016-02-27 11:15:31 [DEBUG] [eatsslim-01201602271115307be31fdbb074587db539ef20a576a338db2e8e5c] LGD_CARDNOINTEREST_YN = 
2016-02-27 11:15:31 [DEBUG] [eatsslim-01201602271115307be31fdbb074587db539ef20a576a338db2e8e5c] 	0
2016-02-27 11:15:31 [DEBUG] [eatsslim-01201602271115307be31fdbb074587db539ef20a576a338db2e8e5c] LGD_FINANCENAME = 
2016-02-27 11:15:31 [DEBUG] [eatsslim-01201602271115307be31fdbb074587db539ef20a576a338db2e8e5c] 	삼성AMEX
2016-02-27 11:15:31 [DEBUG] [eatsslim-01201602271115307be31fdbb074587db539ef20a576a338db2e8e5c] LGD_FINANCEAUTHNUM = 
2016-02-27 11:15:31 [DEBUG] [eatsslim-01201602271115307be31fdbb074587db539ef20a576a338db2e8e5c] 	42104594
2016-02-27 11:15:31 [DEBUG] [eatsslim-01201602271115307be31fdbb074587db539ef20a576a338db2e8e5c] LGD_PCANCELFLAG = 
2016-02-27 11:15:31 [DEBUG] [eatsslim-01201602271115307be31fdbb074587db539ef20a576a338db2e8e5c] 	1
2016-02-27 11:15:31 [DEBUG] [eatsslim-01201602271115307be31fdbb074587db539ef20a576a338db2e8e5c] LGD_DELIVERYINFO = 
2016-02-27 11:15:31 [DEBUG] [eatsslim-01201602271115307be31fdbb074587db539ef20a576a338db2e8e5c] 	
2016-02-27 11:15:31 [DEBUG] [eatsslim-01201602271115307be31fdbb074587db539ef20a576a338db2e8e5c] LGD_BUYER = 
2016-02-27 11:15:31 [DEBUG] [eatsslim-01201602271115307be31fdbb074587db539ef20a576a338db2e8e5c] 	김홍주
2016-02-27 11:15:31 [DEBUG] [eatsslim-01201602271115307be31fdbb074587db539ef20a576a338db2e8e5c] LGD_AFFILIATECODE = 
2016-02-27 11:15:31 [DEBUG] [eatsslim-01201602271115307be31fdbb074587db539ef20a576a338db2e8e5c] 	******
2016-02-27 11:15:31 [DEBUG] [eatsslim-01201602271115307be31fdbb074587db539ef20a576a338db2e8e5c] LGD_TRANSAMOUNT = 
2016-02-27 11:15:31 [DEBUG] [eatsslim-01201602271115307be31fdbb074587db539ef20a576a338db2e8e5c] 	73000
2016-02-27 11:15:31 [DEBUG] [eatsslim-01201602271115307be31fdbb074587db539ef20a576a338db2e8e5c] LGD_BUYERID = 
2016-02-27 11:15:31 [DEBUG] [eatsslim-01201602271115307be31fdbb074587db539ef20a576a338db2e8e5c] 	
2016-02-27 11:15:31 [DEBUG] [eatsslim-01201602271115307be31fdbb074587db539ef20a576a338db2e8e5c] LGD_OID = 
2016-02-27 11:15:31 [DEBUG] [eatsslim-01201602271115307be31fdbb074587db539ef20a576a338db2e8e5c] 	ESS160227111109001
2016-02-27 11:15:31 [DEBUG] [eatsslim-01201602271115307be31fdbb074587db539ef20a576a338db2e8e5c] LGD_CARDNUM = 
2016-02-27 11:15:31 [DEBUG] [eatsslim-01201602271115307be31fdbb074587db539ef20a576a338db2e8e5c] 	376293******046
2016-02-27 11:15:31 [DEBUG] [eatsslim-01201602271115307be31fdbb074587db539ef20a576a338db2e8e5c] LGD_RECEIVERPHONE = 
2016-02-27 11:15:31 [DEBUG] [eatsslim-01201602271115307be31fdbb074587db539ef20a576a338db2e8e5c] 	
2016-02-27 11:15:31 [DEBUG] [eatsslim-01201602271115307be31fdbb074587db539ef20a576a338db2e8e5c] LGD_2TR_FLAG = 
2016-02-27 11:15:31 [DEBUG] [eatsslim-01201602271115307be31fdbb074587db539ef20a576a338db2e8e5c] 	Y
2016-02-27 11:15:31 [DEBUG] [eatsslim-01201602271115307be31fdbb074587db539ef20a576a338db2e8e5c] LGD_DEVICE = 
2016-02-27 11:15:31 [DEBUG] [eatsslim-01201602271115307be31fdbb074587db539ef20a576a338db2e8e5c] 	SM-G920K
2016-02-27 11:15:31 [DEBUG] [eatsslim-01201602271115307be31fdbb074587db539ef20a576a338db2e8e5c] LGD_TID = 
2016-02-27 11:15:31 [DEBUG] [eatsslim-01201602271115307be31fdbb074587db539ef20a576a338db2e8e5c] 	eatss2016022711153147858
2016-02-27 11:15:31 [DEBUG] [eatsslim-01201602271115307be31fdbb074587db539ef20a576a338db2e8e5c] LGD_TIMESTAMP = 
2016-02-27 11:15:31 [DEBUG] [eatsslim-01201602271115307be31fdbb074587db539ef20a576a338db2e8e5c] 	20160227111531
2016-02-27 11:15:31 [DEBUG] [eatsslim-01201602271115307be31fdbb074587db539ef20a576a338db2e8e5c] LGD_FINANCECODE = 
2016-02-27 11:15:31 [DEBUG] [eatsslim-01201602271115307be31fdbb074587db539ef20a576a338db2e8e5c] 	51400
2016-02-27 11:15:31 [DEBUG] [eatsslim-01201602271115307be31fdbb074587db539ef20a576a338db2e8e5c] LGD_CARDNOINTYN = 
2016-02-27 11:15:31 [DEBUG] [eatsslim-01201602271115307be31fdbb074587db539ef20a576a338db2e8e5c] 	0
2016-02-27 11:15:31 [DEBUG] [eatsslim-01201602271115307be31fdbb074587db539ef20a576a338db2e8e5c] LGD_PCANCELSTR = 
2016-02-27 11:15:31 [DEBUG] [eatsslim-01201602271115307be31fdbb074587db539ef20a576a338db2e8e5c] 	0
2016-02-27 11:15:31 [DEBUG] [eatsslim-01201602271115307be31fdbb074587db539ef20a576a338db2e8e5c] LGD_DISCOUNTUSEYN = 
2016-02-27 11:15:31 [DEBUG] [eatsslim-01201602271115307be31fdbb074587db539ef20a576a338db2e8e5c] 	0
2016-02-27 11:15:31 [DEBUG] [eatsslim-01201602271115307be31fdbb074587db539ef20a576a338db2e8e5c] LGD_BUYERPHONE = 
2016-02-27 11:15:31 [DEBUG] [eatsslim-01201602271115307be31fdbb074587db539ef20a576a338db2e8e5c] 	01066641120
2016-02-27 11:15:31 [DEBUG] [eatsslim-01201602271115307be31fdbb074587db539ef20a576a338db2e8e5c] LGD_ESCROWYN = 
2016-02-27 11:15:31 [DEBUG] [eatsslim-01201602271115307be31fdbb074587db539ef20a576a338db2e8e5c] 	N
2016-02-27 11:15:31 [DEBUG] [eatsslim-01201602271115307be31fdbb074587db539ef20a576a338db2e8e5c] LGD_PAYTYPE = 
2016-02-27 11:15:31 [DEBUG] [eatsslim-01201602271115307be31fdbb074587db539ef20a576a338db2e8e5c] 	SC0010
2016-02-27 11:15:31 [DEBUG] [eatsslim-01201602271115307be31fdbb074587db539ef20a576a338db2e8e5c] LGD_AMOUNT = 
2016-02-27 11:15:31 [DEBUG] [eatsslim-01201602271115307be31fdbb074587db539ef20a576a338db2e8e5c] 	73000
2016-02-27 11:15:31 [DEBUG] [eatsslim-01201602271115307be31fdbb074587db539ef20a576a338db2e8e5c] LGD_VANCODE = 
2016-02-27 11:15:31 [DEBUG] [eatsslim-01201602271115307be31fdbb074587db539ef20a576a338db2e8e5c] 	van0003
2016-02-27 11:15:31 [DEBUG] [eatsslim-01201602271115307be31fdbb074587db539ef20a576a338db2e8e5c] LGD_EXCHANGERATE = 
2016-02-27 11:15:31 [DEBUG] [eatsslim-01201602271115307be31fdbb074587db539ef20a576a338db2e8e5c] 	1.0
2016-02-27 11:15:31 [DEBUG] [eatsslim-01201602271115307be31fdbb074587db539ef20a576a338db2e8e5c] LGD_BUYERSSN = 
2016-02-27 11:15:31 [DEBUG] [eatsslim-01201602271115307be31fdbb074587db539ef20a576a338db2e8e5c] 	
2016-02-27 11:15:31 [DEBUG] [eatsslim-01201602271115307be31fdbb074587db539ef20a576a338db2e8e5c] LGD_CARDINSTALLMONTH = 
2016-02-27 11:15:31 [DEBUG] [eatsslim-01201602271115307be31fdbb074587db539ef20a576a338db2e8e5c] 	00
2016-02-27 11:15:31 [DEBUG] [eatsslim-01201602271115307be31fdbb074587db539ef20a576a338db2e8e5c] LGD_RESPMSG = 
2016-02-27 11:15:31 [DEBUG] [eatsslim-01201602271115307be31fdbb074587db539ef20a576a338db2e8e5c] 	결제성공
2016-02-27 11:15:31 [DEBUG] [eatsslim-01201602271115307be31fdbb074587db539ef20a576a338db2e8e5c] LGD_PAYDATE = 
2016-02-27 11:15:31 [DEBUG] [eatsslim-01201602271115307be31fdbb074587db539ef20a576a338db2e8e5c] 	20160227111531
2016-02-27 11:15:31 [DEBUG] [eatsslim-01201602271115307be31fdbb074587db539ef20a576a338db2e8e5c] LGD_PRODUCTINFO = 
2016-02-27 11:15:31 [DEBUG] [eatsslim-01201602271115307be31fdbb074587db539ef20a576a338db2e8e5c] 	알라까르떼 헬씨
2016-02-27 11:15:31 [DEBUG] [eatsslim-01201602271115307be31fdbb074587db539ef20a576a338db2e8e5c] LGD_PRODUCTCODE = 
2016-02-27 11:15:31 [DEBUG] [eatsslim-01201602271115307be31fdbb074587db539ef20a576a338db2e8e5c] 	
2016-02-27 11:15:31 [DEBUG] [eatsslim-01201602271115307be31fdbb074587db539ef20a576a338db2e8e5c] LGD_HASHDATA = 
2016-02-27 11:15:31 [DEBUG] [eatsslim-01201602271115307be31fdbb074587db539ef20a576a338db2e8e5c] 	5f22c9669b45285c7468eb3f86420b48
2016-02-27 11:15:31 [DEBUG] [eatsslim-01201602271115307be31fdbb074587db539ef20a576a338db2e8e5c] LGD_CARDGUBUN1 = 
2016-02-27 11:15:31 [DEBUG] [eatsslim-01201602271115307be31fdbb074587db539ef20a576a338db2e8e5c] 	0
2016-02-27 11:15:31 [DEBUG] [eatsslim-01201602271115307be31fdbb074587db539ef20a576a338db2e8e5c] LGD_BUYERADDRESS = 
2016-02-27 11:15:31 [DEBUG] [eatsslim-01201602271115307be31fdbb074587db539ef20a576a338db2e8e5c] 	
2016-02-27 11:15:31 [DEBUG] [eatsslim-01201602271115307be31fdbb074587db539ef20a576a338db2e8e5c] LGD_CARDGUBUN2 = 
2016-02-27 11:15:31 [DEBUG] [eatsslim-01201602271115307be31fdbb074587db539ef20a576a338db2e8e5c] 	0
2016-02-27 11:15:31 [DEBUG] [eatsslim-01201602271115307be31fdbb074587db539ef20a576a338db2e8e5c] LGD_RESPCODE = 
2016-02-27 11:15:31 [DEBUG] [eatsslim-01201602271115307be31fdbb074587db539ef20a576a338db2e8e5c] 	0000
2016-02-27 11:15:31 [DEBUG] [eatsslim-01201602271115307be31fdbb074587db539ef20a576a338db2e8e5c] LGD_RECEIVER = 
2016-02-27 11:15:31 [DEBUG] [eatsslim-01201602271115307be31fdbb074587db539ef20a576a338db2e8e5c] 	
2016-02-27 11:15:31 [DEBUG] [eatsslim-01201602271115307be31fdbb074587db539ef20a576a338db2e8e5c] LGD_BUYEREMAIL = 
2016-02-27 11:15:31 [DEBUG] [eatsslim-01201602271115307be31fdbb074587db539ef20a576a338db2e8e5c] 	tsyui225@naver.com
2016-02-27 11:15:31 [DEBUG] [eatsslim-01201602271115307be31fdbb074587db539ef20a576a338db2e8e5c] LGD_DISCOUNTUSEAMOUNT = 
2016-02-27 11:15:31 [DEBUG] [eatsslim-01201602271115307be31fdbb074587db539ef20a576a338db2e8e5c] 	0
2016-02-27 11:15:31 [INFO ] [eatsslim-01201602271115307be31fdbb074587db539ef20a576a338db2e8e5c] m_szResCode = 0000
2016-02-27 11:15:31 [INFO ] [eatsslim-01201602271115307be31fdbb074587db539ef20a576a338db2e8e5c] m_szResMsg = 결제성공
2016-02-27 12:43:52 [DEBUG] [eatsslim-0120160227124352a973ae507d22c294dc14fa20b2ee00fac0196da9] LGD_TXID = eatsslim-0120160227124352a973ae507d22c294dc14fa20b2ee00fac0196da9
2016-02-27 12:43:52 [DEBUG] [eatsslim-0120160227124352a973ae507d22c294dc14fa20b2ee00fac0196da9] LGD_AUTHCODE = cdd3cf75a5fbc770d228406a89338f45733f0311
2016-02-27 12:43:52 [DEBUG] [eatsslim-0120160227124352a973ae507d22c294dc14fa20b2ee00fac0196da9] LGD_MID = eatsslim
2016-02-27 12:43:52 [DEBUG] [eatsslim-0120160227124352a973ae507d22c294dc14fa20b2ee00fac0196da9] LGD_TXNAME = PaymentByKey
2016-02-27 12:43:52 [DEBUG] [eatsslim-0120160227124352a973ae507d22c294dc14fa20b2ee00fac0196da9] LGD_PAYKEY = 201602271243534A1F2EE423B53F871819F1294D04D87D27563ADA
2016-02-27 12:43:53 [DEBUG] [eatsslim-0120160227124352a973ae507d22c294dc14fa20b2ee00fac0196da9] HTTP Status Code = 200
2016-02-27 12:43:53 [DEBUG] [eatsslim-0120160227124352a973ae507d22c294dc14fa20b2ee00fac0196da9] HTTP Content-Type = application/json
2016-02-27 12:43:53 [DEBUG] [eatsslim-0120160227124352a973ae507d22c294dc14fa20b2ee00fac0196da9] HTTP Response = 









{"LGD_RESPCODE":"0000","LGD_RESPMSG":"결제성공","LGD_RESPONSE":[{"LGD_CARDACQUIRER":"32","LGD_CARDNOINTEREST_YN":"0","LGD_IFOS":"3M9S0M","LGD_MID":"eatsslim","LGD_FINANCENAME":"하나VISA","LGD_PCANCELFLAG":"1","LGD_FINANCEAUTHNUM":"03982159","LGD_DELIVERYINFO":"","LGD_BUYER":"최영주","LGD_AFFILIATECODE":"******","LGD_TRANSAMOUNT":"73000","LGD_BUYERID":"","LGD_OID":"ESS160227124101001","LGD_CARDNUM":"411905******6048","LGD_RECEIVERPHONE":"","LGD_2TR_FLAG":"Y","LGD_DEVICE":"iPhone","LGD_TID":"eatss2016022712435319516","LGD_TIMESTAMP":"20160227124354","LGD_FINANCECODE":"32100","LGD_CARDNOINTYN":"0","LGD_PCANCELSTR":"0","LGD_DISCOUNTUSEYN":"0","LGD_BUYERPHONE":"01031667101","LGD_ESCROWYN":"N","LGD_PAYTYPE":"SC0010","LGD_AMOUNT":"73000","LGD_VANCODE":"van0003","LGD_EXCHANGERATE":"1.0","LGD_BUYERSSN":"","LGD_CARDINSTALLMONTH":"00","LGD_RESPMSG":"결제성공","LGD_PAYDATE":"20160227124354","LGD_PRODUCTINFO":"알라까르떼 슬림","LGD_PRODUCTCODE":"","LGD_HASHDATA":"1e4bee794ca6e5b4fc04ae098f0ef611","LGD_CARDGUBUN1":"0","LGD_CARDGUBUN2":"0","LGD_BUYERADDRESS":"","LGD_RECEIVER":"","LGD_RESPCODE":"0000","LGD_BUYEREMAIL":"cokedase@gmail.com","LGD_DISCOUNTUSEAMOUNT":"0"}]}

2016-02-27 12:43:53 [DEBUG] [eatsslim-0120160227124352a973ae507d22c294dc14fa20b2ee00fac0196da9] LGD_CARDACQUIRER = 
2016-02-27 12:43:53 [DEBUG] [eatsslim-0120160227124352a973ae507d22c294dc14fa20b2ee00fac0196da9] 	32
2016-02-27 12:43:53 [DEBUG] [eatsslim-0120160227124352a973ae507d22c294dc14fa20b2ee00fac0196da9] LGD_MID = 
2016-02-27 12:43:53 [DEBUG] [eatsslim-0120160227124352a973ae507d22c294dc14fa20b2ee00fac0196da9] 	eatsslim
2016-02-27 12:43:53 [DEBUG] [eatsslim-0120160227124352a973ae507d22c294dc14fa20b2ee00fac0196da9] LGD_IFOS = 
2016-02-27 12:43:53 [DEBUG] [eatsslim-0120160227124352a973ae507d22c294dc14fa20b2ee00fac0196da9] 	3M9S0M
2016-02-27 12:43:53 [DEBUG] [eatsslim-0120160227124352a973ae507d22c294dc14fa20b2ee00fac0196da9] LGD_CARDNOINTEREST_YN = 
2016-02-27 12:43:53 [DEBUG] [eatsslim-0120160227124352a973ae507d22c294dc14fa20b2ee00fac0196da9] 	0
2016-02-27 12:43:53 [DEBUG] [eatsslim-0120160227124352a973ae507d22c294dc14fa20b2ee00fac0196da9] LGD_FINANCENAME = 
2016-02-27 12:43:53 [DEBUG] [eatsslim-0120160227124352a973ae507d22c294dc14fa20b2ee00fac0196da9] 	하나VISA
2016-02-27 12:43:53 [DEBUG] [eatsslim-0120160227124352a973ae507d22c294dc14fa20b2ee00fac0196da9] LGD_FINANCEAUTHNUM = 
2016-02-27 12:43:53 [DEBUG] [eatsslim-0120160227124352a973ae507d22c294dc14fa20b2ee00fac0196da9] 	03982159
2016-02-27 12:43:53 [DEBUG] [eatsslim-0120160227124352a973ae507d22c294dc14fa20b2ee00fac0196da9] LGD_PCANCELFLAG = 
2016-02-27 12:43:53 [DEBUG] [eatsslim-0120160227124352a973ae507d22c294dc14fa20b2ee00fac0196da9] 	1
2016-02-27 12:43:53 [DEBUG] [eatsslim-0120160227124352a973ae507d22c294dc14fa20b2ee00fac0196da9] LGD_DELIVERYINFO = 
2016-02-27 12:43:53 [DEBUG] [eatsslim-0120160227124352a973ae507d22c294dc14fa20b2ee00fac0196da9] 	
2016-02-27 12:43:53 [DEBUG] [eatsslim-0120160227124352a973ae507d22c294dc14fa20b2ee00fac0196da9] LGD_BUYER = 
2016-02-27 12:43:53 [DEBUG] [eatsslim-0120160227124352a973ae507d22c294dc14fa20b2ee00fac0196da9] 	최영주
2016-02-27 12:43:53 [DEBUG] [eatsslim-0120160227124352a973ae507d22c294dc14fa20b2ee00fac0196da9] LGD_AFFILIATECODE = 
2016-02-27 12:43:53 [DEBUG] [eatsslim-0120160227124352a973ae507d22c294dc14fa20b2ee00fac0196da9] 	******
2016-02-27 12:43:53 [DEBUG] [eatsslim-0120160227124352a973ae507d22c294dc14fa20b2ee00fac0196da9] LGD_TRANSAMOUNT = 
2016-02-27 12:43:53 [DEBUG] [eatsslim-0120160227124352a973ae507d22c294dc14fa20b2ee00fac0196da9] 	73000
2016-02-27 12:43:53 [DEBUG] [eatsslim-0120160227124352a973ae507d22c294dc14fa20b2ee00fac0196da9] LGD_BUYERID = 
2016-02-27 12:43:53 [DEBUG] [eatsslim-0120160227124352a973ae507d22c294dc14fa20b2ee00fac0196da9] 	
2016-02-27 12:43:53 [DEBUG] [eatsslim-0120160227124352a973ae507d22c294dc14fa20b2ee00fac0196da9] LGD_OID = 
2016-02-27 12:43:53 [DEBUG] [eatsslim-0120160227124352a973ae507d22c294dc14fa20b2ee00fac0196da9] 	ESS160227124101001
2016-02-27 12:43:53 [DEBUG] [eatsslim-0120160227124352a973ae507d22c294dc14fa20b2ee00fac0196da9] LGD_CARDNUM = 
2016-02-27 12:43:53 [DEBUG] [eatsslim-0120160227124352a973ae507d22c294dc14fa20b2ee00fac0196da9] 	411905******6048
2016-02-27 12:43:53 [DEBUG] [eatsslim-0120160227124352a973ae507d22c294dc14fa20b2ee00fac0196da9] LGD_RECEIVERPHONE = 
2016-02-27 12:43:53 [DEBUG] [eatsslim-0120160227124352a973ae507d22c294dc14fa20b2ee00fac0196da9] 	
2016-02-27 12:43:53 [DEBUG] [eatsslim-0120160227124352a973ae507d22c294dc14fa20b2ee00fac0196da9] LGD_2TR_FLAG = 
2016-02-27 12:43:53 [DEBUG] [eatsslim-0120160227124352a973ae507d22c294dc14fa20b2ee00fac0196da9] 	Y
2016-02-27 12:43:53 [DEBUG] [eatsslim-0120160227124352a973ae507d22c294dc14fa20b2ee00fac0196da9] LGD_DEVICE = 
2016-02-27 12:43:53 [DEBUG] [eatsslim-0120160227124352a973ae507d22c294dc14fa20b2ee00fac0196da9] 	iPhone
2016-02-27 12:43:53 [DEBUG] [eatsslim-0120160227124352a973ae507d22c294dc14fa20b2ee00fac0196da9] LGD_TID = 
2016-02-27 12:43:53 [DEBUG] [eatsslim-0120160227124352a973ae507d22c294dc14fa20b2ee00fac0196da9] 	eatss2016022712435319516
2016-02-27 12:43:53 [DEBUG] [eatsslim-0120160227124352a973ae507d22c294dc14fa20b2ee00fac0196da9] LGD_TIMESTAMP = 
2016-02-27 12:43:53 [DEBUG] [eatsslim-0120160227124352a973ae507d22c294dc14fa20b2ee00fac0196da9] 	20160227124354
2016-02-27 12:43:53 [DEBUG] [eatsslim-0120160227124352a973ae507d22c294dc14fa20b2ee00fac0196da9] LGD_FINANCECODE = 
2016-02-27 12:43:53 [DEBUG] [eatsslim-0120160227124352a973ae507d22c294dc14fa20b2ee00fac0196da9] 	32100
2016-02-27 12:43:53 [DEBUG] [eatsslim-0120160227124352a973ae507d22c294dc14fa20b2ee00fac0196da9] LGD_CARDNOINTYN = 
2016-02-27 12:43:53 [DEBUG] [eatsslim-0120160227124352a973ae507d22c294dc14fa20b2ee00fac0196da9] 	0
2016-02-27 12:43:53 [DEBUG] [eatsslim-0120160227124352a973ae507d22c294dc14fa20b2ee00fac0196da9] LGD_PCANCELSTR = 
2016-02-27 12:43:53 [DEBUG] [eatsslim-0120160227124352a973ae507d22c294dc14fa20b2ee00fac0196da9] 	0
2016-02-27 12:43:53 [DEBUG] [eatsslim-0120160227124352a973ae507d22c294dc14fa20b2ee00fac0196da9] LGD_DISCOUNTUSEYN = 
2016-02-27 12:43:53 [DEBUG] [eatsslim-0120160227124352a973ae507d22c294dc14fa20b2ee00fac0196da9] 	0
2016-02-27 12:43:53 [DEBUG] [eatsslim-0120160227124352a973ae507d22c294dc14fa20b2ee00fac0196da9] LGD_BUYERPHONE = 
2016-02-27 12:43:53 [DEBUG] [eatsslim-0120160227124352a973ae507d22c294dc14fa20b2ee00fac0196da9] 	01031667101
2016-02-27 12:43:53 [DEBUG] [eatsslim-0120160227124352a973ae507d22c294dc14fa20b2ee00fac0196da9] LGD_ESCROWYN = 
2016-02-27 12:43:53 [DEBUG] [eatsslim-0120160227124352a973ae507d22c294dc14fa20b2ee00fac0196da9] 	N
2016-02-27 12:43:53 [DEBUG] [eatsslim-0120160227124352a973ae507d22c294dc14fa20b2ee00fac0196da9] LGD_PAYTYPE = 
2016-02-27 12:43:53 [DEBUG] [eatsslim-0120160227124352a973ae507d22c294dc14fa20b2ee00fac0196da9] 	SC0010
2016-02-27 12:43:53 [DEBUG] [eatsslim-0120160227124352a973ae507d22c294dc14fa20b2ee00fac0196da9] LGD_AMOUNT = 
2016-02-27 12:43:53 [DEBUG] [eatsslim-0120160227124352a973ae507d22c294dc14fa20b2ee00fac0196da9] 	73000
2016-02-27 12:43:53 [DEBUG] [eatsslim-0120160227124352a973ae507d22c294dc14fa20b2ee00fac0196da9] LGD_VANCODE = 
2016-02-27 12:43:53 [DEBUG] [eatsslim-0120160227124352a973ae507d22c294dc14fa20b2ee00fac0196da9] 	van0003
2016-02-27 12:43:53 [DEBUG] [eatsslim-0120160227124352a973ae507d22c294dc14fa20b2ee00fac0196da9] LGD_EXCHANGERATE = 
2016-02-27 12:43:53 [DEBUG] [eatsslim-0120160227124352a973ae507d22c294dc14fa20b2ee00fac0196da9] 	1.0
2016-02-27 12:43:53 [DEBUG] [eatsslim-0120160227124352a973ae507d22c294dc14fa20b2ee00fac0196da9] LGD_BUYERSSN = 
2016-02-27 12:43:53 [DEBUG] [eatsslim-0120160227124352a973ae507d22c294dc14fa20b2ee00fac0196da9] 	
2016-02-27 12:43:53 [DEBUG] [eatsslim-0120160227124352a973ae507d22c294dc14fa20b2ee00fac0196da9] LGD_CARDINSTALLMONTH = 
2016-02-27 12:43:53 [DEBUG] [eatsslim-0120160227124352a973ae507d22c294dc14fa20b2ee00fac0196da9] 	00
2016-02-27 12:43:53 [DEBUG] [eatsslim-0120160227124352a973ae507d22c294dc14fa20b2ee00fac0196da9] LGD_RESPMSG = 
2016-02-27 12:43:53 [DEBUG] [eatsslim-0120160227124352a973ae507d22c294dc14fa20b2ee00fac0196da9] 	결제성공
2016-02-27 12:43:53 [DEBUG] [eatsslim-0120160227124352a973ae507d22c294dc14fa20b2ee00fac0196da9] LGD_PAYDATE = 
2016-02-27 12:43:53 [DEBUG] [eatsslim-0120160227124352a973ae507d22c294dc14fa20b2ee00fac0196da9] 	20160227124354
2016-02-27 12:43:53 [DEBUG] [eatsslim-0120160227124352a973ae507d22c294dc14fa20b2ee00fac0196da9] LGD_PRODUCTINFO = 
2016-02-27 12:43:53 [DEBUG] [eatsslim-0120160227124352a973ae507d22c294dc14fa20b2ee00fac0196da9] 	알라까르떼 슬림
2016-02-27 12:43:53 [DEBUG] [eatsslim-0120160227124352a973ae507d22c294dc14fa20b2ee00fac0196da9] LGD_PRODUCTCODE = 
2016-02-27 12:43:53 [DEBUG] [eatsslim-0120160227124352a973ae507d22c294dc14fa20b2ee00fac0196da9] 	
2016-02-27 12:43:53 [DEBUG] [eatsslim-0120160227124352a973ae507d22c294dc14fa20b2ee00fac0196da9] LGD_HASHDATA = 
2016-02-27 12:43:53 [DEBUG] [eatsslim-0120160227124352a973ae507d22c294dc14fa20b2ee00fac0196da9] 	1e4bee794ca6e5b4fc04ae098f0ef611
2016-02-27 12:43:53 [DEBUG] [eatsslim-0120160227124352a973ae507d22c294dc14fa20b2ee00fac0196da9] LGD_CARDGUBUN1 = 
2016-02-27 12:43:53 [DEBUG] [eatsslim-0120160227124352a973ae507d22c294dc14fa20b2ee00fac0196da9] 	0
2016-02-27 12:43:53 [DEBUG] [eatsslim-0120160227124352a973ae507d22c294dc14fa20b2ee00fac0196da9] LGD_BUYERADDRESS = 
2016-02-27 12:43:53 [DEBUG] [eatsslim-0120160227124352a973ae507d22c294dc14fa20b2ee00fac0196da9] 	
2016-02-27 12:43:53 [DEBUG] [eatsslim-0120160227124352a973ae507d22c294dc14fa20b2ee00fac0196da9] LGD_CARDGUBUN2 = 
2016-02-27 12:43:53 [DEBUG] [eatsslim-0120160227124352a973ae507d22c294dc14fa20b2ee00fac0196da9] 	0
2016-02-27 12:43:53 [DEBUG] [eatsslim-0120160227124352a973ae507d22c294dc14fa20b2ee00fac0196da9] LGD_RESPCODE = 
2016-02-27 12:43:53 [DEBUG] [eatsslim-0120160227124352a973ae507d22c294dc14fa20b2ee00fac0196da9] 	0000
2016-02-27 12:43:53 [DEBUG] [eatsslim-0120160227124352a973ae507d22c294dc14fa20b2ee00fac0196da9] LGD_RECEIVER = 
2016-02-27 12:43:53 [DEBUG] [eatsslim-0120160227124352a973ae507d22c294dc14fa20b2ee00fac0196da9] 	
2016-02-27 12:43:53 [DEBUG] [eatsslim-0120160227124352a973ae507d22c294dc14fa20b2ee00fac0196da9] LGD_BUYEREMAIL = 
2016-02-27 12:43:53 [DEBUG] [eatsslim-0120160227124352a973ae507d22c294dc14fa20b2ee00fac0196da9] 	cokedase@gmail.com
2016-02-27 12:43:53 [DEBUG] [eatsslim-0120160227124352a973ae507d22c294dc14fa20b2ee00fac0196da9] LGD_DISCOUNTUSEAMOUNT = 
2016-02-27 12:43:53 [DEBUG] [eatsslim-0120160227124352a973ae507d22c294dc14fa20b2ee00fac0196da9] 	0
2016-02-27 12:43:53 [INFO ] [eatsslim-0120160227124352a973ae507d22c294dc14fa20b2ee00fac0196da9] m_szResCode = 0000
2016-02-27 12:43:53 [INFO ] [eatsslim-0120160227124352a973ae507d22c294dc14fa20b2ee00fac0196da9] m_szResMsg = 결제성공
2016-02-27 12:49:17 [DEBUG] [eatsslim-0120160227124917ae01306a1703a9d0fa68e3c730ace19f01e7541a] LGD_TXID = eatsslim-0120160227124917ae01306a1703a9d0fa68e3c730ace19f01e7541a
2016-02-27 12:49:17 [DEBUG] [eatsslim-0120160227124917ae01306a1703a9d0fa68e3c730ace19f01e7541a] LGD_AUTHCODE = d1ddaa798bea9d96148a95a9b94c1496924e5833
2016-02-27 12:49:17 [DEBUG] [eatsslim-0120160227124917ae01306a1703a9d0fa68e3c730ace19f01e7541a] LGD_MID = eatsslim
2016-02-27 12:49:17 [DEBUG] [eatsslim-0120160227124917ae01306a1703a9d0fa68e3c730ace19f01e7541a] LGD_TXNAME = PaymentByKey
2016-02-27 12:49:17 [DEBUG] [eatsslim-0120160227124917ae01306a1703a9d0fa68e3c730ace19f01e7541a] LGD_PAYKEY = 2016022712491493980C76083E95F19760E92761A5021C2091037F
2016-02-27 12:49:18 [DEBUG] [eatsslim-0120160227124917ae01306a1703a9d0fa68e3c730ace19f01e7541a] HTTP Status Code = 200
2016-02-27 12:49:18 [DEBUG] [eatsslim-0120160227124917ae01306a1703a9d0fa68e3c730ace19f01e7541a] HTTP Content-Type = application/json
2016-02-27 12:49:18 [DEBUG] [eatsslim-0120160227124917ae01306a1703a9d0fa68e3c730ace19f01e7541a] HTTP Response = 









{"LGD_RESPCODE":"0000","LGD_RESPMSG":"11: ","LGD_RESPONSE":[{"LGD_IFOS":"3A4C0S","LGD_MID":"eatsslim","LGD_FINANCENAME":"농협","LGD_CASHRECEIPTKIND":"0","LGD_DELIVERYINFO":"","LGD_BUYER":"이은정","LGD_BUYERID":"","LGD_OID":"ESS160227124553001","LGD_RECEIVERPHONE":"","LGD_2TR_FLAG":"Y","LGD_DEVICE":"","LGD_TID":"eatss2016022712491840413","LGD_TIMESTAMP":"20160227124919","LGD_SAOWNER":"풀무원건강생활(주) 서울지점","LGD_FINANCECODE":"011","LGD_BUYERPHONE":"01045109951","LGD_ESCROWYN":"Y","LGD_PAYTYPE":"SC0040","LGD_CASFLAG":"R","LGD_CASCAMOUNT":"0","LGD_CASTAMOUNT":"0","LGD_AMOUNT":"194000","LGD_BUYERSSN":".","LGD_CASHRECEIPTCODE":"0000","LGD_RESPMSG":"11: ","LGD_PAYDATE":"20160227124918","LGD_PRODUCTINFO":"퀴진","LGD_CASSEQNO":"000","LGD_PRODUCTCODE":"","LGD_HASHDATA":"5836ba560ca1e4cce07256824c13b7de","LGD_BUYERADDRESS":"","LGD_RECEIVER":"","LGD_RESPCODE":"0000","LGD_ACCOUNTNUM":"79004632154571","LGD_PAYER":"이은정","LGD_BUYEREMAIL":"eun99510@naver.com"}]}

2016-02-27 12:49:18 [DEBUG] [eatsslim-0120160227124917ae01306a1703a9d0fa68e3c730ace19f01e7541a] LGD_MID = 
2016-02-27 12:49:18 [DEBUG] [eatsslim-0120160227124917ae01306a1703a9d0fa68e3c730ace19f01e7541a] 	eatsslim
2016-02-27 12:49:18 [DEBUG] [eatsslim-0120160227124917ae01306a1703a9d0fa68e3c730ace19f01e7541a] LGD_IFOS = 
2016-02-27 12:49:18 [DEBUG] [eatsslim-0120160227124917ae01306a1703a9d0fa68e3c730ace19f01e7541a] 	3A4C0S
2016-02-27 12:49:18 [DEBUG] [eatsslim-0120160227124917ae01306a1703a9d0fa68e3c730ace19f01e7541a] LGD_FINANCENAME = 
2016-02-27 12:49:18 [DEBUG] [eatsslim-0120160227124917ae01306a1703a9d0fa68e3c730ace19f01e7541a] 	농협
2016-02-27 12:49:18 [DEBUG] [eatsslim-0120160227124917ae01306a1703a9d0fa68e3c730ace19f01e7541a] LGD_CASHRECEIPTKIND = 
2016-02-27 12:49:18 [DEBUG] [eatsslim-0120160227124917ae01306a1703a9d0fa68e3c730ace19f01e7541a] 	0
2016-02-27 12:49:18 [DEBUG] [eatsslim-0120160227124917ae01306a1703a9d0fa68e3c730ace19f01e7541a] LGD_DELIVERYINFO = 
2016-02-27 12:49:18 [DEBUG] [eatsslim-0120160227124917ae01306a1703a9d0fa68e3c730ace19f01e7541a] 	
2016-02-27 12:49:18 [DEBUG] [eatsslim-0120160227124917ae01306a1703a9d0fa68e3c730ace19f01e7541a] LGD_BUYER = 
2016-02-27 12:49:18 [DEBUG] [eatsslim-0120160227124917ae01306a1703a9d0fa68e3c730ace19f01e7541a] 	이은정
2016-02-27 12:49:18 [DEBUG] [eatsslim-0120160227124917ae01306a1703a9d0fa68e3c730ace19f01e7541a] LGD_OID = 
2016-02-27 12:49:18 [DEBUG] [eatsslim-0120160227124917ae01306a1703a9d0fa68e3c730ace19f01e7541a] 	ESS160227124553001
2016-02-27 12:49:18 [DEBUG] [eatsslim-0120160227124917ae01306a1703a9d0fa68e3c730ace19f01e7541a] LGD_BUYERID = 
2016-02-27 12:49:18 [DEBUG] [eatsslim-0120160227124917ae01306a1703a9d0fa68e3c730ace19f01e7541a] 	
2016-02-27 12:49:18 [DEBUG] [eatsslim-0120160227124917ae01306a1703a9d0fa68e3c730ace19f01e7541a] LGD_RECEIVERPHONE = 
2016-02-27 12:49:18 [DEBUG] [eatsslim-0120160227124917ae01306a1703a9d0fa68e3c730ace19f01e7541a] 	
2016-02-27 12:49:18 [DEBUG] [eatsslim-0120160227124917ae01306a1703a9d0fa68e3c730ace19f01e7541a] LGD_2TR_FLAG = 
2016-02-27 12:49:18 [DEBUG] [eatsslim-0120160227124917ae01306a1703a9d0fa68e3c730ace19f01e7541a] 	Y
2016-02-27 12:49:18 [DEBUG] [eatsslim-0120160227124917ae01306a1703a9d0fa68e3c730ace19f01e7541a] LGD_TID = 
2016-02-27 12:49:18 [DEBUG] [eatsslim-0120160227124917ae01306a1703a9d0fa68e3c730ace19f01e7541a] 	eatss2016022712491840413
2016-02-27 12:49:18 [DEBUG] [eatsslim-0120160227124917ae01306a1703a9d0fa68e3c730ace19f01e7541a] LGD_DEVICE = 
2016-02-27 12:49:18 [DEBUG] [eatsslim-0120160227124917ae01306a1703a9d0fa68e3c730ace19f01e7541a] 	
2016-02-27 12:49:18 [DEBUG] [eatsslim-0120160227124917ae01306a1703a9d0fa68e3c730ace19f01e7541a] LGD_TIMESTAMP = 
2016-02-27 12:49:18 [DEBUG] [eatsslim-0120160227124917ae01306a1703a9d0fa68e3c730ace19f01e7541a] 	20160227124919
2016-02-27 12:49:18 [DEBUG] [eatsslim-0120160227124917ae01306a1703a9d0fa68e3c730ace19f01e7541a] LGD_SAOWNER = 
2016-02-27 12:49:18 [DEBUG] [eatsslim-0120160227124917ae01306a1703a9d0fa68e3c730ace19f01e7541a] 	풀무원건강생활(주) 서울지점
2016-02-27 12:49:18 [DEBUG] [eatsslim-0120160227124917ae01306a1703a9d0fa68e3c730ace19f01e7541a] LGD_FINANCECODE = 
2016-02-27 12:49:18 [DEBUG] [eatsslim-0120160227124917ae01306a1703a9d0fa68e3c730ace19f01e7541a] 	011
2016-02-27 12:49:18 [DEBUG] [eatsslim-0120160227124917ae01306a1703a9d0fa68e3c730ace19f01e7541a] LGD_BUYERPHONE = 
2016-02-27 12:49:18 [DEBUG] [eatsslim-0120160227124917ae01306a1703a9d0fa68e3c730ace19f01e7541a] 	01045109951
2016-02-27 12:49:18 [DEBUG] [eatsslim-0120160227124917ae01306a1703a9d0fa68e3c730ace19f01e7541a] LGD_ESCROWYN = 
2016-02-27 12:49:18 [DEBUG] [eatsslim-0120160227124917ae01306a1703a9d0fa68e3c730ace19f01e7541a] 	Y
2016-02-27 12:49:18 [DEBUG] [eatsslim-0120160227124917ae01306a1703a9d0fa68e3c730ace19f01e7541a] LGD_PAYTYPE = 
2016-02-27 12:49:18 [DEBUG] [eatsslim-0120160227124917ae01306a1703a9d0fa68e3c730ace19f01e7541a] 	SC0040
2016-02-27 12:49:18 [DEBUG] [eatsslim-0120160227124917ae01306a1703a9d0fa68e3c730ace19f01e7541a] LGD_CASFLAG = 
2016-02-27 12:49:18 [DEBUG] [eatsslim-0120160227124917ae01306a1703a9d0fa68e3c730ace19f01e7541a] 	R
2016-02-27 12:49:18 [DEBUG] [eatsslim-0120160227124917ae01306a1703a9d0fa68e3c730ace19f01e7541a] LGD_CASCAMOUNT = 
2016-02-27 12:49:18 [DEBUG] [eatsslim-0120160227124917ae01306a1703a9d0fa68e3c730ace19f01e7541a] 	0
2016-02-27 12:49:18 [DEBUG] [eatsslim-0120160227124917ae01306a1703a9d0fa68e3c730ace19f01e7541a] LGD_CASTAMOUNT = 
2016-02-27 12:49:18 [DEBUG] [eatsslim-0120160227124917ae01306a1703a9d0fa68e3c730ace19f01e7541a] 	0
2016-02-27 12:49:18 [DEBUG] [eatsslim-0120160227124917ae01306a1703a9d0fa68e3c730ace19f01e7541a] LGD_AMOUNT = 
2016-02-27 12:49:18 [DEBUG] [eatsslim-0120160227124917ae01306a1703a9d0fa68e3c730ace19f01e7541a] 	194000
2016-02-27 12:49:18 [DEBUG] [eatsslim-0120160227124917ae01306a1703a9d0fa68e3c730ace19f01e7541a] LGD_BUYERSSN = 
2016-02-27 12:49:18 [DEBUG] [eatsslim-0120160227124917ae01306a1703a9d0fa68e3c730ace19f01e7541a] 	.
2016-02-27 12:49:18 [DEBUG] [eatsslim-0120160227124917ae01306a1703a9d0fa68e3c730ace19f01e7541a] LGD_RESPMSG = 
2016-02-27 12:49:18 [DEBUG] [eatsslim-0120160227124917ae01306a1703a9d0fa68e3c730ace19f01e7541a] 	11: 
2016-02-27 12:49:18 [DEBUG] [eatsslim-0120160227124917ae01306a1703a9d0fa68e3c730ace19f01e7541a] LGD_CASHRECEIPTCODE = 
2016-02-27 12:49:18 [DEBUG] [eatsslim-0120160227124917ae01306a1703a9d0fa68e3c730ace19f01e7541a] 	0000
2016-02-27 12:49:18 [DEBUG] [eatsslim-0120160227124917ae01306a1703a9d0fa68e3c730ace19f01e7541a] LGD_PAYDATE = 
2016-02-27 12:49:18 [DEBUG] [eatsslim-0120160227124917ae01306a1703a9d0fa68e3c730ace19f01e7541a] 	20160227124918
2016-02-27 12:49:18 [DEBUG] [eatsslim-0120160227124917ae01306a1703a9d0fa68e3c730ace19f01e7541a] LGD_PRODUCTINFO = 
2016-02-27 12:49:18 [DEBUG] [eatsslim-0120160227124917ae01306a1703a9d0fa68e3c730ace19f01e7541a] 	퀴진
2016-02-27 12:49:18 [DEBUG] [eatsslim-0120160227124917ae01306a1703a9d0fa68e3c730ace19f01e7541a] LGD_PRODUCTCODE = 
2016-02-27 12:49:18 [DEBUG] [eatsslim-0120160227124917ae01306a1703a9d0fa68e3c730ace19f01e7541a] 	
2016-02-27 12:49:18 [DEBUG] [eatsslim-0120160227124917ae01306a1703a9d0fa68e3c730ace19f01e7541a] LGD_CASSEQNO = 
2016-02-27 12:49:18 [DEBUG] [eatsslim-0120160227124917ae01306a1703a9d0fa68e3c730ace19f01e7541a] 	000
2016-02-27 12:49:18 [DEBUG] [eatsslim-0120160227124917ae01306a1703a9d0fa68e3c730ace19f01e7541a] LGD_HASHDATA = 
2016-02-27 12:49:18 [DEBUG] [eatsslim-0120160227124917ae01306a1703a9d0fa68e3c730ace19f01e7541a] 	5836ba560ca1e4cce07256824c13b7de
2016-02-27 12:49:18 [DEBUG] [eatsslim-0120160227124917ae01306a1703a9d0fa68e3c730ace19f01e7541a] LGD_BUYERADDRESS = 
2016-02-27 12:49:18 [DEBUG] [eatsslim-0120160227124917ae01306a1703a9d0fa68e3c730ace19f01e7541a] 	
2016-02-27 12:49:18 [DEBUG] [eatsslim-0120160227124917ae01306a1703a9d0fa68e3c730ace19f01e7541a] LGD_RESPCODE = 
2016-02-27 12:49:18 [DEBUG] [eatsslim-0120160227124917ae01306a1703a9d0fa68e3c730ace19f01e7541a] 	0000
2016-02-27 12:49:18 [DEBUG] [eatsslim-0120160227124917ae01306a1703a9d0fa68e3c730ace19f01e7541a] LGD_RECEIVER = 
2016-02-27 12:49:18 [DEBUG] [eatsslim-0120160227124917ae01306a1703a9d0fa68e3c730ace19f01e7541a] 	
2016-02-27 12:49:18 [DEBUG] [eatsslim-0120160227124917ae01306a1703a9d0fa68e3c730ace19f01e7541a] LGD_ACCOUNTNUM = 
2016-02-27 12:49:18 [DEBUG] [eatsslim-0120160227124917ae01306a1703a9d0fa68e3c730ace19f01e7541a] 	79004632154571
2016-02-27 12:49:18 [DEBUG] [eatsslim-0120160227124917ae01306a1703a9d0fa68e3c730ace19f01e7541a] LGD_PAYER = 
2016-02-27 12:49:18 [DEBUG] [eatsslim-0120160227124917ae01306a1703a9d0fa68e3c730ace19f01e7541a] 	이은정
2016-02-27 12:49:18 [DEBUG] [eatsslim-0120160227124917ae01306a1703a9d0fa68e3c730ace19f01e7541a] LGD_BUYEREMAIL = 
2016-02-27 12:49:18 [DEBUG] [eatsslim-0120160227124917ae01306a1703a9d0fa68e3c730ace19f01e7541a] 	eun99510@naver.com
2016-02-27 12:49:18 [INFO ] [eatsslim-0120160227124917ae01306a1703a9d0fa68e3c730ace19f01e7541a] m_szResCode = 0000
2016-02-27 12:49:18 [INFO ] [eatsslim-0120160227124917ae01306a1703a9d0fa68e3c730ace19f01e7541a] m_szResMsg = 11: 
