2016-02-28 01:49:01 [DEBUG] [eatsslim-0120160228014901a30401c1e8f88f3334db160261c7fe44d839255a] LGD_TXID = eatsslim-0120160228014901a30401c1e8f88f3334db160261c7fe44d839255a
2016-02-28 01:49:01 [DEBUG] [eatsslim-0120160228014901a30401c1e8f88f3334db160261c7fe44d839255a] LGD_AUTHCODE = d32bdf0474e973a78f6e360021a4486c2e481135
2016-02-28 01:49:01 [DEBUG] [eatsslim-0120160228014901a30401c1e8f88f3334db160261c7fe44d839255a] LGD_MID = eatsslim
2016-02-28 01:49:01 [DEBUG] [eatsslim-0120160228014901a30401c1e8f88f3334db160261c7fe44d839255a] LGD_TXNAME = PaymentByKey
2016-02-28 01:49:01 [DEBUG] [eatsslim-0120160228014901a30401c1e8f88f3334db160261c7fe44d839255a] LGD_PAYKEY = 201602280149013A20B73E0D1FED4ECF1074AAE8689A29A8C38C93
2016-02-28 01:49:02 [DEBUG] [eatsslim-0120160228014901a30401c1e8f88f3334db160261c7fe44d839255a] HTTP Status Code = 200
2016-02-28 01:49:02 [DEBUG] [eatsslim-0120160228014901a30401c1e8f88f3334db160261c7fe44d839255a] HTTP Content-Type = application/json
2016-02-28 01:49:02 [DEBUG] [eatsslim-0120160228014901a30401c1e8f88f3334db160261c7fe44d839255a] HTTP Response = 









{"LGD_RESPCODE":"0000","LGD_RESPMSG":"결제성공","LGD_RESPONSE":[{"LGD_CARDACQUIRER":"31","LGD_CARDNOINTEREST_YN":"0","LGD_IFOS":"3M9S0M","LGD_MID":"eatsslim","LGD_FINANCENAME":"비씨VISA","LGD_PCANCELFLAG":"1","LGD_FINANCEAUTHNUM":"45863886","LGD_DELIVERYINFO":"","LGD_BUYER":"고예나은","LGD_AFFILIATECODE":"242884","LGD_TRANSAMOUNT":"82800","LGD_BUYERID":"","LGD_OID":"ESS160228014758001","LGD_CARDNUM":"490220******0514","LGD_RECEIVERPHONE":"","LGD_2TR_FLAG":"Y","LGD_DEVICE":"iPhone","LGD_TID":"eatss2016022801490287442","LGD_TIMESTAMP":"20160228014903","LGD_FINANCECODE":"31100","LGD_CARDNOINTYN":"0","LGD_PCANCELSTR":"0","LGD_DISCOUNTUSEYN":"0","LGD_ISPKEY":"280149643048","LGD_BUYERPHONE":"","LGD_ESCROWYN":"N","LGD_PAYTYPE":"SC0010","LGD_AMOUNT":"82800","LGD_VANCODE":"van0003","LGD_EXCHANGERATE":"1.0","LGD_BUYERSSN":"","LGD_CARDINSTALLMONTH":"00","LGD_RESPMSG":"결제성공","LGD_PAYDATE":"20160228014903","LGD_PRODUCTINFO":"알라까르떼 헬씨","LGD_PRODUCTCODE":"","LGD_HASHDATA":"2902a910e10f48ed7feab2c8f1a5daf3","LGD_CARDGUBUN1":"0","LGD_CARDGUBUN2":"0","LGD_BUYERADDRESS":"","LGD_RECEIVER":"","LGD_RESPCODE":"0000","LGD_BUYEREMAIL":"airhead00@Naver.com","LGD_DISCOUNTUSEAMOUNT":"0"}]}

2016-02-28 01:49:02 [DEBUG] [eatsslim-0120160228014901a30401c1e8f88f3334db160261c7fe44d839255a] LGD_CARDACQUIRER = 
2016-02-28 01:49:02 [DEBUG] [eatsslim-0120160228014901a30401c1e8f88f3334db160261c7fe44d839255a] 	31
2016-02-28 01:49:02 [DEBUG] [eatsslim-0120160228014901a30401c1e8f88f3334db160261c7fe44d839255a] LGD_MID = 
2016-02-28 01:49:02 [DEBUG] [eatsslim-0120160228014901a30401c1e8f88f3334db160261c7fe44d839255a] 	eatsslim
2016-02-28 01:49:02 [DEBUG] [eatsslim-0120160228014901a30401c1e8f88f3334db160261c7fe44d839255a] LGD_IFOS = 
2016-02-28 01:49:02 [DEBUG] [eatsslim-0120160228014901a30401c1e8f88f3334db160261c7fe44d839255a] 	3M9S0M
2016-02-28 01:49:02 [DEBUG] [eatsslim-0120160228014901a30401c1e8f88f3334db160261c7fe44d839255a] LGD_CARDNOINTEREST_YN = 
2016-02-28 01:49:02 [DEBUG] [eatsslim-0120160228014901a30401c1e8f88f3334db160261c7fe44d839255a] 	0
2016-02-28 01:49:02 [DEBUG] [eatsslim-0120160228014901a30401c1e8f88f3334db160261c7fe44d839255a] LGD_FINANCENAME = 
2016-02-28 01:49:02 [DEBUG] [eatsslim-0120160228014901a30401c1e8f88f3334db160261c7fe44d839255a] 	비씨VISA
2016-02-28 01:49:02 [DEBUG] [eatsslim-0120160228014901a30401c1e8f88f3334db160261c7fe44d839255a] LGD_FINANCEAUTHNUM = 
2016-02-28 01:49:02 [DEBUG] [eatsslim-0120160228014901a30401c1e8f88f3334db160261c7fe44d839255a] 	45863886
2016-02-28 01:49:02 [DEBUG] [eatsslim-0120160228014901a30401c1e8f88f3334db160261c7fe44d839255a] LGD_PCANCELFLAG = 
2016-02-28 01:49:02 [DEBUG] [eatsslim-0120160228014901a30401c1e8f88f3334db160261c7fe44d839255a] 	1
2016-02-28 01:49:02 [DEBUG] [eatsslim-0120160228014901a30401c1e8f88f3334db160261c7fe44d839255a] LGD_DELIVERYINFO = 
2016-02-28 01:49:02 [DEBUG] [eatsslim-0120160228014901a30401c1e8f88f3334db160261c7fe44d839255a] 	
2016-02-28 01:49:02 [DEBUG] [eatsslim-0120160228014901a30401c1e8f88f3334db160261c7fe44d839255a] LGD_BUYER = 
2016-02-28 01:49:02 [DEBUG] [eatsslim-0120160228014901a30401c1e8f88f3334db160261c7fe44d839255a] 	고예나은
2016-02-28 01:49:02 [DEBUG] [eatsslim-0120160228014901a30401c1e8f88f3334db160261c7fe44d839255a] LGD_AFFILIATECODE = 
2016-02-28 01:49:02 [DEBUG] [eatsslim-0120160228014901a30401c1e8f88f3334db160261c7fe44d839255a] 	242884
2016-02-28 01:49:02 [DEBUG] [eatsslim-0120160228014901a30401c1e8f88f3334db160261c7fe44d839255a] LGD_TRANSAMOUNT = 
2016-02-28 01:49:02 [DEBUG] [eatsslim-0120160228014901a30401c1e8f88f3334db160261c7fe44d839255a] 	82800
2016-02-28 01:49:02 [DEBUG] [eatsslim-0120160228014901a30401c1e8f88f3334db160261c7fe44d839255a] LGD_BUYERID = 
2016-02-28 01:49:02 [DEBUG] [eatsslim-0120160228014901a30401c1e8f88f3334db160261c7fe44d839255a] 	
2016-02-28 01:49:02 [DEBUG] [eatsslim-0120160228014901a30401c1e8f88f3334db160261c7fe44d839255a] LGD_OID = 
2016-02-28 01:49:02 [DEBUG] [eatsslim-0120160228014901a30401c1e8f88f3334db160261c7fe44d839255a] 	ESS160228014758001
2016-02-28 01:49:02 [DEBUG] [eatsslim-0120160228014901a30401c1e8f88f3334db160261c7fe44d839255a] LGD_CARDNUM = 
2016-02-28 01:49:02 [DEBUG] [eatsslim-0120160228014901a30401c1e8f88f3334db160261c7fe44d839255a] 	490220******0514
2016-02-28 01:49:02 [DEBUG] [eatsslim-0120160228014901a30401c1e8f88f3334db160261c7fe44d839255a] LGD_RECEIVERPHONE = 
2016-02-28 01:49:02 [DEBUG] [eatsslim-0120160228014901a30401c1e8f88f3334db160261c7fe44d839255a] 	
2016-02-28 01:49:02 [DEBUG] [eatsslim-0120160228014901a30401c1e8f88f3334db160261c7fe44d839255a] LGD_2TR_FLAG = 
2016-02-28 01:49:02 [DEBUG] [eatsslim-0120160228014901a30401c1e8f88f3334db160261c7fe44d839255a] 	Y
2016-02-28 01:49:02 [DEBUG] [eatsslim-0120160228014901a30401c1e8f88f3334db160261c7fe44d839255a] LGD_DEVICE = 
2016-02-28 01:49:02 [DEBUG] [eatsslim-0120160228014901a30401c1e8f88f3334db160261c7fe44d839255a] 	iPhone
2016-02-28 01:49:02 [DEBUG] [eatsslim-0120160228014901a30401c1e8f88f3334db160261c7fe44d839255a] LGD_TID = 
2016-02-28 01:49:02 [DEBUG] [eatsslim-0120160228014901a30401c1e8f88f3334db160261c7fe44d839255a] 	eatss2016022801490287442
2016-02-28 01:49:02 [DEBUG] [eatsslim-0120160228014901a30401c1e8f88f3334db160261c7fe44d839255a] LGD_TIMESTAMP = 
2016-02-28 01:49:02 [DEBUG] [eatsslim-0120160228014901a30401c1e8f88f3334db160261c7fe44d839255a] 	20160228014903
2016-02-28 01:49:02 [DEBUG] [eatsslim-0120160228014901a30401c1e8f88f3334db160261c7fe44d839255a] LGD_FINANCECODE = 
2016-02-28 01:49:02 [DEBUG] [eatsslim-0120160228014901a30401c1e8f88f3334db160261c7fe44d839255a] 	31100
2016-02-28 01:49:02 [DEBUG] [eatsslim-0120160228014901a30401c1e8f88f3334db160261c7fe44d839255a] LGD_CARDNOINTYN = 
2016-02-28 01:49:02 [DEBUG] [eatsslim-0120160228014901a30401c1e8f88f3334db160261c7fe44d839255a] 	0
2016-02-28 01:49:02 [DEBUG] [eatsslim-0120160228014901a30401c1e8f88f3334db160261c7fe44d839255a] LGD_PCANCELSTR = 
2016-02-28 01:49:02 [DEBUG] [eatsslim-0120160228014901a30401c1e8f88f3334db160261c7fe44d839255a] 	0
2016-02-28 01:49:02 [DEBUG] [eatsslim-0120160228014901a30401c1e8f88f3334db160261c7fe44d839255a] LGD_BUYERPHONE = 
2016-02-28 01:49:02 [DEBUG] [eatsslim-0120160228014901a30401c1e8f88f3334db160261c7fe44d839255a] 	
2016-02-28 01:49:02 [DEBUG] [eatsslim-0120160228014901a30401c1e8f88f3334db160261c7fe44d839255a] LGD_DISCOUNTUSEYN = 
2016-02-28 01:49:02 [DEBUG] [eatsslim-0120160228014901a30401c1e8f88f3334db160261c7fe44d839255a] 	0
2016-02-28 01:49:02 [DEBUG] [eatsslim-0120160228014901a30401c1e8f88f3334db160261c7fe44d839255a] LGD_ISPKEY = 
2016-02-28 01:49:02 [DEBUG] [eatsslim-0120160228014901a30401c1e8f88f3334db160261c7fe44d839255a] 	280149643048
2016-02-28 01:49:02 [DEBUG] [eatsslim-0120160228014901a30401c1e8f88f3334db160261c7fe44d839255a] LGD_ESCROWYN = 
2016-02-28 01:49:02 [DEBUG] [eatsslim-0120160228014901a30401c1e8f88f3334db160261c7fe44d839255a] 	N
2016-02-28 01:49:02 [DEBUG] [eatsslim-0120160228014901a30401c1e8f88f3334db160261c7fe44d839255a] LGD_PAYTYPE = 
2016-02-28 01:49:02 [DEBUG] [eatsslim-0120160228014901a30401c1e8f88f3334db160261c7fe44d839255a] 	SC0010
2016-02-28 01:49:02 [DEBUG] [eatsslim-0120160228014901a30401c1e8f88f3334db160261c7fe44d839255a] LGD_AMOUNT = 
2016-02-28 01:49:02 [DEBUG] [eatsslim-0120160228014901a30401c1e8f88f3334db160261c7fe44d839255a] 	82800
2016-02-28 01:49:02 [DEBUG] [eatsslim-0120160228014901a30401c1e8f88f3334db160261c7fe44d839255a] LGD_VANCODE = 
2016-02-28 01:49:02 [DEBUG] [eatsslim-0120160228014901a30401c1e8f88f3334db160261c7fe44d839255a] 	van0003
2016-02-28 01:49:02 [DEBUG] [eatsslim-0120160228014901a30401c1e8f88f3334db160261c7fe44d839255a] LGD_EXCHANGERATE = 
2016-02-28 01:49:02 [DEBUG] [eatsslim-0120160228014901a30401c1e8f88f3334db160261c7fe44d839255a] 	1.0
2016-02-28 01:49:02 [DEBUG] [eatsslim-0120160228014901a30401c1e8f88f3334db160261c7fe44d839255a] LGD_BUYERSSN = 
2016-02-28 01:49:02 [DEBUG] [eatsslim-0120160228014901a30401c1e8f88f3334db160261c7fe44d839255a] 	
2016-02-28 01:49:02 [DEBUG] [eatsslim-0120160228014901a30401c1e8f88f3334db160261c7fe44d839255a] LGD_CARDINSTALLMONTH = 
2016-02-28 01:49:02 [DEBUG] [eatsslim-0120160228014901a30401c1e8f88f3334db160261c7fe44d839255a] 	00
2016-02-28 01:49:02 [DEBUG] [eatsslim-0120160228014901a30401c1e8f88f3334db160261c7fe44d839255a] LGD_RESPMSG = 
2016-02-28 01:49:02 [DEBUG] [eatsslim-0120160228014901a30401c1e8f88f3334db160261c7fe44d839255a] 	결제성공
2016-02-28 01:49:02 [DEBUG] [eatsslim-0120160228014901a30401c1e8f88f3334db160261c7fe44d839255a] LGD_PAYDATE = 
2016-02-28 01:49:02 [DEBUG] [eatsslim-0120160228014901a30401c1e8f88f3334db160261c7fe44d839255a] 	20160228014903
2016-02-28 01:49:02 [DEBUG] [eatsslim-0120160228014901a30401c1e8f88f3334db160261c7fe44d839255a] LGD_PRODUCTINFO = 
2016-02-28 01:49:02 [DEBUG] [eatsslim-0120160228014901a30401c1e8f88f3334db160261c7fe44d839255a] 	알라까르떼 헬씨
2016-02-28 01:49:02 [DEBUG] [eatsslim-0120160228014901a30401c1e8f88f3334db160261c7fe44d839255a] LGD_PRODUCTCODE = 
2016-02-28 01:49:02 [DEBUG] [eatsslim-0120160228014901a30401c1e8f88f3334db160261c7fe44d839255a] 	
2016-02-28 01:49:02 [DEBUG] [eatsslim-0120160228014901a30401c1e8f88f3334db160261c7fe44d839255a] LGD_HASHDATA = 
2016-02-28 01:49:02 [DEBUG] [eatsslim-0120160228014901a30401c1e8f88f3334db160261c7fe44d839255a] 	2902a910e10f48ed7feab2c8f1a5daf3
2016-02-28 01:49:02 [DEBUG] [eatsslim-0120160228014901a30401c1e8f88f3334db160261c7fe44d839255a] LGD_CARDGUBUN1 = 
2016-02-28 01:49:02 [DEBUG] [eatsslim-0120160228014901a30401c1e8f88f3334db160261c7fe44d839255a] 	0
2016-02-28 01:49:02 [DEBUG] [eatsslim-0120160228014901a30401c1e8f88f3334db160261c7fe44d839255a] LGD_BUYERADDRESS = 
2016-02-28 01:49:02 [DEBUG] [eatsslim-0120160228014901a30401c1e8f88f3334db160261c7fe44d839255a] 	
2016-02-28 01:49:02 [DEBUG] [eatsslim-0120160228014901a30401c1e8f88f3334db160261c7fe44d839255a] LGD_CARDGUBUN2 = 
2016-02-28 01:49:02 [DEBUG] [eatsslim-0120160228014901a30401c1e8f88f3334db160261c7fe44d839255a] 	0
2016-02-28 01:49:02 [DEBUG] [eatsslim-0120160228014901a30401c1e8f88f3334db160261c7fe44d839255a] LGD_RESPCODE = 
2016-02-28 01:49:02 [DEBUG] [eatsslim-0120160228014901a30401c1e8f88f3334db160261c7fe44d839255a] 	0000
2016-02-28 01:49:02 [DEBUG] [eatsslim-0120160228014901a30401c1e8f88f3334db160261c7fe44d839255a] LGD_RECEIVER = 
2016-02-28 01:49:02 [DEBUG] [eatsslim-0120160228014901a30401c1e8f88f3334db160261c7fe44d839255a] 	
2016-02-28 01:49:02 [DEBUG] [eatsslim-0120160228014901a30401c1e8f88f3334db160261c7fe44d839255a] LGD_BUYEREMAIL = 
2016-02-28 01:49:02 [DEBUG] [eatsslim-0120160228014901a30401c1e8f88f3334db160261c7fe44d839255a] 	airhead00@Naver.com
2016-02-28 01:49:02 [DEBUG] [eatsslim-0120160228014901a30401c1e8f88f3334db160261c7fe44d839255a] LGD_DISCOUNTUSEAMOUNT = 
2016-02-28 01:49:02 [DEBUG] [eatsslim-0120160228014901a30401c1e8f88f3334db160261c7fe44d839255a] 	0
2016-02-28 01:49:02 [INFO ] [eatsslim-0120160228014901a30401c1e8f88f3334db160261c7fe44d839255a] m_szResCode = 0000
2016-02-28 01:49:02 [INFO ] [eatsslim-0120160228014901a30401c1e8f88f3334db160261c7fe44d839255a] m_szResMsg = 결제성공
2016-02-28 14:31:10 [DEBUG] [eatsslim-0120160228143110c627773e1f17be2b53aa2eacb2c8ba96bb1757fd] LGD_TXID = eatsslim-0120160228143110c627773e1f17be2b53aa2eacb2c8ba96bb1757fd
2016-02-28 14:31:10 [DEBUG] [eatsslim-0120160228143110c627773e1f17be2b53aa2eacb2c8ba96bb1757fd] LGD_AUTHCODE = b7b3794ae62481f1bb1e612441cb7bd4846f3625
2016-02-28 14:31:10 [DEBUG] [eatsslim-0120160228143110c627773e1f17be2b53aa2eacb2c8ba96bb1757fd] LGD_MID = eatsslim
2016-02-28 14:31:10 [DEBUG] [eatsslim-0120160228143110c627773e1f17be2b53aa2eacb2c8ba96bb1757fd] LGD_TXNAME = PaymentByKey
2016-02-28 14:31:10 [DEBUG] [eatsslim-0120160228143110c627773e1f17be2b53aa2eacb2c8ba96bb1757fd] LGD_PAYKEY = 201602281431105EB03F2E3657F1C649AAE84D300DFB713D91FD04
2016-02-28 14:31:12 [DEBUG] [eatsslim-0120160228143110c627773e1f17be2b53aa2eacb2c8ba96bb1757fd] HTTP Status Code = 200
2016-02-28 14:31:12 [DEBUG] [eatsslim-0120160228143110c627773e1f17be2b53aa2eacb2c8ba96bb1757fd] HTTP Content-Type = application/json
2016-02-28 14:31:12 [DEBUG] [eatsslim-0120160228143110c627773e1f17be2b53aa2eacb2c8ba96bb1757fd] HTTP Response = 









{"LGD_RESPCODE":"0000","LGD_RESPMSG":"결제성공","LGD_RESPONSE":[{"LGD_CARDACQUIRER":"31","LGD_CARDNOINTEREST_YN":"0","LGD_IFOS":"3M9S0P","LGD_MID":"eatsslim","LGD_FINANCENAME":"비씨MASTER","LGD_PCANCELFLAG":"1","LGD_FINANCEAUTHNUM":"47009136","LGD_DELIVERYINFO":"","LGD_BUYER":"이상은","LGD_AFFILIATECODE":"221944","LGD_TRANSAMOUNT":"346500","LGD_BUYERID":"","LGD_OID":"ESS160228142002001","LGD_CARDNUM":"553820******4374","LGD_RECEIVERPHONE":"","LGD_2TR_FLAG":"Y","LGD_DEVICE":"iPad","LGD_TID":"eatss2016022814311093418","LGD_TIMESTAMP":"20160228143112","LGD_FINANCECODE":"31200","LGD_CARDNOINTYN":"0","LGD_PCANCELSTR":"0","LGD_DISCOUNTUSEYN":"0","LGD_ISPKEY":"281431641451","LGD_BUYERPHONE":"","LGD_ESCROWYN":"N","LGD_PAYTYPE":"SC0010","LGD_AMOUNT":"346500","LGD_VANCODE":"van0003","LGD_EXCHANGERATE":"1.0","LGD_BUYERSSN":"","LGD_CARDINSTALLMONTH":"00","LGD_RESPMSG":"결제성공","LGD_PAYDATE":"20160228143112","LGD_PRODUCTINFO":"감량&유지 4주 프로그램","LGD_PRODUCTCODE":"","LGD_HASHDATA":"1fe2b00062f5d506f8837fb629a5637b","LGD_CARDGUBUN1":"0","LGD_CARDGUBUN2":"1","LGD_BUYERADDRESS":"","LGD_RECEIVER":"","LGD_RESPCODE":"0000","LGD_BUYEREMAIL":"sejoara@naver.com","LGD_DISCOUNTUSEAMOUNT":"0"}]}

2016-02-28 14:31:12 [DEBUG] [eatsslim-0120160228143110c627773e1f17be2b53aa2eacb2c8ba96bb1757fd] LGD_CARDACQUIRER = 
2016-02-28 14:31:12 [DEBUG] [eatsslim-0120160228143110c627773e1f17be2b53aa2eacb2c8ba96bb1757fd] 	31
2016-02-28 14:31:12 [DEBUG] [eatsslim-0120160228143110c627773e1f17be2b53aa2eacb2c8ba96bb1757fd] LGD_MID = 
2016-02-28 14:31:12 [DEBUG] [eatsslim-0120160228143110c627773e1f17be2b53aa2eacb2c8ba96bb1757fd] 	eatsslim
2016-02-28 14:31:12 [DEBUG] [eatsslim-0120160228143110c627773e1f17be2b53aa2eacb2c8ba96bb1757fd] LGD_IFOS = 
2016-02-28 14:31:12 [DEBUG] [eatsslim-0120160228143110c627773e1f17be2b53aa2eacb2c8ba96bb1757fd] 	3M9S0P
2016-02-28 14:31:12 [DEBUG] [eatsslim-0120160228143110c627773e1f17be2b53aa2eacb2c8ba96bb1757fd] LGD_CARDNOINTEREST_YN = 
2016-02-28 14:31:12 [DEBUG] [eatsslim-0120160228143110c627773e1f17be2b53aa2eacb2c8ba96bb1757fd] 	0
2016-02-28 14:31:12 [DEBUG] [eatsslim-0120160228143110c627773e1f17be2b53aa2eacb2c8ba96bb1757fd] LGD_FINANCENAME = 
2016-02-28 14:31:12 [DEBUG] [eatsslim-0120160228143110c627773e1f17be2b53aa2eacb2c8ba96bb1757fd] 	비씨MASTER
2016-02-28 14:31:12 [DEBUG] [eatsslim-0120160228143110c627773e1f17be2b53aa2eacb2c8ba96bb1757fd] LGD_FINANCEAUTHNUM = 
2016-02-28 14:31:12 [DEBUG] [eatsslim-0120160228143110c627773e1f17be2b53aa2eacb2c8ba96bb1757fd] 	47009136
2016-02-28 14:31:12 [DEBUG] [eatsslim-0120160228143110c627773e1f17be2b53aa2eacb2c8ba96bb1757fd] LGD_PCANCELFLAG = 
2016-02-28 14:31:12 [DEBUG] [eatsslim-0120160228143110c627773e1f17be2b53aa2eacb2c8ba96bb1757fd] 	1
2016-02-28 14:31:12 [DEBUG] [eatsslim-0120160228143110c627773e1f17be2b53aa2eacb2c8ba96bb1757fd] LGD_DELIVERYINFO = 
2016-02-28 14:31:12 [DEBUG] [eatsslim-0120160228143110c627773e1f17be2b53aa2eacb2c8ba96bb1757fd] 	
2016-02-28 14:31:12 [DEBUG] [eatsslim-0120160228143110c627773e1f17be2b53aa2eacb2c8ba96bb1757fd] LGD_BUYER = 
2016-02-28 14:31:12 [DEBUG] [eatsslim-0120160228143110c627773e1f17be2b53aa2eacb2c8ba96bb1757fd] 	이상은
2016-02-28 14:31:12 [DEBUG] [eatsslim-0120160228143110c627773e1f17be2b53aa2eacb2c8ba96bb1757fd] LGD_AFFILIATECODE = 
2016-02-28 14:31:12 [DEBUG] [eatsslim-0120160228143110c627773e1f17be2b53aa2eacb2c8ba96bb1757fd] 	221944
2016-02-28 14:31:12 [DEBUG] [eatsslim-0120160228143110c627773e1f17be2b53aa2eacb2c8ba96bb1757fd] LGD_TRANSAMOUNT = 
2016-02-28 14:31:12 [DEBUG] [eatsslim-0120160228143110c627773e1f17be2b53aa2eacb2c8ba96bb1757fd] 	346500
2016-02-28 14:31:12 [DEBUG] [eatsslim-0120160228143110c627773e1f17be2b53aa2eacb2c8ba96bb1757fd] LGD_BUYERID = 
2016-02-28 14:31:12 [DEBUG] [eatsslim-0120160228143110c627773e1f17be2b53aa2eacb2c8ba96bb1757fd] 	
2016-02-28 14:31:12 [DEBUG] [eatsslim-0120160228143110c627773e1f17be2b53aa2eacb2c8ba96bb1757fd] LGD_OID = 
2016-02-28 14:31:12 [DEBUG] [eatsslim-0120160228143110c627773e1f17be2b53aa2eacb2c8ba96bb1757fd] 	ESS160228142002001
2016-02-28 14:31:12 [DEBUG] [eatsslim-0120160228143110c627773e1f17be2b53aa2eacb2c8ba96bb1757fd] LGD_CARDNUM = 
2016-02-28 14:31:12 [DEBUG] [eatsslim-0120160228143110c627773e1f17be2b53aa2eacb2c8ba96bb1757fd] 	553820******4374
2016-02-28 14:31:12 [DEBUG] [eatsslim-0120160228143110c627773e1f17be2b53aa2eacb2c8ba96bb1757fd] LGD_RECEIVERPHONE = 
2016-02-28 14:31:12 [DEBUG] [eatsslim-0120160228143110c627773e1f17be2b53aa2eacb2c8ba96bb1757fd] 	
2016-02-28 14:31:12 [DEBUG] [eatsslim-0120160228143110c627773e1f17be2b53aa2eacb2c8ba96bb1757fd] LGD_2TR_FLAG = 
2016-02-28 14:31:12 [DEBUG] [eatsslim-0120160228143110c627773e1f17be2b53aa2eacb2c8ba96bb1757fd] 	Y
2016-02-28 14:31:12 [DEBUG] [eatsslim-0120160228143110c627773e1f17be2b53aa2eacb2c8ba96bb1757fd] LGD_DEVICE = 
2016-02-28 14:31:12 [DEBUG] [eatsslim-0120160228143110c627773e1f17be2b53aa2eacb2c8ba96bb1757fd] 	iPad
2016-02-28 14:31:12 [DEBUG] [eatsslim-0120160228143110c627773e1f17be2b53aa2eacb2c8ba96bb1757fd] LGD_TID = 
2016-02-28 14:31:12 [DEBUG] [eatsslim-0120160228143110c627773e1f17be2b53aa2eacb2c8ba96bb1757fd] 	eatss2016022814311093418
2016-02-28 14:31:12 [DEBUG] [eatsslim-0120160228143110c627773e1f17be2b53aa2eacb2c8ba96bb1757fd] LGD_TIMESTAMP = 
2016-02-28 14:31:12 [DEBUG] [eatsslim-0120160228143110c627773e1f17be2b53aa2eacb2c8ba96bb1757fd] 	20160228143112
2016-02-28 14:31:12 [DEBUG] [eatsslim-0120160228143110c627773e1f17be2b53aa2eacb2c8ba96bb1757fd] LGD_FINANCECODE = 
2016-02-28 14:31:12 [DEBUG] [eatsslim-0120160228143110c627773e1f17be2b53aa2eacb2c8ba96bb1757fd] 	31200
2016-02-28 14:31:12 [DEBUG] [eatsslim-0120160228143110c627773e1f17be2b53aa2eacb2c8ba96bb1757fd] LGD_CARDNOINTYN = 
2016-02-28 14:31:12 [DEBUG] [eatsslim-0120160228143110c627773e1f17be2b53aa2eacb2c8ba96bb1757fd] 	0
2016-02-28 14:31:12 [DEBUG] [eatsslim-0120160228143110c627773e1f17be2b53aa2eacb2c8ba96bb1757fd] LGD_PCANCELSTR = 
2016-02-28 14:31:12 [DEBUG] [eatsslim-0120160228143110c627773e1f17be2b53aa2eacb2c8ba96bb1757fd] 	0
2016-02-28 14:31:12 [DEBUG] [eatsslim-0120160228143110c627773e1f17be2b53aa2eacb2c8ba96bb1757fd] LGD_BUYERPHONE = 
2016-02-28 14:31:12 [DEBUG] [eatsslim-0120160228143110c627773e1f17be2b53aa2eacb2c8ba96bb1757fd] 	
2016-02-28 14:31:12 [DEBUG] [eatsslim-0120160228143110c627773e1f17be2b53aa2eacb2c8ba96bb1757fd] LGD_DISCOUNTUSEYN = 
2016-02-28 14:31:12 [DEBUG] [eatsslim-0120160228143110c627773e1f17be2b53aa2eacb2c8ba96bb1757fd] 	0
2016-02-28 14:31:12 [DEBUG] [eatsslim-0120160228143110c627773e1f17be2b53aa2eacb2c8ba96bb1757fd] LGD_ISPKEY = 
2016-02-28 14:31:12 [DEBUG] [eatsslim-0120160228143110c627773e1f17be2b53aa2eacb2c8ba96bb1757fd] 	281431641451
2016-02-28 14:31:12 [DEBUG] [eatsslim-0120160228143110c627773e1f17be2b53aa2eacb2c8ba96bb1757fd] LGD_ESCROWYN = 
2016-02-28 14:31:12 [DEBUG] [eatsslim-0120160228143110c627773e1f17be2b53aa2eacb2c8ba96bb1757fd] 	N
2016-02-28 14:31:12 [DEBUG] [eatsslim-0120160228143110c627773e1f17be2b53aa2eacb2c8ba96bb1757fd] LGD_PAYTYPE = 
2016-02-28 14:31:12 [DEBUG] [eatsslim-0120160228143110c627773e1f17be2b53aa2eacb2c8ba96bb1757fd] 	SC0010
2016-02-28 14:31:12 [DEBUG] [eatsslim-0120160228143110c627773e1f17be2b53aa2eacb2c8ba96bb1757fd] LGD_AMOUNT = 
2016-02-28 14:31:12 [DEBUG] [eatsslim-0120160228143110c627773e1f17be2b53aa2eacb2c8ba96bb1757fd] 	346500
2016-02-28 14:31:12 [DEBUG] [eatsslim-0120160228143110c627773e1f17be2b53aa2eacb2c8ba96bb1757fd] LGD_VANCODE = 
2016-02-28 14:31:12 [DEBUG] [eatsslim-0120160228143110c627773e1f17be2b53aa2eacb2c8ba96bb1757fd] 	van0003
2016-02-28 14:31:12 [DEBUG] [eatsslim-0120160228143110c627773e1f17be2b53aa2eacb2c8ba96bb1757fd] LGD_EXCHANGERATE = 
2016-02-28 14:31:12 [DEBUG] [eatsslim-0120160228143110c627773e1f17be2b53aa2eacb2c8ba96bb1757fd] 	1.0
2016-02-28 14:31:12 [DEBUG] [eatsslim-0120160228143110c627773e1f17be2b53aa2eacb2c8ba96bb1757fd] LGD_BUYERSSN = 
2016-02-28 14:31:12 [DEBUG] [eatsslim-0120160228143110c627773e1f17be2b53aa2eacb2c8ba96bb1757fd] 	
2016-02-28 14:31:12 [DEBUG] [eatsslim-0120160228143110c627773e1f17be2b53aa2eacb2c8ba96bb1757fd] LGD_CARDINSTALLMONTH = 
2016-02-28 14:31:12 [DEBUG] [eatsslim-0120160228143110c627773e1f17be2b53aa2eacb2c8ba96bb1757fd] 	00
2016-02-28 14:31:12 [DEBUG] [eatsslim-0120160228143110c627773e1f17be2b53aa2eacb2c8ba96bb1757fd] LGD_RESPMSG = 
2016-02-28 14:31:12 [DEBUG] [eatsslim-0120160228143110c627773e1f17be2b53aa2eacb2c8ba96bb1757fd] 	결제성공
2016-02-28 14:31:12 [DEBUG] [eatsslim-0120160228143110c627773e1f17be2b53aa2eacb2c8ba96bb1757fd] LGD_PAYDATE = 
2016-02-28 14:31:12 [DEBUG] [eatsslim-0120160228143110c627773e1f17be2b53aa2eacb2c8ba96bb1757fd] 	20160228143112
2016-02-28 14:31:12 [DEBUG] [eatsslim-0120160228143110c627773e1f17be2b53aa2eacb2c8ba96bb1757fd] LGD_PRODUCTINFO = 
2016-02-28 14:31:12 [DEBUG] [eatsslim-0120160228143110c627773e1f17be2b53aa2eacb2c8ba96bb1757fd] 	감량&유지 4주 프로그램
2016-02-28 14:31:12 [DEBUG] [eatsslim-0120160228143110c627773e1f17be2b53aa2eacb2c8ba96bb1757fd] LGD_PRODUCTCODE = 
2016-02-28 14:31:12 [DEBUG] [eatsslim-0120160228143110c627773e1f17be2b53aa2eacb2c8ba96bb1757fd] 	
2016-02-28 14:31:12 [DEBUG] [eatsslim-0120160228143110c627773e1f17be2b53aa2eacb2c8ba96bb1757fd] LGD_HASHDATA = 
2016-02-28 14:31:12 [DEBUG] [eatsslim-0120160228143110c627773e1f17be2b53aa2eacb2c8ba96bb1757fd] 	1fe2b00062f5d506f8837fb629a5637b
2016-02-28 14:31:12 [DEBUG] [eatsslim-0120160228143110c627773e1f17be2b53aa2eacb2c8ba96bb1757fd] LGD_CARDGUBUN1 = 
2016-02-28 14:31:12 [DEBUG] [eatsslim-0120160228143110c627773e1f17be2b53aa2eacb2c8ba96bb1757fd] 	0
2016-02-28 14:31:12 [DEBUG] [eatsslim-0120160228143110c627773e1f17be2b53aa2eacb2c8ba96bb1757fd] LGD_BUYERADDRESS = 
2016-02-28 14:31:12 [DEBUG] [eatsslim-0120160228143110c627773e1f17be2b53aa2eacb2c8ba96bb1757fd] 	
2016-02-28 14:31:12 [DEBUG] [eatsslim-0120160228143110c627773e1f17be2b53aa2eacb2c8ba96bb1757fd] LGD_CARDGUBUN2 = 
2016-02-28 14:31:12 [DEBUG] [eatsslim-0120160228143110c627773e1f17be2b53aa2eacb2c8ba96bb1757fd] 	1
2016-02-28 14:31:12 [DEBUG] [eatsslim-0120160228143110c627773e1f17be2b53aa2eacb2c8ba96bb1757fd] LGD_RESPCODE = 
2016-02-28 14:31:12 [DEBUG] [eatsslim-0120160228143110c627773e1f17be2b53aa2eacb2c8ba96bb1757fd] 	0000
2016-02-28 14:31:12 [DEBUG] [eatsslim-0120160228143110c627773e1f17be2b53aa2eacb2c8ba96bb1757fd] LGD_RECEIVER = 
2016-02-28 14:31:12 [DEBUG] [eatsslim-0120160228143110c627773e1f17be2b53aa2eacb2c8ba96bb1757fd] 	
2016-02-28 14:31:12 [DEBUG] [eatsslim-0120160228143110c627773e1f17be2b53aa2eacb2c8ba96bb1757fd] LGD_BUYEREMAIL = 
2016-02-28 14:31:12 [DEBUG] [eatsslim-0120160228143110c627773e1f17be2b53aa2eacb2c8ba96bb1757fd] 	sejoara@naver.com
2016-02-28 14:31:12 [DEBUG] [eatsslim-0120160228143110c627773e1f17be2b53aa2eacb2c8ba96bb1757fd] LGD_DISCOUNTUSEAMOUNT = 
2016-02-28 14:31:12 [DEBUG] [eatsslim-0120160228143110c627773e1f17be2b53aa2eacb2c8ba96bb1757fd] 	0
2016-02-28 14:31:12 [INFO ] [eatsslim-0120160228143110c627773e1f17be2b53aa2eacb2c8ba96bb1757fd] m_szResCode = 0000
2016-02-28 14:31:12 [INFO ] [eatsslim-0120160228143110c627773e1f17be2b53aa2eacb2c8ba96bb1757fd] m_szResMsg = 결제성공
2016-02-28 17:25:05 [DEBUG] [eatsslim-012016022817250579ec9ecd0bf0bb8692c2bcf16f886664dd27f6c6] LGD_TXID = eatsslim-012016022817250579ec9ecd0bf0bb8692c2bcf16f886664dd27f6c6
2016-02-28 17:25:05 [DEBUG] [eatsslim-012016022817250579ec9ecd0bf0bb8692c2bcf16f886664dd27f6c6] LGD_AUTHCODE = 75ff3ff3178662b88cbab29357ddf2d5db4b617d
2016-02-28 17:25:05 [DEBUG] [eatsslim-012016022817250579ec9ecd0bf0bb8692c2bcf16f886664dd27f6c6] LGD_MID = eatsslim
2016-02-28 17:25:05 [DEBUG] [eatsslim-012016022817250579ec9ecd0bf0bb8692c2bcf16f886664dd27f6c6] LGD_TXNAME = Cancel
2016-02-28 17:25:05 [DEBUG] [eatsslim-012016022817250579ec9ecd0bf0bb8692c2bcf16f886664dd27f6c6] LGD_TID = eatss2016022815392756775
2016-02-28 17:25:05 [DEBUG] [eatsslim-012016022817250579ec9ecd0bf0bb8692c2bcf16f886664dd27f6c6] LGD_CANCELAMOUNT = 
2016-02-28 17:25:05 [DEBUG] [eatsslim-012016022817250579ec9ecd0bf0bb8692c2bcf16f886664dd27f6c6] LGD_REMAINAMOUNT = 
2016-02-28 17:25:05 [DEBUG] [eatsslim-012016022817250579ec9ecd0bf0bb8692c2bcf16f886664dd27f6c6] LGD_RFBANKCODE = 
2016-02-28 17:25:05 [DEBUG] [eatsslim-012016022817250579ec9ecd0bf0bb8692c2bcf16f886664dd27f6c6] LGD_RFACCOUNTNUM = 
2016-02-28 17:25:05 [DEBUG] [eatsslim-012016022817250579ec9ecd0bf0bb8692c2bcf16f886664dd27f6c6] LGD_RFCUSTOMERNAME = 
2016-02-28 17:25:05 [DEBUG] [eatsslim-012016022817250579ec9ecd0bf0bb8692c2bcf16f886664dd27f6c6] LGD_RFPHONE = 
2016-02-28 17:25:06 [DEBUG] [eatsslim-012016022817250579ec9ecd0bf0bb8692c2bcf16f886664dd27f6c6] HTTP Status Code = 200
2016-02-28 17:25:06 [DEBUG] [eatsslim-012016022817250579ec9ecd0bf0bb8692c2bcf16f886664dd27f6c6] HTTP Content-Type = application/json
2016-02-28 17:25:06 [DEBUG] [eatsslim-012016022817250579ec9ecd0bf0bb8692c2bcf16f886664dd27f6c6] HTTP Response = 









{"LGD_RESPCODE":"0000","LGD_RESPMSG":"취소성공","LGD_RESPONSE":[{"LGD_HASHDATA":"e502d1844355940df9fbe30f394928bf","LGD_RESPCODE":"0000","LGD_TIMESTAMP":"20160228172506","LGD_CANREQDATE":"20160228172506","LGD_RESPMSG":"취소성공"}]}

2016-02-28 17:25:06 [DEBUG] [eatsslim-012016022817250579ec9ecd0bf0bb8692c2bcf16f886664dd27f6c6] LGD_HASHDATA = 
2016-02-28 17:25:06 [DEBUG] [eatsslim-012016022817250579ec9ecd0bf0bb8692c2bcf16f886664dd27f6c6] 	e502d1844355940df9fbe30f394928bf
2016-02-28 17:25:06 [DEBUG] [eatsslim-012016022817250579ec9ecd0bf0bb8692c2bcf16f886664dd27f6c6] LGD_RESPCODE = 
2016-02-28 17:25:06 [DEBUG] [eatsslim-012016022817250579ec9ecd0bf0bb8692c2bcf16f886664dd27f6c6] 	0000
2016-02-28 17:25:06 [DEBUG] [eatsslim-012016022817250579ec9ecd0bf0bb8692c2bcf16f886664dd27f6c6] LGD_CANREQDATE = 
2016-02-28 17:25:06 [DEBUG] [eatsslim-012016022817250579ec9ecd0bf0bb8692c2bcf16f886664dd27f6c6] 	20160228172506
2016-02-28 17:25:06 [DEBUG] [eatsslim-012016022817250579ec9ecd0bf0bb8692c2bcf16f886664dd27f6c6] LGD_TIMESTAMP = 
2016-02-28 17:25:06 [DEBUG] [eatsslim-012016022817250579ec9ecd0bf0bb8692c2bcf16f886664dd27f6c6] 	20160228172506
2016-02-28 17:25:06 [DEBUG] [eatsslim-012016022817250579ec9ecd0bf0bb8692c2bcf16f886664dd27f6c6] LGD_RESPMSG = 
2016-02-28 17:25:06 [DEBUG] [eatsslim-012016022817250579ec9ecd0bf0bb8692c2bcf16f886664dd27f6c6] 	취소성공
2016-02-28 17:25:06 [INFO ] [eatsslim-012016022817250579ec9ecd0bf0bb8692c2bcf16f886664dd27f6c6] m_szResCode = 0000
2016-02-28 17:25:06 [INFO ] [eatsslim-012016022817250579ec9ecd0bf0bb8692c2bcf16f886664dd27f6c6] m_szResMsg = 취소성공
2016-02-28 21:35:33 [DEBUG] [eatsslim-0120160228213533c9c4d5093af9260c73e90318d17dfa36f54343ef] LGD_TXID = eatsslim-0120160228213533c9c4d5093af9260c73e90318d17dfa36f54343ef
2016-02-28 21:35:33 [DEBUG] [eatsslim-0120160228213533c9c4d5093af9260c73e90318d17dfa36f54343ef] LGD_AUTHCODE = 863319699c75825eda4bfec128a514308eb55828
2016-02-28 21:35:33 [DEBUG] [eatsslim-0120160228213533c9c4d5093af9260c73e90318d17dfa36f54343ef] LGD_MID = eatsslim
2016-02-28 21:35:33 [DEBUG] [eatsslim-0120160228213533c9c4d5093af9260c73e90318d17dfa36f54343ef] LGD_TXNAME = PaymentByKey
2016-02-28 21:35:33 [DEBUG] [eatsslim-0120160228213533c9c4d5093af9260c73e90318d17dfa36f54343ef] LGD_PAYKEY = 201602282135320ED5BFE51302E4C0558A1E55034DF17FEB6338EE
2016-02-28 21:35:33 [DEBUG] [eatsslim-0120160228213533c9c4d5093af9260c73e90318d17dfa36f54343ef] HTTP Status Code = 200
2016-02-28 21:35:33 [DEBUG] [eatsslim-0120160228213533c9c4d5093af9260c73e90318d17dfa36f54343ef] HTTP Content-Type = application/json
2016-02-28 21:35:33 [DEBUG] [eatsslim-0120160228213533c9c4d5093af9260c73e90318d17dfa36f54343ef] HTTP Response = 









{"LGD_RESPCODE":"0000","LGD_RESPMSG":"결제성공","LGD_RESPONSE":[{"LGD_CARDACQUIRER":"51","LGD_CARDNOINTEREST_YN":"1","LGD_IFOS":"3A4C0S","LGD_MID":"eatsslim","LGD_FINANCENAME":"삼성","LGD_PCANCELFLAG":"1","LGD_FINANCEAUTHNUM":"30809132","LGD_DELIVERYINFO":"","LGD_BUYER":"김은지","LGD_AFFILIATECODE":"******","LGD_TRANSAMOUNT":"69000","LGD_BUYERID":"","LGD_OID":"ESS160228213352001","LGD_CARDNUM":"941009******2593","LGD_RECEIVERPHONE":"","LGD_2TR_FLAG":"Y","LGD_DEVICE":"LG-F350L","LGD_TID":"eatss2016022821353374450","LGD_TIMESTAMP":"20160228213534","LGD_FINANCECODE":"51000","LGD_CARDNOINTYN":"0","LGD_PCANCELSTR":"0","LGD_DISCOUNTUSEYN":"0","LGD_BUYERPHONE":"01083626269","LGD_ESCROWYN":"N","LGD_PAYTYPE":"SC0010","LGD_AMOUNT":"69000","LGD_VANCODE":"van0003","LGD_EXCHANGERATE":"1.0","LGD_BUYERSSN":"","LGD_CARDINSTALLMONTH":"05","LGD_RESPMSG":"결제성공","LGD_PAYDATE":"20160228213534","LGD_PRODUCTINFO":"알라까르떼 슬림","LGD_PRODUCTCODE":"","LGD_HASHDATA":"b57607754fc8601b6b7f89f391db19f6","LGD_CARDGUBUN1":"0","LGD_CARDGUBUN2":"0","LGD_BUYERADDRESS":"","LGD_RECEIVER":"","LGD_RESPCODE":"0000","LGD_BUYEREMAIL":"dmswlgkq5@naver.com","LGD_DISCOUNTUSEAMOUNT":"0"}]}

2016-02-28 21:35:33 [DEBUG] [eatsslim-0120160228213533c9c4d5093af9260c73e90318d17dfa36f54343ef] LGD_CARDACQUIRER = 
2016-02-28 21:35:33 [DEBUG] [eatsslim-0120160228213533c9c4d5093af9260c73e90318d17dfa36f54343ef] 	51
2016-02-28 21:35:33 [DEBUG] [eatsslim-0120160228213533c9c4d5093af9260c73e90318d17dfa36f54343ef] LGD_MID = 
2016-02-28 21:35:33 [DEBUG] [eatsslim-0120160228213533c9c4d5093af9260c73e90318d17dfa36f54343ef] 	eatsslim
2016-02-28 21:35:33 [DEBUG] [eatsslim-0120160228213533c9c4d5093af9260c73e90318d17dfa36f54343ef] LGD_IFOS = 
2016-02-28 21:35:33 [DEBUG] [eatsslim-0120160228213533c9c4d5093af9260c73e90318d17dfa36f54343ef] 	3A4C0S
2016-02-28 21:35:33 [DEBUG] [eatsslim-0120160228213533c9c4d5093af9260c73e90318d17dfa36f54343ef] LGD_CARDNOINTEREST_YN = 
2016-02-28 21:35:33 [DEBUG] [eatsslim-0120160228213533c9c4d5093af9260c73e90318d17dfa36f54343ef] 	1
2016-02-28 21:35:33 [DEBUG] [eatsslim-0120160228213533c9c4d5093af9260c73e90318d17dfa36f54343ef] LGD_FINANCENAME = 
2016-02-28 21:35:33 [DEBUG] [eatsslim-0120160228213533c9c4d5093af9260c73e90318d17dfa36f54343ef] 	삼성
2016-02-28 21:35:33 [DEBUG] [eatsslim-0120160228213533c9c4d5093af9260c73e90318d17dfa36f54343ef] LGD_FINANCEAUTHNUM = 
2016-02-28 21:35:33 [DEBUG] [eatsslim-0120160228213533c9c4d5093af9260c73e90318d17dfa36f54343ef] 	30809132
2016-02-28 21:35:33 [DEBUG] [eatsslim-0120160228213533c9c4d5093af9260c73e90318d17dfa36f54343ef] LGD_PCANCELFLAG = 
2016-02-28 21:35:33 [DEBUG] [eatsslim-0120160228213533c9c4d5093af9260c73e90318d17dfa36f54343ef] 	1
2016-02-28 21:35:33 [DEBUG] [eatsslim-0120160228213533c9c4d5093af9260c73e90318d17dfa36f54343ef] LGD_DELIVERYINFO = 
2016-02-28 21:35:33 [DEBUG] [eatsslim-0120160228213533c9c4d5093af9260c73e90318d17dfa36f54343ef] 	
2016-02-28 21:35:33 [DEBUG] [eatsslim-0120160228213533c9c4d5093af9260c73e90318d17dfa36f54343ef] LGD_BUYER = 
2016-02-28 21:35:33 [DEBUG] [eatsslim-0120160228213533c9c4d5093af9260c73e90318d17dfa36f54343ef] 	김은지
2016-02-28 21:35:33 [DEBUG] [eatsslim-0120160228213533c9c4d5093af9260c73e90318d17dfa36f54343ef] LGD_AFFILIATECODE = 
2016-02-28 21:35:33 [DEBUG] [eatsslim-0120160228213533c9c4d5093af9260c73e90318d17dfa36f54343ef] 	******
2016-02-28 21:35:33 [DEBUG] [eatsslim-0120160228213533c9c4d5093af9260c73e90318d17dfa36f54343ef] LGD_TRANSAMOUNT = 
2016-02-28 21:35:33 [DEBUG] [eatsslim-0120160228213533c9c4d5093af9260c73e90318d17dfa36f54343ef] 	69000
2016-02-28 21:35:33 [DEBUG] [eatsslim-0120160228213533c9c4d5093af9260c73e90318d17dfa36f54343ef] LGD_BUYERID = 
2016-02-28 21:35:33 [DEBUG] [eatsslim-0120160228213533c9c4d5093af9260c73e90318d17dfa36f54343ef] 	
2016-02-28 21:35:33 [DEBUG] [eatsslim-0120160228213533c9c4d5093af9260c73e90318d17dfa36f54343ef] LGD_OID = 
2016-02-28 21:35:33 [DEBUG] [eatsslim-0120160228213533c9c4d5093af9260c73e90318d17dfa36f54343ef] 	ESS160228213352001
2016-02-28 21:35:33 [DEBUG] [eatsslim-0120160228213533c9c4d5093af9260c73e90318d17dfa36f54343ef] LGD_CARDNUM = 
2016-02-28 21:35:33 [DEBUG] [eatsslim-0120160228213533c9c4d5093af9260c73e90318d17dfa36f54343ef] 	941009******2593
2016-02-28 21:35:33 [DEBUG] [eatsslim-0120160228213533c9c4d5093af9260c73e90318d17dfa36f54343ef] LGD_RECEIVERPHONE = 
2016-02-28 21:35:33 [DEBUG] [eatsslim-0120160228213533c9c4d5093af9260c73e90318d17dfa36f54343ef] 	
2016-02-28 21:35:33 [DEBUG] [eatsslim-0120160228213533c9c4d5093af9260c73e90318d17dfa36f54343ef] LGD_2TR_FLAG = 
2016-02-28 21:35:33 [DEBUG] [eatsslim-0120160228213533c9c4d5093af9260c73e90318d17dfa36f54343ef] 	Y
2016-02-28 21:35:33 [DEBUG] [eatsslim-0120160228213533c9c4d5093af9260c73e90318d17dfa36f54343ef] LGD_DEVICE = 
2016-02-28 21:35:33 [DEBUG] [eatsslim-0120160228213533c9c4d5093af9260c73e90318d17dfa36f54343ef] 	LG-F350L
2016-02-28 21:35:33 [DEBUG] [eatsslim-0120160228213533c9c4d5093af9260c73e90318d17dfa36f54343ef] LGD_TID = 
2016-02-28 21:35:33 [DEBUG] [eatsslim-0120160228213533c9c4d5093af9260c73e90318d17dfa36f54343ef] 	eatss2016022821353374450
2016-02-28 21:35:33 [DEBUG] [eatsslim-0120160228213533c9c4d5093af9260c73e90318d17dfa36f54343ef] LGD_TIMESTAMP = 
2016-02-28 21:35:33 [DEBUG] [eatsslim-0120160228213533c9c4d5093af9260c73e90318d17dfa36f54343ef] 	20160228213534
2016-02-28 21:35:33 [DEBUG] [eatsslim-0120160228213533c9c4d5093af9260c73e90318d17dfa36f54343ef] LGD_FINANCECODE = 
2016-02-28 21:35:33 [DEBUG] [eatsslim-0120160228213533c9c4d5093af9260c73e90318d17dfa36f54343ef] 	51000
2016-02-28 21:35:33 [DEBUG] [eatsslim-0120160228213533c9c4d5093af9260c73e90318d17dfa36f54343ef] LGD_CARDNOINTYN = 
2016-02-28 21:35:33 [DEBUG] [eatsslim-0120160228213533c9c4d5093af9260c73e90318d17dfa36f54343ef] 	0
2016-02-28 21:35:33 [DEBUG] [eatsslim-0120160228213533c9c4d5093af9260c73e90318d17dfa36f54343ef] LGD_PCANCELSTR = 
2016-02-28 21:35:33 [DEBUG] [eatsslim-0120160228213533c9c4d5093af9260c73e90318d17dfa36f54343ef] 	0
2016-02-28 21:35:33 [DEBUG] [eatsslim-0120160228213533c9c4d5093af9260c73e90318d17dfa36f54343ef] LGD_DISCOUNTUSEYN = 
2016-02-28 21:35:33 [DEBUG] [eatsslim-0120160228213533c9c4d5093af9260c73e90318d17dfa36f54343ef] 	0
2016-02-28 21:35:33 [DEBUG] [eatsslim-0120160228213533c9c4d5093af9260c73e90318d17dfa36f54343ef] LGD_BUYERPHONE = 
2016-02-28 21:35:33 [DEBUG] [eatsslim-0120160228213533c9c4d5093af9260c73e90318d17dfa36f54343ef] 	01083626269
2016-02-28 21:35:33 [DEBUG] [eatsslim-0120160228213533c9c4d5093af9260c73e90318d17dfa36f54343ef] LGD_ESCROWYN = 
2016-02-28 21:35:33 [DEBUG] [eatsslim-0120160228213533c9c4d5093af9260c73e90318d17dfa36f54343ef] 	N
2016-02-28 21:35:33 [DEBUG] [eatsslim-0120160228213533c9c4d5093af9260c73e90318d17dfa36f54343ef] LGD_PAYTYPE = 
2016-02-28 21:35:33 [DEBUG] [eatsslim-0120160228213533c9c4d5093af9260c73e90318d17dfa36f54343ef] 	SC0010
2016-02-28 21:35:33 [DEBUG] [eatsslim-0120160228213533c9c4d5093af9260c73e90318d17dfa36f54343ef] LGD_AMOUNT = 
2016-02-28 21:35:33 [DEBUG] [eatsslim-0120160228213533c9c4d5093af9260c73e90318d17dfa36f54343ef] 	69000
2016-02-28 21:35:33 [DEBUG] [eatsslim-0120160228213533c9c4d5093af9260c73e90318d17dfa36f54343ef] LGD_VANCODE = 
2016-02-28 21:35:33 [DEBUG] [eatsslim-0120160228213533c9c4d5093af9260c73e90318d17dfa36f54343ef] 	van0003
2016-02-28 21:35:33 [DEBUG] [eatsslim-0120160228213533c9c4d5093af9260c73e90318d17dfa36f54343ef] LGD_EXCHANGERATE = 
2016-02-28 21:35:33 [DEBUG] [eatsslim-0120160228213533c9c4d5093af9260c73e90318d17dfa36f54343ef] 	1.0
2016-02-28 21:35:33 [DEBUG] [eatsslim-0120160228213533c9c4d5093af9260c73e90318d17dfa36f54343ef] LGD_BUYERSSN = 
2016-02-28 21:35:33 [DEBUG] [eatsslim-0120160228213533c9c4d5093af9260c73e90318d17dfa36f54343ef] 	
2016-02-28 21:35:33 [DEBUG] [eatsslim-0120160228213533c9c4d5093af9260c73e90318d17dfa36f54343ef] LGD_CARDINSTALLMONTH = 
2016-02-28 21:35:33 [DEBUG] [eatsslim-0120160228213533c9c4d5093af9260c73e90318d17dfa36f54343ef] 	05
2016-02-28 21:35:33 [DEBUG] [eatsslim-0120160228213533c9c4d5093af9260c73e90318d17dfa36f54343ef] LGD_RESPMSG = 
2016-02-28 21:35:33 [DEBUG] [eatsslim-0120160228213533c9c4d5093af9260c73e90318d17dfa36f54343ef] 	결제성공
2016-02-28 21:35:33 [DEBUG] [eatsslim-0120160228213533c9c4d5093af9260c73e90318d17dfa36f54343ef] LGD_PAYDATE = 
2016-02-28 21:35:33 [DEBUG] [eatsslim-0120160228213533c9c4d5093af9260c73e90318d17dfa36f54343ef] 	20160228213534
2016-02-28 21:35:33 [DEBUG] [eatsslim-0120160228213533c9c4d5093af9260c73e90318d17dfa36f54343ef] LGD_PRODUCTINFO = 
2016-02-28 21:35:33 [DEBUG] [eatsslim-0120160228213533c9c4d5093af9260c73e90318d17dfa36f54343ef] 	알라까르떼 슬림
2016-02-28 21:35:33 [DEBUG] [eatsslim-0120160228213533c9c4d5093af9260c73e90318d17dfa36f54343ef] LGD_PRODUCTCODE = 
2016-02-28 21:35:33 [DEBUG] [eatsslim-0120160228213533c9c4d5093af9260c73e90318d17dfa36f54343ef] 	
2016-02-28 21:35:33 [DEBUG] [eatsslim-0120160228213533c9c4d5093af9260c73e90318d17dfa36f54343ef] LGD_HASHDATA = 
2016-02-28 21:35:33 [DEBUG] [eatsslim-0120160228213533c9c4d5093af9260c73e90318d17dfa36f54343ef] 	b57607754fc8601b6b7f89f391db19f6
2016-02-28 21:35:33 [DEBUG] [eatsslim-0120160228213533c9c4d5093af9260c73e90318d17dfa36f54343ef] LGD_CARDGUBUN1 = 
2016-02-28 21:35:33 [DEBUG] [eatsslim-0120160228213533c9c4d5093af9260c73e90318d17dfa36f54343ef] 	0
2016-02-28 21:35:33 [DEBUG] [eatsslim-0120160228213533c9c4d5093af9260c73e90318d17dfa36f54343ef] LGD_BUYERADDRESS = 
2016-02-28 21:35:33 [DEBUG] [eatsslim-0120160228213533c9c4d5093af9260c73e90318d17dfa36f54343ef] 	
2016-02-28 21:35:33 [DEBUG] [eatsslim-0120160228213533c9c4d5093af9260c73e90318d17dfa36f54343ef] LGD_CARDGUBUN2 = 
2016-02-28 21:35:33 [DEBUG] [eatsslim-0120160228213533c9c4d5093af9260c73e90318d17dfa36f54343ef] 	0
2016-02-28 21:35:33 [DEBUG] [eatsslim-0120160228213533c9c4d5093af9260c73e90318d17dfa36f54343ef] LGD_RESPCODE = 
2016-02-28 21:35:33 [DEBUG] [eatsslim-0120160228213533c9c4d5093af9260c73e90318d17dfa36f54343ef] 	0000
2016-02-28 21:35:33 [DEBUG] [eatsslim-0120160228213533c9c4d5093af9260c73e90318d17dfa36f54343ef] LGD_RECEIVER = 
2016-02-28 21:35:33 [DEBUG] [eatsslim-0120160228213533c9c4d5093af9260c73e90318d17dfa36f54343ef] 	
2016-02-28 21:35:33 [DEBUG] [eatsslim-0120160228213533c9c4d5093af9260c73e90318d17dfa36f54343ef] LGD_BUYEREMAIL = 
2016-02-28 21:35:33 [DEBUG] [eatsslim-0120160228213533c9c4d5093af9260c73e90318d17dfa36f54343ef] 	dmswlgkq5@naver.com
2016-02-28 21:35:33 [DEBUG] [eatsslim-0120160228213533c9c4d5093af9260c73e90318d17dfa36f54343ef] LGD_DISCOUNTUSEAMOUNT = 
2016-02-28 21:35:33 [DEBUG] [eatsslim-0120160228213533c9c4d5093af9260c73e90318d17dfa36f54343ef] 	0
2016-02-28 21:35:33 [INFO ] [eatsslim-0120160228213533c9c4d5093af9260c73e90318d17dfa36f54343ef] m_szResCode = 0000
2016-02-28 21:35:33 [INFO ] [eatsslim-0120160228213533c9c4d5093af9260c73e90318d17dfa36f54343ef] m_szResMsg = 결제성공
2016-02-28 22:18:55 [DEBUG] [eatsslim-01201602282218551c56c900e5b5b30da5e6b71848338a26eccca44f] LGD_TXID = eatsslim-01201602282218551c56c900e5b5b30da5e6b71848338a26eccca44f
2016-02-28 22:18:55 [DEBUG] [eatsslim-01201602282218551c56c900e5b5b30da5e6b71848338a26eccca44f] LGD_AUTHCODE = 70253ae2f54be4394e5417dac84e74b7f9753430
2016-02-28 22:18:55 [DEBUG] [eatsslim-01201602282218551c56c900e5b5b30da5e6b71848338a26eccca44f] LGD_MID = eatsslim
2016-02-28 22:18:55 [DEBUG] [eatsslim-01201602282218551c56c900e5b5b30da5e6b71848338a26eccca44f] LGD_TXNAME = PaymentByKey
2016-02-28 22:18:55 [DEBUG] [eatsslim-01201602282218551c56c900e5b5b30da5e6b71848338a26eccca44f] LGD_PAYKEY = 20160228221855C5D1CFBA0D3F9D4BFF9680DF489B74CB24C3A078
2016-02-28 22:18:56 [DEBUG] [eatsslim-01201602282218551c56c900e5b5b30da5e6b71848338a26eccca44f] HTTP Status Code = 200
2016-02-28 22:18:56 [DEBUG] [eatsslim-01201602282218551c56c900e5b5b30da5e6b71848338a26eccca44f] HTTP Content-Type = application/json
2016-02-28 22:18:56 [DEBUG] [eatsslim-01201602282218551c56c900e5b5b30da5e6b71848338a26eccca44f] HTTP Response = 









{"LGD_RESPCODE":"0000","LGD_RESPMSG":"결제성공","LGD_RESPONSE":[{"LGD_CARDACQUIRER":"61","LGD_CARDNOINTEREST_YN":"1","LGD_IFOS":"3A5C0S","LGD_MID":"eatsslim","LGD_FINANCENAME":"현대","LGD_PCANCELFLAG":"1","LGD_FINANCEAUTHNUM":"00840993","LGD_DELIVERYINFO":"","LGD_BUYER":"김성아","LGD_AFFILIATECODE":"******","LGD_TRANSAMOUNT":"142000","LGD_BUYERID":"","LGD_OID":"ESS160228221444001","LGD_CARDNUM":"949019******5509","LGD_RECEIVERPHONE":"","LGD_2TR_FLAG":"Y","LGD_DEVICE":"SM-N920K","LGD_TID":"eatss2016022822185688899","LGD_TIMESTAMP":"20160228221856","LGD_FINANCECODE":"61000","LGD_CARDNOINTYN":"0","LGD_PCANCELSTR":"0","LGD_DISCOUNTUSEYN":"0","LGD_BUYERPHONE":"01072236136","LGD_ESCROWYN":"N","LGD_PAYTYPE":"SC0010","LGD_AMOUNT":"142000","LGD_VANCODE":"van0003","LGD_EXCHANGERATE":"1.0","LGD_BUYERSSN":"","LGD_CARDINSTALLMONTH":"05","LGD_RESPMSG":"결제성공","LGD_PAYDATE":"20160228221856","LGD_PRODUCTINFO":"알라까르떼 슬림+알라까르떼 헬씨","LGD_PRODUCTCODE":"","LGD_HASHDATA":"a4cdfe15e3c132f96085e219beddb116","LGD_CARDGUBUN1":"0","LGD_CARDGUBUN2":"0","LGD_BUYERADDRESS":"","LGD_RECEIVER":"","LGD_RESPCODE":"0000","LGD_BUYEREMAIL":"ssunga.kim@gmail.com","LGD_DISCOUNTUSEAMOUNT":"0"}]}

2016-02-28 22:18:56 [DEBUG] [eatsslim-01201602282218551c56c900e5b5b30da5e6b71848338a26eccca44f] LGD_CARDACQUIRER = 
2016-02-28 22:18:56 [DEBUG] [eatsslim-01201602282218551c56c900e5b5b30da5e6b71848338a26eccca44f] 	61
2016-02-28 22:18:56 [DEBUG] [eatsslim-01201602282218551c56c900e5b5b30da5e6b71848338a26eccca44f] LGD_MID = 
2016-02-28 22:18:56 [DEBUG] [eatsslim-01201602282218551c56c900e5b5b30da5e6b71848338a26eccca44f] 	eatsslim
2016-02-28 22:18:56 [DEBUG] [eatsslim-01201602282218551c56c900e5b5b30da5e6b71848338a26eccca44f] LGD_IFOS = 
2016-02-28 22:18:56 [DEBUG] [eatsslim-01201602282218551c56c900e5b5b30da5e6b71848338a26eccca44f] 	3A5C0S
2016-02-28 22:18:56 [DEBUG] [eatsslim-01201602282218551c56c900e5b5b30da5e6b71848338a26eccca44f] LGD_CARDNOINTEREST_YN = 
2016-02-28 22:18:56 [DEBUG] [eatsslim-01201602282218551c56c900e5b5b30da5e6b71848338a26eccca44f] 	1
2016-02-28 22:18:56 [DEBUG] [eatsslim-01201602282218551c56c900e5b5b30da5e6b71848338a26eccca44f] LGD_FINANCENAME = 
2016-02-28 22:18:56 [DEBUG] [eatsslim-01201602282218551c56c900e5b5b30da5e6b71848338a26eccca44f] 	현대
2016-02-28 22:18:56 [DEBUG] [eatsslim-01201602282218551c56c900e5b5b30da5e6b71848338a26eccca44f] LGD_FINANCEAUTHNUM = 
2016-02-28 22:18:56 [DEBUG] [eatsslim-01201602282218551c56c900e5b5b30da5e6b71848338a26eccca44f] 	00840993
2016-02-28 22:18:56 [DEBUG] [eatsslim-01201602282218551c56c900e5b5b30da5e6b71848338a26eccca44f] LGD_PCANCELFLAG = 
2016-02-28 22:18:56 [DEBUG] [eatsslim-01201602282218551c56c900e5b5b30da5e6b71848338a26eccca44f] 	1
2016-02-28 22:18:56 [DEBUG] [eatsslim-01201602282218551c56c900e5b5b30da5e6b71848338a26eccca44f] LGD_DELIVERYINFO = 
2016-02-28 22:18:56 [DEBUG] [eatsslim-01201602282218551c56c900e5b5b30da5e6b71848338a26eccca44f] 	
2016-02-28 22:18:56 [DEBUG] [eatsslim-01201602282218551c56c900e5b5b30da5e6b71848338a26eccca44f] LGD_BUYER = 
2016-02-28 22:18:56 [DEBUG] [eatsslim-01201602282218551c56c900e5b5b30da5e6b71848338a26eccca44f] 	김성아
2016-02-28 22:18:56 [DEBUG] [eatsslim-01201602282218551c56c900e5b5b30da5e6b71848338a26eccca44f] LGD_AFFILIATECODE = 
2016-02-28 22:18:56 [DEBUG] [eatsslim-01201602282218551c56c900e5b5b30da5e6b71848338a26eccca44f] 	******
2016-02-28 22:18:56 [DEBUG] [eatsslim-01201602282218551c56c900e5b5b30da5e6b71848338a26eccca44f] LGD_TRANSAMOUNT = 
2016-02-28 22:18:56 [DEBUG] [eatsslim-01201602282218551c56c900e5b5b30da5e6b71848338a26eccca44f] 	142000
2016-02-28 22:18:56 [DEBUG] [eatsslim-01201602282218551c56c900e5b5b30da5e6b71848338a26eccca44f] LGD_BUYERID = 
2016-02-28 22:18:56 [DEBUG] [eatsslim-01201602282218551c56c900e5b5b30da5e6b71848338a26eccca44f] 	
2016-02-28 22:18:56 [DEBUG] [eatsslim-01201602282218551c56c900e5b5b30da5e6b71848338a26eccca44f] LGD_OID = 
2016-02-28 22:18:56 [DEBUG] [eatsslim-01201602282218551c56c900e5b5b30da5e6b71848338a26eccca44f] 	ESS160228221444001
2016-02-28 22:18:56 [DEBUG] [eatsslim-01201602282218551c56c900e5b5b30da5e6b71848338a26eccca44f] LGD_CARDNUM = 
2016-02-28 22:18:56 [DEBUG] [eatsslim-01201602282218551c56c900e5b5b30da5e6b71848338a26eccca44f] 	949019******5509
2016-02-28 22:18:56 [DEBUG] [eatsslim-01201602282218551c56c900e5b5b30da5e6b71848338a26eccca44f] LGD_RECEIVERPHONE = 
2016-02-28 22:18:56 [DEBUG] [eatsslim-01201602282218551c56c900e5b5b30da5e6b71848338a26eccca44f] 	
2016-02-28 22:18:56 [DEBUG] [eatsslim-01201602282218551c56c900e5b5b30da5e6b71848338a26eccca44f] LGD_2TR_FLAG = 
2016-02-28 22:18:56 [DEBUG] [eatsslim-01201602282218551c56c900e5b5b30da5e6b71848338a26eccca44f] 	Y
2016-02-28 22:18:56 [DEBUG] [eatsslim-01201602282218551c56c900e5b5b30da5e6b71848338a26eccca44f] LGD_DEVICE = 
2016-02-28 22:18:56 [DEBUG] [eatsslim-01201602282218551c56c900e5b5b30da5e6b71848338a26eccca44f] 	SM-N920K
2016-02-28 22:18:56 [DEBUG] [eatsslim-01201602282218551c56c900e5b5b30da5e6b71848338a26eccca44f] LGD_TID = 
2016-02-28 22:18:56 [DEBUG] [eatsslim-01201602282218551c56c900e5b5b30da5e6b71848338a26eccca44f] 	eatss2016022822185688899
2016-02-28 22:18:56 [DEBUG] [eatsslim-01201602282218551c56c900e5b5b30da5e6b71848338a26eccca44f] LGD_TIMESTAMP = 
2016-02-28 22:18:56 [DEBUG] [eatsslim-01201602282218551c56c900e5b5b30da5e6b71848338a26eccca44f] 	20160228221856
2016-02-28 22:18:56 [DEBUG] [eatsslim-01201602282218551c56c900e5b5b30da5e6b71848338a26eccca44f] LGD_FINANCECODE = 
2016-02-28 22:18:56 [DEBUG] [eatsslim-01201602282218551c56c900e5b5b30da5e6b71848338a26eccca44f] 	61000
2016-02-28 22:18:56 [DEBUG] [eatsslim-01201602282218551c56c900e5b5b30da5e6b71848338a26eccca44f] LGD_CARDNOINTYN = 
2016-02-28 22:18:56 [DEBUG] [eatsslim-01201602282218551c56c900e5b5b30da5e6b71848338a26eccca44f] 	0
2016-02-28 22:18:56 [DEBUG] [eatsslim-01201602282218551c56c900e5b5b30da5e6b71848338a26eccca44f] LGD_PCANCELSTR = 
2016-02-28 22:18:56 [DEBUG] [eatsslim-01201602282218551c56c900e5b5b30da5e6b71848338a26eccca44f] 	0
2016-02-28 22:18:56 [DEBUG] [eatsslim-01201602282218551c56c900e5b5b30da5e6b71848338a26eccca44f] LGD_DISCOUNTUSEYN = 
2016-02-28 22:18:56 [DEBUG] [eatsslim-01201602282218551c56c900e5b5b30da5e6b71848338a26eccca44f] 	0
2016-02-28 22:18:56 [DEBUG] [eatsslim-01201602282218551c56c900e5b5b30da5e6b71848338a26eccca44f] LGD_BUYERPHONE = 
2016-02-28 22:18:56 [DEBUG] [eatsslim-01201602282218551c56c900e5b5b30da5e6b71848338a26eccca44f] 	01072236136
2016-02-28 22:18:56 [DEBUG] [eatsslim-01201602282218551c56c900e5b5b30da5e6b71848338a26eccca44f] LGD_ESCROWYN = 
2016-02-28 22:18:56 [DEBUG] [eatsslim-01201602282218551c56c900e5b5b30da5e6b71848338a26eccca44f] 	N
2016-02-28 22:18:56 [DEBUG] [eatsslim-01201602282218551c56c900e5b5b30da5e6b71848338a26eccca44f] LGD_PAYTYPE = 
2016-02-28 22:18:56 [DEBUG] [eatsslim-01201602282218551c56c900e5b5b30da5e6b71848338a26eccca44f] 	SC0010
2016-02-28 22:18:56 [DEBUG] [eatsslim-01201602282218551c56c900e5b5b30da5e6b71848338a26eccca44f] LGD_AMOUNT = 
2016-02-28 22:18:56 [DEBUG] [eatsslim-01201602282218551c56c900e5b5b30da5e6b71848338a26eccca44f] 	142000
2016-02-28 22:18:56 [DEBUG] [eatsslim-01201602282218551c56c900e5b5b30da5e6b71848338a26eccca44f] LGD_VANCODE = 
2016-02-28 22:18:56 [DEBUG] [eatsslim-01201602282218551c56c900e5b5b30da5e6b71848338a26eccca44f] 	van0003
2016-02-28 22:18:56 [DEBUG] [eatsslim-01201602282218551c56c900e5b5b30da5e6b71848338a26eccca44f] LGD_EXCHANGERATE = 
2016-02-28 22:18:56 [DEBUG] [eatsslim-01201602282218551c56c900e5b5b30da5e6b71848338a26eccca44f] 	1.0
2016-02-28 22:18:56 [DEBUG] [eatsslim-01201602282218551c56c900e5b5b30da5e6b71848338a26eccca44f] LGD_BUYERSSN = 
2016-02-28 22:18:56 [DEBUG] [eatsslim-01201602282218551c56c900e5b5b30da5e6b71848338a26eccca44f] 	
2016-02-28 22:18:56 [DEBUG] [eatsslim-01201602282218551c56c900e5b5b30da5e6b71848338a26eccca44f] LGD_CARDINSTALLMONTH = 
2016-02-28 22:18:56 [DEBUG] [eatsslim-01201602282218551c56c900e5b5b30da5e6b71848338a26eccca44f] 	05
2016-02-28 22:18:56 [DEBUG] [eatsslim-01201602282218551c56c900e5b5b30da5e6b71848338a26eccca44f] LGD_RESPMSG = 
2016-02-28 22:18:56 [DEBUG] [eatsslim-01201602282218551c56c900e5b5b30da5e6b71848338a26eccca44f] 	결제성공
2016-02-28 22:18:56 [DEBUG] [eatsslim-01201602282218551c56c900e5b5b30da5e6b71848338a26eccca44f] LGD_PAYDATE = 
2016-02-28 22:18:56 [DEBUG] [eatsslim-01201602282218551c56c900e5b5b30da5e6b71848338a26eccca44f] 	20160228221856
2016-02-28 22:18:56 [DEBUG] [eatsslim-01201602282218551c56c900e5b5b30da5e6b71848338a26eccca44f] LGD_PRODUCTINFO = 
2016-02-28 22:18:56 [DEBUG] [eatsslim-01201602282218551c56c900e5b5b30da5e6b71848338a26eccca44f] 	알라까르떼 슬림+알라까르떼 헬씨
2016-02-28 22:18:56 [DEBUG] [eatsslim-01201602282218551c56c900e5b5b30da5e6b71848338a26eccca44f] LGD_PRODUCTCODE = 
2016-02-28 22:18:56 [DEBUG] [eatsslim-01201602282218551c56c900e5b5b30da5e6b71848338a26eccca44f] 	
2016-02-28 22:18:56 [DEBUG] [eatsslim-01201602282218551c56c900e5b5b30da5e6b71848338a26eccca44f] LGD_HASHDATA = 
2016-02-28 22:18:56 [DEBUG] [eatsslim-01201602282218551c56c900e5b5b30da5e6b71848338a26eccca44f] 	a4cdfe15e3c132f96085e219beddb116
2016-02-28 22:18:56 [DEBUG] [eatsslim-01201602282218551c56c900e5b5b30da5e6b71848338a26eccca44f] LGD_CARDGUBUN1 = 
2016-02-28 22:18:56 [DEBUG] [eatsslim-01201602282218551c56c900e5b5b30da5e6b71848338a26eccca44f] 	0
2016-02-28 22:18:56 [DEBUG] [eatsslim-01201602282218551c56c900e5b5b30da5e6b71848338a26eccca44f] LGD_BUYERADDRESS = 
2016-02-28 22:18:56 [DEBUG] [eatsslim-01201602282218551c56c900e5b5b30da5e6b71848338a26eccca44f] 	
2016-02-28 22:18:56 [DEBUG] [eatsslim-01201602282218551c56c900e5b5b30da5e6b71848338a26eccca44f] LGD_CARDGUBUN2 = 
2016-02-28 22:18:56 [DEBUG] [eatsslim-01201602282218551c56c900e5b5b30da5e6b71848338a26eccca44f] 	0
2016-02-28 22:18:56 [DEBUG] [eatsslim-01201602282218551c56c900e5b5b30da5e6b71848338a26eccca44f] LGD_RESPCODE = 
2016-02-28 22:18:56 [DEBUG] [eatsslim-01201602282218551c56c900e5b5b30da5e6b71848338a26eccca44f] 	0000
2016-02-28 22:18:56 [DEBUG] [eatsslim-01201602282218551c56c900e5b5b30da5e6b71848338a26eccca44f] LGD_RECEIVER = 
2016-02-28 22:18:56 [DEBUG] [eatsslim-01201602282218551c56c900e5b5b30da5e6b71848338a26eccca44f] 	
2016-02-28 22:18:56 [DEBUG] [eatsslim-01201602282218551c56c900e5b5b30da5e6b71848338a26eccca44f] LGD_BUYEREMAIL = 
2016-02-28 22:18:56 [DEBUG] [eatsslim-01201602282218551c56c900e5b5b30da5e6b71848338a26eccca44f] 	ssunga.kim@gmail.com
2016-02-28 22:18:56 [DEBUG] [eatsslim-01201602282218551c56c900e5b5b30da5e6b71848338a26eccca44f] LGD_DISCOUNTUSEAMOUNT = 
2016-02-28 22:18:56 [DEBUG] [eatsslim-01201602282218551c56c900e5b5b30da5e6b71848338a26eccca44f] 	0
2016-02-28 22:18:56 [INFO ] [eatsslim-01201602282218551c56c900e5b5b30da5e6b71848338a26eccca44f] m_szResCode = 0000
2016-02-28 22:18:56 [INFO ] [eatsslim-01201602282218551c56c900e5b5b30da5e6b71848338a26eccca44f] m_szResMsg = 결제성공
2016-02-28 22:37:50 [DEBUG] [eatsslim-01201602282237505269fb9ff8dc09c3d10694ba0ecf71bc69c466fb] LGD_TXID = eatsslim-01201602282237505269fb9ff8dc09c3d10694ba0ecf71bc69c466fb
2016-02-28 22:37:50 [DEBUG] [eatsslim-01201602282237505269fb9ff8dc09c3d10694ba0ecf71bc69c466fb] LGD_AUTHCODE = a652a50677197c5cd355aacd2998715908e89506
2016-02-28 22:37:50 [DEBUG] [eatsslim-01201602282237505269fb9ff8dc09c3d10694ba0ecf71bc69c466fb] LGD_MID = eatsslim
2016-02-28 22:37:50 [DEBUG] [eatsslim-01201602282237505269fb9ff8dc09c3d10694ba0ecf71bc69c466fb] LGD_TXNAME = PaymentByKey
2016-02-28 22:37:50 [DEBUG] [eatsslim-01201602282237505269fb9ff8dc09c3d10694ba0ecf71bc69c466fb] LGD_PAYKEY = 201602282237507B8C9D59F72D2177FEEDE3848C4FC3C37E2823AD
2016-02-28 22:37:51 [DEBUG] [eatsslim-01201602282237505269fb9ff8dc09c3d10694ba0ecf71bc69c466fb] HTTP Status Code = 200
2016-02-28 22:37:51 [DEBUG] [eatsslim-01201602282237505269fb9ff8dc09c3d10694ba0ecf71bc69c466fb] HTTP Content-Type = application/json
2016-02-28 22:37:51 [DEBUG] [eatsslim-01201602282237505269fb9ff8dc09c3d10694ba0ecf71bc69c466fb] HTTP Response = 









{"LGD_RESPCODE":"0000","LGD_RESPMSG":"결제성공","LGD_RESPONSE":[{"LGD_CARDACQUIRER":"51","LGD_CARDNOINTEREST_YN":"1","LGD_IFOS":"3A5C0S","LGD_MID":"eatsslim","LGD_FINANCENAME":"삼성VISA","LGD_PCANCELFLAG":"1","LGD_FINANCEAUTHNUM":"89575425","LGD_DELIVERYINFO":"","LGD_BUYER":"임찬민","LGD_AFFILIATECODE":"******","LGD_TRANSAMOUNT":"90400","LGD_BUYERID":"","LGD_OID":"ESS160228222958001","LGD_CARDNUM":"426578******6245","LGD_RECEIVERPHONE":"","LGD_2TR_FLAG":"Y","LGD_DEVICE":"SM-G920K","LGD_TID":"eatss2016022822375199380","LGD_TIMESTAMP":"20160228223751","LGD_FINANCECODE":"51100","LGD_CARDNOINTYN":"0","LGD_PCANCELSTR":"0","LGD_DISCOUNTUSEYN":"0","LGD_BUYERPHONE":"","LGD_ESCROWYN":"N","LGD_PAYTYPE":"SC0010","LGD_AMOUNT":"90400","LGD_VANCODE":"van0003","LGD_EXCHANGERATE":"1.0","LGD_BUYERSSN":"","LGD_CARDINSTALLMONTH":"05","LGD_RESPMSG":"결제성공","LGD_PAYDATE":"20160228223751","LGD_PRODUCTINFO":"퀴진+미니밀1개","LGD_PRODUCTCODE":"","LGD_HASHDATA":"95d242461c86c0b233a66f529141e5b7","LGD_CARDGUBUN1":"0","LGD_CARDGUBUN2":"0","LGD_BUYERADDRESS":"","LGD_RECEIVER":"","LGD_RESPCODE":"0000","LGD_BUYEREMAIL":"beatus1024@hanmir.com","LGD_DISCOUNTUSEAMOUNT":"0"}]}

2016-02-28 22:37:51 [DEBUG] [eatsslim-01201602282237505269fb9ff8dc09c3d10694ba0ecf71bc69c466fb] LGD_CARDACQUIRER = 
2016-02-28 22:37:51 [DEBUG] [eatsslim-01201602282237505269fb9ff8dc09c3d10694ba0ecf71bc69c466fb] 	51
2016-02-28 22:37:51 [DEBUG] [eatsslim-01201602282237505269fb9ff8dc09c3d10694ba0ecf71bc69c466fb] LGD_MID = 
2016-02-28 22:37:51 [DEBUG] [eatsslim-01201602282237505269fb9ff8dc09c3d10694ba0ecf71bc69c466fb] 	eatsslim
2016-02-28 22:37:51 [DEBUG] [eatsslim-01201602282237505269fb9ff8dc09c3d10694ba0ecf71bc69c466fb] LGD_IFOS = 
2016-02-28 22:37:51 [DEBUG] [eatsslim-01201602282237505269fb9ff8dc09c3d10694ba0ecf71bc69c466fb] 	3A5C0S
2016-02-28 22:37:51 [DEBUG] [eatsslim-01201602282237505269fb9ff8dc09c3d10694ba0ecf71bc69c466fb] LGD_CARDNOINTEREST_YN = 
2016-02-28 22:37:51 [DEBUG] [eatsslim-01201602282237505269fb9ff8dc09c3d10694ba0ecf71bc69c466fb] 	1
2016-02-28 22:37:51 [DEBUG] [eatsslim-01201602282237505269fb9ff8dc09c3d10694ba0ecf71bc69c466fb] LGD_FINANCENAME = 
2016-02-28 22:37:51 [DEBUG] [eatsslim-01201602282237505269fb9ff8dc09c3d10694ba0ecf71bc69c466fb] 	삼성VISA
2016-02-28 22:37:51 [DEBUG] [eatsslim-01201602282237505269fb9ff8dc09c3d10694ba0ecf71bc69c466fb] LGD_FINANCEAUTHNUM = 
2016-02-28 22:37:51 [DEBUG] [eatsslim-01201602282237505269fb9ff8dc09c3d10694ba0ecf71bc69c466fb] 	89575425
2016-02-28 22:37:51 [DEBUG] [eatsslim-01201602282237505269fb9ff8dc09c3d10694ba0ecf71bc69c466fb] LGD_PCANCELFLAG = 
2016-02-28 22:37:51 [DEBUG] [eatsslim-01201602282237505269fb9ff8dc09c3d10694ba0ecf71bc69c466fb] 	1
2016-02-28 22:37:51 [DEBUG] [eatsslim-01201602282237505269fb9ff8dc09c3d10694ba0ecf71bc69c466fb] LGD_DELIVERYINFO = 
2016-02-28 22:37:51 [DEBUG] [eatsslim-01201602282237505269fb9ff8dc09c3d10694ba0ecf71bc69c466fb] 	
2016-02-28 22:37:51 [DEBUG] [eatsslim-01201602282237505269fb9ff8dc09c3d10694ba0ecf71bc69c466fb] LGD_BUYER = 
2016-02-28 22:37:51 [DEBUG] [eatsslim-01201602282237505269fb9ff8dc09c3d10694ba0ecf71bc69c466fb] 	임찬민
2016-02-28 22:37:51 [DEBUG] [eatsslim-01201602282237505269fb9ff8dc09c3d10694ba0ecf71bc69c466fb] LGD_AFFILIATECODE = 
2016-02-28 22:37:51 [DEBUG] [eatsslim-01201602282237505269fb9ff8dc09c3d10694ba0ecf71bc69c466fb] 	******
2016-02-28 22:37:51 [DEBUG] [eatsslim-01201602282237505269fb9ff8dc09c3d10694ba0ecf71bc69c466fb] LGD_TRANSAMOUNT = 
2016-02-28 22:37:51 [DEBUG] [eatsslim-01201602282237505269fb9ff8dc09c3d10694ba0ecf71bc69c466fb] 	90400
2016-02-28 22:37:51 [DEBUG] [eatsslim-01201602282237505269fb9ff8dc09c3d10694ba0ecf71bc69c466fb] LGD_BUYERID = 
2016-02-28 22:37:51 [DEBUG] [eatsslim-01201602282237505269fb9ff8dc09c3d10694ba0ecf71bc69c466fb] 	
2016-02-28 22:37:51 [DEBUG] [eatsslim-01201602282237505269fb9ff8dc09c3d10694ba0ecf71bc69c466fb] LGD_OID = 
2016-02-28 22:37:51 [DEBUG] [eatsslim-01201602282237505269fb9ff8dc09c3d10694ba0ecf71bc69c466fb] 	ESS160228222958001
2016-02-28 22:37:51 [DEBUG] [eatsslim-01201602282237505269fb9ff8dc09c3d10694ba0ecf71bc69c466fb] LGD_CARDNUM = 
2016-02-28 22:37:51 [DEBUG] [eatsslim-01201602282237505269fb9ff8dc09c3d10694ba0ecf71bc69c466fb] 	426578******6245
2016-02-28 22:37:51 [DEBUG] [eatsslim-01201602282237505269fb9ff8dc09c3d10694ba0ecf71bc69c466fb] LGD_RECEIVERPHONE = 
2016-02-28 22:37:51 [DEBUG] [eatsslim-01201602282237505269fb9ff8dc09c3d10694ba0ecf71bc69c466fb] 	
2016-02-28 22:37:51 [DEBUG] [eatsslim-01201602282237505269fb9ff8dc09c3d10694ba0ecf71bc69c466fb] LGD_2TR_FLAG = 
2016-02-28 22:37:51 [DEBUG] [eatsslim-01201602282237505269fb9ff8dc09c3d10694ba0ecf71bc69c466fb] 	Y
2016-02-28 22:37:51 [DEBUG] [eatsslim-01201602282237505269fb9ff8dc09c3d10694ba0ecf71bc69c466fb] LGD_DEVICE = 
2016-02-28 22:37:51 [DEBUG] [eatsslim-01201602282237505269fb9ff8dc09c3d10694ba0ecf71bc69c466fb] 	SM-G920K
2016-02-28 22:37:51 [DEBUG] [eatsslim-01201602282237505269fb9ff8dc09c3d10694ba0ecf71bc69c466fb] LGD_TID = 
2016-02-28 22:37:51 [DEBUG] [eatsslim-01201602282237505269fb9ff8dc09c3d10694ba0ecf71bc69c466fb] 	eatss2016022822375199380
2016-02-28 22:37:51 [DEBUG] [eatsslim-01201602282237505269fb9ff8dc09c3d10694ba0ecf71bc69c466fb] LGD_TIMESTAMP = 
2016-02-28 22:37:51 [DEBUG] [eatsslim-01201602282237505269fb9ff8dc09c3d10694ba0ecf71bc69c466fb] 	20160228223751
2016-02-28 22:37:51 [DEBUG] [eatsslim-01201602282237505269fb9ff8dc09c3d10694ba0ecf71bc69c466fb] LGD_FINANCECODE = 
2016-02-28 22:37:51 [DEBUG] [eatsslim-01201602282237505269fb9ff8dc09c3d10694ba0ecf71bc69c466fb] 	51100
2016-02-28 22:37:51 [DEBUG] [eatsslim-01201602282237505269fb9ff8dc09c3d10694ba0ecf71bc69c466fb] LGD_CARDNOINTYN = 
2016-02-28 22:37:51 [DEBUG] [eatsslim-01201602282237505269fb9ff8dc09c3d10694ba0ecf71bc69c466fb] 	0
2016-02-28 22:37:51 [DEBUG] [eatsslim-01201602282237505269fb9ff8dc09c3d10694ba0ecf71bc69c466fb] LGD_PCANCELSTR = 
2016-02-28 22:37:51 [DEBUG] [eatsslim-01201602282237505269fb9ff8dc09c3d10694ba0ecf71bc69c466fb] 	0
2016-02-28 22:37:51 [DEBUG] [eatsslim-01201602282237505269fb9ff8dc09c3d10694ba0ecf71bc69c466fb] LGD_DISCOUNTUSEYN = 
2016-02-28 22:37:51 [DEBUG] [eatsslim-01201602282237505269fb9ff8dc09c3d10694ba0ecf71bc69c466fb] 	0
2016-02-28 22:37:51 [DEBUG] [eatsslim-01201602282237505269fb9ff8dc09c3d10694ba0ecf71bc69c466fb] LGD_BUYERPHONE = 
2016-02-28 22:37:51 [DEBUG] [eatsslim-01201602282237505269fb9ff8dc09c3d10694ba0ecf71bc69c466fb] 	
2016-02-28 22:37:51 [DEBUG] [eatsslim-01201602282237505269fb9ff8dc09c3d10694ba0ecf71bc69c466fb] LGD_ESCROWYN = 
2016-02-28 22:37:51 [DEBUG] [eatsslim-01201602282237505269fb9ff8dc09c3d10694ba0ecf71bc69c466fb] 	N
2016-02-28 22:37:51 [DEBUG] [eatsslim-01201602282237505269fb9ff8dc09c3d10694ba0ecf71bc69c466fb] LGD_PAYTYPE = 
2016-02-28 22:37:51 [DEBUG] [eatsslim-01201602282237505269fb9ff8dc09c3d10694ba0ecf71bc69c466fb] 	SC0010
2016-02-28 22:37:51 [DEBUG] [eatsslim-01201602282237505269fb9ff8dc09c3d10694ba0ecf71bc69c466fb] LGD_AMOUNT = 
2016-02-28 22:37:51 [DEBUG] [eatsslim-01201602282237505269fb9ff8dc09c3d10694ba0ecf71bc69c466fb] 	90400
2016-02-28 22:37:51 [DEBUG] [eatsslim-01201602282237505269fb9ff8dc09c3d10694ba0ecf71bc69c466fb] LGD_VANCODE = 
2016-02-28 22:37:51 [DEBUG] [eatsslim-01201602282237505269fb9ff8dc09c3d10694ba0ecf71bc69c466fb] 	van0003
2016-02-28 22:37:51 [DEBUG] [eatsslim-01201602282237505269fb9ff8dc09c3d10694ba0ecf71bc69c466fb] LGD_EXCHANGERATE = 
2016-02-28 22:37:51 [DEBUG] [eatsslim-01201602282237505269fb9ff8dc09c3d10694ba0ecf71bc69c466fb] 	1.0
2016-02-28 22:37:51 [DEBUG] [eatsslim-01201602282237505269fb9ff8dc09c3d10694ba0ecf71bc69c466fb] LGD_BUYERSSN = 
2016-02-28 22:37:51 [DEBUG] [eatsslim-01201602282237505269fb9ff8dc09c3d10694ba0ecf71bc69c466fb] 	
2016-02-28 22:37:51 [DEBUG] [eatsslim-01201602282237505269fb9ff8dc09c3d10694ba0ecf71bc69c466fb] LGD_CARDINSTALLMONTH = 
2016-02-28 22:37:51 [DEBUG] [eatsslim-01201602282237505269fb9ff8dc09c3d10694ba0ecf71bc69c466fb] 	05
2016-02-28 22:37:51 [DEBUG] [eatsslim-01201602282237505269fb9ff8dc09c3d10694ba0ecf71bc69c466fb] LGD_RESPMSG = 
2016-02-28 22:37:51 [DEBUG] [eatsslim-01201602282237505269fb9ff8dc09c3d10694ba0ecf71bc69c466fb] 	결제성공
2016-02-28 22:37:51 [DEBUG] [eatsslim-01201602282237505269fb9ff8dc09c3d10694ba0ecf71bc69c466fb] LGD_PAYDATE = 
2016-02-28 22:37:51 [DEBUG] [eatsslim-01201602282237505269fb9ff8dc09c3d10694ba0ecf71bc69c466fb] 	20160228223751
2016-02-28 22:37:51 [DEBUG] [eatsslim-01201602282237505269fb9ff8dc09c3d10694ba0ecf71bc69c466fb] LGD_PRODUCTINFO = 
2016-02-28 22:37:51 [DEBUG] [eatsslim-01201602282237505269fb9ff8dc09c3d10694ba0ecf71bc69c466fb] 	퀴진+미니밀1개
2016-02-28 22:37:51 [DEBUG] [eatsslim-01201602282237505269fb9ff8dc09c3d10694ba0ecf71bc69c466fb] LGD_PRODUCTCODE = 
2016-02-28 22:37:51 [DEBUG] [eatsslim-01201602282237505269fb9ff8dc09c3d10694ba0ecf71bc69c466fb] 	
2016-02-28 22:37:51 [DEBUG] [eatsslim-01201602282237505269fb9ff8dc09c3d10694ba0ecf71bc69c466fb] LGD_HASHDATA = 
2016-02-28 22:37:51 [DEBUG] [eatsslim-01201602282237505269fb9ff8dc09c3d10694ba0ecf71bc69c466fb] 	95d242461c86c0b233a66f529141e5b7
2016-02-28 22:37:51 [DEBUG] [eatsslim-01201602282237505269fb9ff8dc09c3d10694ba0ecf71bc69c466fb] LGD_CARDGUBUN1 = 
2016-02-28 22:37:51 [DEBUG] [eatsslim-01201602282237505269fb9ff8dc09c3d10694ba0ecf71bc69c466fb] 	0
2016-02-28 22:37:51 [DEBUG] [eatsslim-01201602282237505269fb9ff8dc09c3d10694ba0ecf71bc69c466fb] LGD_BUYERADDRESS = 
2016-02-28 22:37:51 [DEBUG] [eatsslim-01201602282237505269fb9ff8dc09c3d10694ba0ecf71bc69c466fb] 	
2016-02-28 22:37:51 [DEBUG] [eatsslim-01201602282237505269fb9ff8dc09c3d10694ba0ecf71bc69c466fb] LGD_CARDGUBUN2 = 
2016-02-28 22:37:51 [DEBUG] [eatsslim-01201602282237505269fb9ff8dc09c3d10694ba0ecf71bc69c466fb] 	0
2016-02-28 22:37:51 [DEBUG] [eatsslim-01201602282237505269fb9ff8dc09c3d10694ba0ecf71bc69c466fb] LGD_RESPCODE = 
2016-02-28 22:37:51 [DEBUG] [eatsslim-01201602282237505269fb9ff8dc09c3d10694ba0ecf71bc69c466fb] 	0000
2016-02-28 22:37:51 [DEBUG] [eatsslim-01201602282237505269fb9ff8dc09c3d10694ba0ecf71bc69c466fb] LGD_RECEIVER = 
2016-02-28 22:37:51 [DEBUG] [eatsslim-01201602282237505269fb9ff8dc09c3d10694ba0ecf71bc69c466fb] 	
2016-02-28 22:37:51 [DEBUG] [eatsslim-01201602282237505269fb9ff8dc09c3d10694ba0ecf71bc69c466fb] LGD_BUYEREMAIL = 
2016-02-28 22:37:51 [DEBUG] [eatsslim-01201602282237505269fb9ff8dc09c3d10694ba0ecf71bc69c466fb] 	beatus1024@hanmir.com
2016-02-28 22:37:51 [DEBUG] [eatsslim-01201602282237505269fb9ff8dc09c3d10694ba0ecf71bc69c466fb] LGD_DISCOUNTUSEAMOUNT = 
2016-02-28 22:37:51 [DEBUG] [eatsslim-01201602282237505269fb9ff8dc09c3d10694ba0ecf71bc69c466fb] 	0
2016-02-28 22:37:51 [INFO ] [eatsslim-01201602282237505269fb9ff8dc09c3d10694ba0ecf71bc69c466fb] m_szResCode = 0000
2016-02-28 22:37:51 [INFO ] [eatsslim-01201602282237505269fb9ff8dc09c3d10694ba0ecf71bc69c466fb] m_szResMsg = 결제성공
